Open5GS daemon v2.7.0-96-g322719f

07/31 15:27:43.391: [app] INFO: Configuration: '/open5gs/install/etc/open5gs/ausf.yaml' (../lib/app/ogs-init.c:130)
07/31 15:27:43.391: [app] INFO: File Logging: '/open5gs/install/var/log/open5gs/ausf.log' (../lib/app/ogs-init.c:133)
07/31 15:27:43.393: [sbi] INFO: NF Service [nausf-auth] (../lib/sbi/context.c:1812)
07/31 15:27:43.397: [sbi] INFO: nghttp2_server() [http://172.22.0.11]:7777 (../lib/sbi/nghttp2-server.c:414)
07/31 15:27:43.398: [app] INFO: AUSF initialize...done (../src/ausf/app.c:31)
07/31 15:27:43.572: [sbi] INFO: [aace6de8-4f40-41ef-9f32-59901a71f122] NF registered [Heartbeat:10s] (../lib/sbi/nf-sm.c:221)
07/31 15:27:43.574: [sbi] INFO: [aae9d40c-4f40-41ef-aee1-3d63cb854ba0] Subscription created until 2024-08-01T15:27:43.572697+02:00 [duration:86400,validity:86399.997870,patch:43199.998935] (../lib/sbi/nnrf-handler.c:710)
07/31 15:27:43.574: [sbi] INFO: [aae9d876-4f40-41ef-aee1-3d63cb854ba0] Subscription created until 2024-08-01T15:27:43.572804+02:00 [duration:86400,validity:86399.997899,patch:43199.998949] (../lib/sbi/nnrf-handler.c:710)
Open5GS daemon v2.7.0-96-g322719f

07/31 15:30:23.891: [app] INFO: Configuration: '/open5gs/install/etc/open5gs/ausf.yaml' (../lib/app/ogs-init.c:130)
07/31 15:30:23.891: [app] INFO: File Logging: '/open5gs/install/var/log/open5gs/ausf.log' (../lib/app/ogs-init.c:133)
07/31 15:30:23.893: [sbi] INFO: NF Service [nausf-auth] (../lib/sbi/context.c:1812)
07/31 15:30:23.894: [sbi] INFO: nghttp2_server() [http://172.22.0.11]:7777 (../lib/sbi/nghttp2-server.c:414)
07/31 15:30:23.894: [app] INFO: AUSF initialize...done (../src/ausf/app.c:31)
07/31 15:30:24.303: [sbi] INFO: [0a78e30e-4f41-41ef-8055-1bee418836fe] NF registered [Heartbeat:10s] (../lib/sbi/nf-sm.c:221)
07/31 15:30:24.304: [sbi] INFO: [0ab77e98-4f41-41ef-aeb7-b9253d8cf3e9] Subscription created until 2024-08-01T15:30:24.304096+02:00 [duration:86400,validity:86399.999565,patch:43199.999782] (../lib/sbi/nnrf-handler.c:710)
07/31 15:30:24.304: [sbi] INFO: [0ab78028-4f41-41ef-aeb7-b9253d8cf3e9] Subscription created until 2024-08-01T15:30:24.304136+02:00 [duration:86400,validity:86399.999502,patch:43199.999751] (../lib/sbi/nnrf-handler.c:710)
Open5GS daemon v2.7.0-96-g322719f

08/01 11:51:58.248: [app] INFO: Configuration: '/open5gs/install/etc/open5gs/ausf.yaml' (../lib/app/ogs-init.c:130)
08/01 11:51:58.248: [app] INFO: File Logging: '/open5gs/install/var/log/open5gs/ausf.log' (../lib/app/ogs-init.c:133)
08/01 11:51:58.250: [sbi] INFO: NF Service [nausf-auth] (../lib/sbi/context.c:1812)
08/01 11:51:58.251: [sbi] INFO: nghttp2_server() [http://172.22.0.11]:7777 (../lib/sbi/nghttp2-server.c:414)
08/01 11:51:58.253: [app] INFO: AUSF initialize...done (../src/ausf/app.c:31)
08/01 11:51:58.254: [sbi] INFO: [b1503858-4feb-41ef-9a71-43e820b1bf29] NF registered [Heartbeat:10s] (../lib/sbi/nf-sm.c:221)
08/01 11:51:58.255: [sbi] INFO: [b150d844-4feb-41ef-a2b0-d509102e8571] Subscription created until 2024-08-02T11:51:58.254923+02:00 [duration:86400,validity:86399.999429,patch:43199.999714] (../lib/sbi/nnrf-handler.c:710)
08/01 11:51:58.255: [sbi] INFO: [b150dbbe-4feb-41ef-a2b0-d509102e8571] Subscription created until 2024-08-02T11:51:58.255000+02:00 [duration:86400,validity:86399.999471,patch:43199.999735] (../lib/sbi/nnrf-handler.c:710)
08/01 11:51:58.309: [sbi] INFO: (NRF-notify) NF registered [b158dbac-4feb-41ef-a922-e3e27d9d1e95:1] (../lib/sbi/nnrf-handler.c:926)
08/01 11:51:58.309: [sbi] INFO: [UDM] (NRF-notify) NF Profile updated [b158dbac-4feb-41ef-a922-e3e27d9d1e95:1] (../lib/sbi/nnrf-handler.c:940)
Open5GS daemon v2.7.0-96-g322719f

08/01 11:54:02.765: [app] INFO: Configuration: '/open5gs/install/etc/open5gs/ausf.yaml' (../lib/app/ogs-init.c:130)
08/01 11:54:02.765: [app] INFO: File Logging: '/open5gs/install/var/log/open5gs/ausf.log' (../lib/app/ogs-init.c:133)
08/01 11:54:02.767: [sbi] INFO: NF Service [nausf-auth] (../lib/sbi/context.c:1812)
08/01 11:54:02.768: [sbi] INFO: nghttp2_server() [http://172.22.0.11]:7777 (../lib/sbi/nghttp2-server.c:414)
08/01 11:54:02.768: [app] INFO: AUSF initialize...done (../src/ausf/app.c:31)
08/01 11:54:02.774: [sbi] INFO: [fb87fe24-4feb-41ef-8fe6-6f34a597b005] NF registered [Heartbeat:10s] (../lib/sbi/nf-sm.c:221)
08/01 11:54:02.776: [sbi] INFO: [fb89081e-4feb-41ef-bdaa-3db15b77f20a] Subscription created until 2024-08-02T11:54:02.774545+02:00 [duration:86400,validity:86399.997887,patch:43199.998943] (../lib/sbi/nnrf-handler.c:710)
08/01 11:54:02.776: [sbi] INFO: [fb8910e8-4feb-41ef-bdaa-3db15b77f20a] Subscription created until 2024-08-02T11:54:02.774762+02:00 [duration:86400,validity:86399.998034,patch:43199.999017] (../lib/sbi/nnrf-handler.c:710)
Open5GS daemon v2.7.0-96-g322719f

08/01 12:07:57.722: [app] INFO: Configuration: '/open5gs/install/etc/open5gs/ausf.yaml' (../lib/app/ogs-init.c:130)
08/01 12:07:57.722: [app] INFO: File Logging: '/open5gs/install/var/log/open5gs/ausf.log' (../lib/app/ogs-init.c:133)
08/01 12:07:57.724: [sbi] INFO: NF Service [nausf-auth] (../lib/sbi/context.c:1812)
08/01 12:07:57.725: [sbi] INFO: nghttp2_server() [http://172.22.0.11]:7777 (../lib/sbi/nghttp2-server.c:414)
08/01 12:07:57.725: [app] INFO: AUSF initialize...done (../src/ausf/app.c:31)
08/01 12:07:57.905: [sbi] INFO: [ed3452c6-4fed-41ef-9a74-25d62e1ceb63] NF registered [Heartbeat:10s] (../lib/sbi/nf-sm.c:221)
08/01 12:07:57.909: [sbi] INFO: [ed505732-4fed-41ef-9b01-2dfde5eecec1] Subscription created until 2024-08-02T12:07:57.908369+02:00 [duration:86400,validity:86399.998568,patch:43199.999284] (../lib/sbi/nnrf-handler.c:710)
08/01 12:07:57.909: [sbi] INFO: [ed505d0e-4fed-41ef-9b01-2dfde5eecec1] Subscription created until 2024-08-02T12:07:57.908510+02:00 [duration:86400,validity:86399.998654,patch:43199.999327] (../lib/sbi/nnrf-handler.c:710)
Open5GS daemon v2.7.0-96-g322719f

08/01 13:43:07.009: [app] INFO: Configuration: '/open5gs/install/etc/open5gs/ausf.yaml' (../lib/app/ogs-init.c:130)
08/01 13:43:07.009: [app] INFO: File Logging: '/open5gs/install/var/log/open5gs/ausf.log' (../lib/app/ogs-init.c:133)
08/01 13:43:07.011: [sbi] INFO: NF Service [nausf-auth] (../lib/sbi/context.c:1812)
08/01 13:43:07.012: [sbi] INFO: nghttp2_server() [http://172.22.0.11]:7777 (../lib/sbi/nghttp2-server.c:414)
08/01 13:43:07.012: [app] INFO: AUSF initialize...done (../src/ausf/app.c:31)
08/01 13:43:07.150: [sbi] INFO: [383461d2-4ffb-41ef-b2cf-8bbfb06df356] NF registered [Heartbeat:10s] (../lib/sbi/nf-sm.c:221)
08/01 13:43:07.151: [sbi] INFO: [3849ae16-4ffb-41ef-83e6-619507fd7e8a] Subscription created until 2024-08-02T13:43:07.151315+02:00 [duration:86400,validity:86399.999328,patch:43199.999664] (../lib/sbi/nnrf-handler.c:710)
08/01 13:43:07.152: [sbi] INFO: [3849b80c-4ffb-41ef-83e6-619507fd7e8a] Subscription created until 2024-08-02T13:43:07.151571+02:00 [duration:86400,validity:86399.999514,patch:43199.999757] (../lib/sbi/nnrf-handler.c:710)
08/01 13:44:23.391: [sbi] INFO: [UDM] (SCP-discover) NF registered [38348284-4ffb-41ef-bbea-7d9a3960cbbf:1] (../lib/sbi/path.c:211)
Open5GS daemon v2.7.0-96-g322719f

08/01 14:08:13.322: [app] INFO: Configuration: '/open5gs/install/etc/open5gs/ausf.yaml' (../lib/app/ogs-init.c:130)
08/01 14:08:13.322: [app] INFO: File Logging: '/open5gs/install/var/log/open5gs/ausf.log' (../lib/app/ogs-init.c:133)
08/01 14:08:13.324: [sbi] INFO: NF Service [nausf-auth] (../lib/sbi/context.c:1812)
08/01 14:08:13.325: [sbi] INFO: nghttp2_server() [http://172.22.0.11]:7777 (../lib/sbi/nghttp2-server.c:414)
08/01 14:08:13.326: [app] INFO: AUSF initialize...done (../src/ausf/app.c:31)
08/01 14:08:13.328: [sbi] INFO: [ba0980ae-4ffe-41ef-8fb7-cbac9413d04b] NF registered [Heartbeat:10s] (../lib/sbi/nf-sm.c:221)
08/01 14:08:13.330: [sbi] INFO: [ba0a37b0-4ffe-41ef-a3c5-274d77de64b9] Subscription created until 2024-08-02T14:08:13.329413+02:00 [duration:86400,validity:86399.999421,patch:43199.999710] (../lib/sbi/nnrf-handler.c:710)
08/01 14:08:13.330: [sbi] INFO: [ba0a3d1e-4ffe-41ef-a3c5-274d77de64b9] Subscription created until 2024-08-02T14:08:13.329544+02:00 [duration:86400,validity:86399.999517,patch:43199.999758] (../lib/sbi/nnrf-handler.c:710)
Open5GS daemon v2.7.0-96-g322719f

08/01 14:12:30.728: [app] INFO: Configuration: '/open5gs/install/etc/open5gs/ausf.yaml' (../lib/app/ogs-init.c:130)
08/01 14:12:30.728: [app] INFO: File Logging: '/open5gs/install/var/log/open5gs/ausf.log' (../lib/app/ogs-init.c:133)
08/01 14:12:30.730: [sbi] INFO: NF Service [nausf-auth] (../lib/sbi/context.c:1812)
08/01 14:12:30.730: [sbi] INFO: nghttp2_server() [http://172.22.0.11]:7777 (../lib/sbi/nghttp2-server.c:414)
08/01 14:12:30.731: [app] INFO: AUSF initialize...done (../src/ausf/app.c:31)
08/01 14:12:30.731: [sbi] INFO: [53768534-4fff-41ef-8a1e-351bd71a26de] NF registered [Heartbeat:10s] (../lib/sbi/nf-sm.c:221)
08/01 14:12:30.733: [sbi] INFO: [5376d5ca-4fff-41ef-8db9-0ff38ea72563] Subscription created until 2024-08-02T14:12:30.732652+02:00 [duration:86400,validity:86399.999593,patch:43199.999796] (../lib/sbi/nnrf-handler.c:710)
08/01 14:12:30.733: [sbi] INFO: [5376ddc2-4fff-41ef-8db9-0ff38ea72563] Subscription created until 2024-08-02T14:12:30.732851+02:00 [duration:86400,validity:86399.999538,patch:43199.999769] (../lib/sbi/nnrf-handler.c:710)
08/01 14:14:10.507: [sbi] INFO: [UDM] (SCP-discover) NF registered [5359cdb8-4fff-41ef-9ea7-7bb356558a86:1] (../lib/sbi/path.c:211)
Open5GS daemon v2.7.0-96-g322719f

08/01 14:33:31.441: [app] INFO: Configuration: '/open5gs/install/etc/open5gs/ausf.yaml' (../lib/app/ogs-init.c:130)
08/01 14:33:31.441: [app] INFO: File Logging: '/open5gs/install/var/log/open5gs/ausf.log' (../lib/app/ogs-init.c:133)
08/01 14:33:31.443: [sbi] INFO: NF Service [nausf-auth] (../lib/sbi/context.c:1812)
08/01 14:33:31.444: [sbi] INFO: nghttp2_server() [http://172.22.0.11]:7777 (../lib/sbi/nghttp2-server.c:414)
08/01 14:33:31.444: [app] INFO: AUSF initialize...done (../src/ausf/app.c:31)
08/01 14:33:31.445: [sbi] INFO: [42e81414-5002-41ef-9b44-d1981a6e7609] NF registered [Heartbeat:10s] (../lib/sbi/nf-sm.c:221)
08/01 14:33:31.446: [sbi] INFO: [42e8616c-5002-41ef-8747-03ee6aaa7986] Subscription created until 2024-08-02T14:33:31.445703+02:00 [duration:86400,validity:86399.999635,patch:43199.999817] (../lib/sbi/nnrf-handler.c:710)
08/01 14:33:31.446: [sbi] INFO: [42e8661c-5002-41ef-8747-03ee6aaa7986] Subscription created until 2024-08-02T14:33:31.445820+02:00 [duration:86400,validity:86399.999682,patch:43199.999841] (../lib/sbi/nnrf-handler.c:710)
08/01 14:34:20.034: [sbi] INFO: [UDM] (SCP-discover) NF registered [42c37b68-5002-41ef-a742-8b41ab34a90c:1] (../lib/sbi/path.c:211)
Open5GS daemon v2.7.0-96-g322719f

08/01 14:48:34.054: [app] INFO: Configuration: '/open5gs/install/etc/open5gs/ausf.yaml' (../lib/app/ogs-init.c:130)
08/01 14:48:34.054: [app] INFO: File Logging: '/open5gs/install/var/log/open5gs/ausf.log' (../lib/app/ogs-init.c:133)
08/01 14:48:34.056: [sbi] INFO: NF Service [nausf-auth] (../lib/sbi/context.c:1812)
08/01 14:48:34.056: [sbi] INFO: nghttp2_server() [http://172.22.0.11]:7777 (../lib/sbi/nghttp2-server.c:414)
08/01 14:48:34.056: [app] INFO: AUSF initialize...done (../src/ausf/app.c:31)
08/01 14:48:34.126: [sbi] INFO: [5ce7d122-5004-41ef-a1a5-4167c1f1a42a] NF registered [Heartbeat:10s] (../lib/sbi/nf-sm.c:221)
08/01 14:48:34.127: [sbi] INFO: [5cf2a408-5004-41ef-9dea-7faa7e404d1c] Subscription created until 2024-08-02T14:48:34.127160+02:00 [duration:86400,validity:86399.999425,patch:43199.999712] (../lib/sbi/nnrf-handler.c:710)
08/01 14:48:34.127: [sbi] INFO: [5cf2ac3c-5004-41ef-9dea-7faa7e404d1c] Subscription created until 2024-08-02T14:48:34.127370+02:00 [duration:86400,validity:86399.999573,patch:43199.999786] (../lib/sbi/nnrf-handler.c:710)
08/01 14:48:34.215: [sbi] INFO: (NRF-notify) NF registered [5cffb512-5004-41ef-9b2d-0925216e87e8:1] (../lib/sbi/nnrf-handler.c:926)
08/01 14:48:34.215: [sbi] INFO: [UDM] (NRF-notify) NF Profile updated [5cffb512-5004-41ef-9b2d-0925216e87e8:1] (../lib/sbi/nnrf-handler.c:940)
Open5GS daemon v2.7.0-96-g322719f

08/01 15:05:02.283: [app] INFO: Configuration: '/open5gs/install/etc/open5gs/ausf.yaml' (../lib/app/ogs-init.c:130)
08/01 15:05:02.283: [app] INFO: File Logging: '/open5gs/install/var/log/open5gs/ausf.log' (../lib/app/ogs-init.c:133)
08/01 15:05:02.288: [sbi] INFO: NF Service [nausf-auth] (../lib/sbi/context.c:1812)
08/01 15:05:02.288: [sbi] INFO: nghttp2_server() [http://172.22.0.11]:7777 (../lib/sbi/nghttp2-server.c:414)
08/01 15:05:02.288: [app] INFO: AUSF initialize...done (../src/ausf/app.c:31)
08/01 15:05:02.291: [sbi] INFO: [a9f0038e-5006-41ef-8f62-b378986c3672] NF registered [Heartbeat:10s] (../lib/sbi/nf-sm.c:221)
08/01 15:05:02.292: [sbi] INFO: [a9f0abea-5006-41ef-bab9-f14983245229] Subscription created until 2024-08-02T15:05:02.292279+02:00 [duration:86400,validity:86399.999488,patch:43199.999744] (../lib/sbi/nnrf-handler.c:710)
08/01 15:05:02.292: [sbi] INFO: [a9f0b1bc-5006-41ef-bab9-f14983245229] Subscription created until 2024-08-02T15:05:02.292427+02:00 [duration:86400,validity:86399.999602,patch:43199.999801] (../lib/sbi/nnrf-handler.c:710)
08/01 15:05:02.395: [sbi] INFO: (NRF-notify) NF registered [aa001b52-5006-41ef-8a07-1732e633d3e4:1] (../lib/sbi/nnrf-handler.c:926)
08/01 15:05:02.395: [sbi] INFO: [UDM] (NRF-notify) NF Profile updated [aa001b52-5006-41ef-8a07-1732e633d3e4:1] (../lib/sbi/nnrf-handler.c:940)
Open5GS daemon v2.7.0-96-g322719f

08/01 15:06:47.983: [app] INFO: Configuration: '/open5gs/install/etc/open5gs/ausf.yaml' (../lib/app/ogs-init.c:130)
08/01 15:06:47.983: [app] INFO: File Logging: '/open5gs/install/var/log/open5gs/ausf.log' (../lib/app/ogs-init.c:133)
08/01 15:06:47.985: [sbi] INFO: NF Service [nausf-auth] (../lib/sbi/context.c:1812)
08/01 15:06:47.985: [sbi] INFO: nghttp2_server() [http://172.22.0.11]:7777 (../lib/sbi/nghttp2-server.c:414)
08/01 15:06:47.986: [app] INFO: AUSF initialize...done (../src/ausf/app.c:31)
08/01 15:06:47.987: [sbi] INFO: [e8f03392-5006-41ef-b07b-21a058bbe751] NF registered [Heartbeat:10s] (../lib/sbi/nf-sm.c:221)
08/01 15:06:47.988: [sbi] INFO: [e8f088ec-5006-41ef-8d1d-79b011cb8cee] Subscription created until 2024-08-02T15:06:47.987847+02:00 [duration:86400,validity:86399.999548,patch:43199.999774] (../lib/sbi/nnrf-handler.c:710)
08/01 15:06:47.988: [sbi] INFO: [e8f08bb2-5006-41ef-8d1d-79b011cb8cee] Subscription created until 2024-08-02T15:06:47.987914+02:00 [duration:86400,validity:86399.999552,patch:43199.999776] (../lib/sbi/nnrf-handler.c:710)
Open5GS daemon v2.7.0-96-g322719f

08/01 15:08:16.833: [app] INFO: Configuration: '/open5gs/install/etc/open5gs/ausf.yaml' (../lib/app/ogs-init.c:130)
08/01 15:08:16.833: [app] INFO: File Logging: '/open5gs/install/var/log/open5gs/ausf.log' (../lib/app/ogs-init.c:133)
08/01 15:08:16.835: [sbi] INFO: NF Service [nausf-auth] (../lib/sbi/context.c:1812)
08/01 15:08:16.835: [sbi] INFO: nghttp2_server() [http://172.22.0.11]:7777 (../lib/sbi/nghttp2-server.c:414)
08/01 15:08:16.835: [app] INFO: AUSF initialize...done (../src/ausf/app.c:31)
08/01 15:08:16.836: [sbi] INFO: [1de5956a-5007-41ef-af1e-d30848076c95] NF registered [Heartbeat:10s] (../lib/sbi/nf-sm.c:221)
08/01 15:08:16.837: [sbi] INFO: [1de5e02e-5007-41ef-8ce1-0d322c0b478a] Subscription created until 2024-08-02T15:08:16.837236+02:00 [duration:86400,validity:86399.999718,patch:43199.999859] (../lib/sbi/nnrf-handler.c:710)
08/01 15:08:16.837: [sbi] INFO: [1de5e4c0-5007-41ef-8ce1-0d322c0b478a] Subscription created until 2024-08-02T15:08:16.837349+02:00 [duration:86400,validity:86399.999695,patch:43199.999847] (../lib/sbi/nnrf-handler.c:710)
08/01 15:08:16.841: [sbi] INFO: (NRF-notify) NF registered [1de640aa-5007-41ef-8a76-25f9debf99ec:1] (../lib/sbi/nnrf-handler.c:926)
08/01 15:08:16.841: [sbi] INFO: [UDM] (NRF-notify) NF Profile updated [1de640aa-5007-41ef-8a76-25f9debf99ec:1] (../lib/sbi/nnrf-handler.c:940)
Open5GS daemon v2.7.0-96-g322719f

08/01 16:23:01.548: [app] INFO: Configuration: '/open5gs/install/etc/open5gs/ausf.yaml' (../lib/app/ogs-init.c:130)
08/01 16:23:01.548: [app] INFO: File Logging: '/open5gs/install/var/log/open5gs/ausf.log' (../lib/app/ogs-init.c:133)
08/01 16:23:01.551: [sbi] INFO: NF Service [nausf-auth] (../lib/sbi/context.c:1812)
08/01 16:23:01.551: [sbi] INFO: nghttp2_server() [http://172.22.0.11]:7777 (../lib/sbi/nghttp2-server.c:414)
08/01 16:23:01.551: [app] INFO: AUSF initialize...done (../src/ausf/app.c:31)
08/01 16:23:01.553: [sbi] INFO: [8efee044-5011-41ef-a5ff-d72facf5fb52] NF registered [Heartbeat:10s] (../lib/sbi/nf-sm.c:221)
08/01 16:23:01.553: [sbi] INFO: [8eff4020-5011-41ef-a125-450c5d9aaa27] Subscription created until 2024-08-02T16:23:01.553369+02:00 [duration:86400,validity:86399.999715,patch:43199.999857] (../lib/sbi/nnrf-handler.c:710)
08/01 16:23:01.553: [sbi] INFO: [8eff4502-5011-41ef-a125-450c5d9aaa27] Subscription created until 2024-08-02T16:23:01.553490+02:00 [duration:86400,validity:86399.999725,patch:43199.999862] (../lib/sbi/nnrf-handler.c:710)
08/01 16:23:01.574: [sbi] INFO: (NRF-notify) NF registered [8f0220ba-5011-41ef-9f29-295136c79608:1] (../lib/sbi/nnrf-handler.c:926)
08/01 16:23:01.574: [sbi] INFO: [UDM] (NRF-notify) NF Profile updated [8f0220ba-5011-41ef-9f29-295136c79608:1] (../lib/sbi/nnrf-handler.c:940)
Open5GS daemon v2.7.0-96-g322719f

08/01 16:42:06.201: [app] INFO: Configuration: '/open5gs/install/etc/open5gs/ausf.yaml' (../lib/app/ogs-init.c:130)
08/01 16:42:06.201: [app] INFO: File Logging: '/open5gs/install/var/log/open5gs/ausf.log' (../lib/app/ogs-init.c:133)
08/01 16:42:06.203: [sbi] INFO: NF Service [nausf-auth] (../lib/sbi/context.c:1812)
08/01 16:42:06.203: [sbi] INFO: nghttp2_server() [http://172.22.0.11]:7777 (../lib/sbi/nghttp2-server.c:414)
08/01 16:42:06.204: [app] INFO: AUSF initialize...done (../src/ausf/app.c:31)
08/01 16:42:06.205: [sbi] INFO: [3943047a-5014-41ef-ba88-798d40a17f92] NF registered [Heartbeat:10s] (../lib/sbi/nf-sm.c:221)
08/01 16:42:06.206: [sbi] INFO: [39435ae2-5014-41ef-a34c-0d0843cb02a9] Subscription created until 2024-08-02T16:42:06.205831+02:00 [duration:86400,validity:86399.999607,patch:43199.999803] (../lib/sbi/nnrf-handler.c:710)
08/01 16:42:06.206: [sbi] INFO: [39436014-5014-41ef-a34c-0d0843cb02a9] Subscription created until 2024-08-02T16:42:06.205959+02:00 [duration:86400,validity:86399.999674,patch:43199.999837] (../lib/sbi/nnrf-handler.c:710)
Open5GS daemon v2.7.0-96-g322719f

08/01 17:10:03.036: [app] INFO: Configuration: '/open5gs/install/etc/open5gs/ausf.yaml' (../lib/app/ogs-init.c:130)
08/01 17:10:03.036: [app] INFO: File Logging: '/open5gs/install/var/log/open5gs/ausf.log' (../lib/app/ogs-init.c:133)
08/01 17:10:03.038: [sbi] INFO: NF Service [nausf-auth] (../lib/sbi/context.c:1812)
08/01 17:10:03.039: [sbi] INFO: nghttp2_server() [http://172.22.0.11]:7777 (../lib/sbi/nghttp2-server.c:414)
08/01 17:10:03.039: [app] INFO: AUSF initialize...done (../src/ausf/app.c:31)
08/01 17:10:03.041: [sbi] INFO: [20bbc1f4-5018-41ef-804f-43adc4c7fcc8] NF registered [Heartbeat:10s] (../lib/sbi/nf-sm.c:221)
08/01 17:10:03.041: [sbi] INFO: [20bc2c02-5018-41ef-81e0-f793eb9c9c39] Subscription created until 2024-08-02T17:10:03.041496+02:00 [duration:86400,validity:86399.999704,patch:43199.999852] (../lib/sbi/nnrf-handler.c:710)
08/01 17:10:03.041: [sbi] INFO: [20bc30bc-5018-41ef-81e0-f793eb9c9c39] Subscription created until 2024-08-02T17:10:03.041612+02:00 [duration:86400,validity:86399.999716,patch:43199.999858] (../lib/sbi/nnrf-handler.c:710)
Open5GS daemon v2.7.0-96-g322719f

08/01 17:55:17.087: [app] INFO: Configuration: '/open5gs/install/etc/open5gs/ausf.yaml' (../lib/app/ogs-init.c:130)
08/01 17:55:17.087: [app] INFO: File Logging: '/open5gs/install/var/log/open5gs/ausf.log' (../lib/app/ogs-init.c:133)
08/01 17:55:17.089: [sbi] INFO: NF Service [nausf-auth] (../lib/sbi/context.c:1812)
08/01 17:55:17.089: [sbi] INFO: nghttp2_server() [http://172.22.0.11]:7777 (../lib/sbi/nghttp2-server.c:414)
08/01 17:55:17.090: [app] INFO: AUSF initialize...done (../src/ausf/app.c:31)
08/01 17:55:17.091: [sbi] INFO: [726f074e-501e-41ef-8d95-f7e92576d2ed] NF registered [Heartbeat:10s] (../lib/sbi/nf-sm.c:221)
08/01 17:55:17.099: [sbi] INFO: [726f7832-501e-41ef-9c62-4b6bf9a17ccd] Subscription created until 2024-08-02T17:55:17.092370+02:00 [duration:86400,validity:86399.993025,patch:43199.996512] (../lib/sbi/nnrf-handler.c:710)
08/01 17:55:17.099: [sbi] INFO: [726f835e-501e-41ef-9c62-4b6bf9a17ccd] Subscription created until 2024-08-02T17:55:17.092651+02:00 [duration:86400,validity:86399.993261,patch:43199.996630] (../lib/sbi/nnrf-handler.c:710)
Open5GS daemon v2.7.0-96-g322719f

08/01 18:11:31.293: [app] INFO: Configuration: '/open5gs/install/etc/open5gs/ausf.yaml' (../lib/app/ogs-init.c:130)
08/01 18:11:31.293: [app] INFO: File Logging: '/open5gs/install/var/log/open5gs/ausf.log' (../lib/app/ogs-init.c:133)
08/01 18:11:31.295: [sbi] INFO: NF Service [nausf-auth] (../lib/sbi/context.c:1812)
08/01 18:11:31.295: [sbi] INFO: nghttp2_server() [http://172.22.0.11]:7777 (../lib/sbi/nghttp2-server.c:414)
08/01 18:11:31.295: [app] INFO: AUSF initialize...done (../src/ausf/app.c:31)
08/01 18:11:31.698: [sbi] INFO: [b71b03be-5020-41ef-b32a-c189f415630f] NF registered [Heartbeat:10s] (../lib/sbi/nf-sm.c:221)
08/01 18:11:31.702: [sbi] INFO: [b7590f56-5020-41ef-b714-c194734f11da] Subscription created until 2024-08-02T18:11:31.701755+02:00 [duration:86400,validity:86399.999345,patch:43199.999672] (../lib/sbi/nnrf-handler.c:710)
08/01 18:11:31.702: [sbi] INFO: [b75912a8-5020-41ef-b714-c194734f11da] Subscription created until 2024-08-02T18:11:31.701832+02:00 [duration:86400,validity:86399.999362,patch:43199.999681] (../lib/sbi/nnrf-handler.c:710)
08/01 18:11:31.783: [sbi] INFO: (NRF-notify) NF registered [b76511f2-5020-41ef-86b5-41ca2cd25158:1] (../lib/sbi/nnrf-handler.c:926)
08/01 18:11:31.783: [sbi] INFO: [UDM] (NRF-notify) NF Profile updated [b76511f2-5020-41ef-86b5-41ca2cd25158:1] (../lib/sbi/nnrf-handler.c:940)
Open5GS daemon v2.7.0-96-g322719f

08/01 18:15:56.563: [app] INFO: Configuration: '/open5gs/install/etc/open5gs/ausf.yaml' (../lib/app/ogs-init.c:130)
08/01 18:15:56.563: [app] INFO: File Logging: '/open5gs/install/var/log/open5gs/ausf.log' (../lib/app/ogs-init.c:133)
08/01 18:15:56.565: [sbi] INFO: NF Service [nausf-auth] (../lib/sbi/context.c:1812)
08/01 18:15:56.565: [sbi] INFO: nghttp2_server() [http://172.22.0.11]:7777 (../lib/sbi/nghttp2-server.c:414)
08/01 18:15:56.567: [app] INFO: AUSF initialize...done (../src/ausf/app.c:31)
08/01 18:15:56.687: [sbi] INFO: [55380b82-5021-41ef-94d2-3fff62e57bd7] NF registered [Heartbeat:10s] (../lib/sbi/nf-sm.c:221)
08/01 18:15:56.689: [sbi] INFO: [554ac290-5021-41ef-afdb-a964773d35c0] Subscription created until 2024-08-02T18:15:56.688050+02:00 [duration:86400,validity:86399.998942,patch:43199.999471] (../lib/sbi/nnrf-handler.c:710)
08/01 18:15:56.689: [sbi] INFO: [554ac77c-5021-41ef-afdb-a964773d35c0] Subscription created until 2024-08-02T18:15:56.688171+02:00 [duration:86400,validity:86399.999028,patch:43199.999514] (../lib/sbi/nnrf-handler.c:710)
08/01 18:17:02.564: [sbi] INFO: [UDM] (SCP-discover) NF registered [5504d370-5021-41ef-8107-b3d64a82ee36:1] (../lib/sbi/path.c:211)
Open5GS daemon v2.7.0-96-g322719f

08/01 18:21:09.200: [app] INFO: Configuration: '/open5gs/install/etc/open5gs/ausf.yaml' (../lib/app/ogs-init.c:130)
08/01 18:21:09.200: [app] INFO: File Logging: '/open5gs/install/var/log/open5gs/ausf.log' (../lib/app/ogs-init.c:133)
08/01 18:21:09.202: [sbi] INFO: NF Service [nausf-auth] (../lib/sbi/context.c:1812)
08/01 18:21:09.202: [sbi] INFO: nghttp2_server() [http://172.22.0.11]:7777 (../lib/sbi/nghttp2-server.c:414)
08/01 18:21:09.202: [app] INFO: AUSF initialize...done (../src/ausf/app.c:31)
08/01 18:21:09.204: [sbi] INFO: [0f90a462-5022-41ef-a780-bd642815dfdb] NF registered [Heartbeat:10s] (../lib/sbi/nf-sm.c:221)
08/01 18:21:09.205: [sbi] INFO: [0f90fe26-5022-41ef-90f6-d9186af56cd6] Subscription created until 2024-08-02T18:21:09.204545+02:00 [duration:86400,validity:86399.999538,patch:43199.999769] (../lib/sbi/nnrf-handler.c:710)
08/01 18:21:09.205: [sbi] INFO: [0f9102cc-5022-41ef-90f6-d9186af56cd6] Subscription created until 2024-08-02T18:21:09.204659+02:00 [duration:86400,validity:86399.999592,patch:43199.999796] (../lib/sbi/nnrf-handler.c:710)
08/01 18:21:09.372: [sbi] INFO: (NRF-notify) NF registered [0fa99800-5022-41ef-b4b0-ed3cb38dc435:1] (../lib/sbi/nnrf-handler.c:926)
08/01 18:21:09.372: [sbi] INFO: [UDM] (NRF-notify) NF Profile updated [0fa99800-5022-41ef-b4b0-ed3cb38dc435:1] (../lib/sbi/nnrf-handler.c:940)
Open5GS daemon v2.7.0-96-g322719f

08/02 13:06:15.398: [app] INFO: Configuration: '/open5gs/install/etc/open5gs/ausf.yaml' (../lib/app/ogs-init.c:130)
08/02 13:06:15.398: [app] INFO: File Logging: '/open5gs/install/var/log/open5gs/ausf.log' (../lib/app/ogs-init.c:133)
08/02 13:06:15.400: [sbi] INFO: NF Service [nausf-auth] (../lib/sbi/context.c:1812)
08/02 13:06:15.400: [sbi] INFO: nghttp2_server() [http://172.22.0.11]:7777 (../lib/sbi/nghttp2-server.c:414)
08/02 13:06:15.400: [app] INFO: AUSF initialize...done (../src/ausf/app.c:31)
08/02 13:06:15.402: [sbi] INFO: [3c6507b0-50bf-41ef-9ccf-cbe9ca612314] NF registered [Heartbeat:10s] (../lib/sbi/nf-sm.c:221)
08/02 13:06:15.402: [sbi] INFO: [3c6558c8-50bf-41ef-8345-91f648a56e7a] Subscription created until 2024-08-03T13:06:15.402531+02:00 [duration:86400,validity:86399.999609,patch:43199.999804] (../lib/sbi/nnrf-handler.c:710)
08/02 13:06:15.408: [sbi] INFO: [3c655dbe-50bf-41ef-8345-91f648a56e7a] Subscription created until 2024-08-03T13:06:15.402649+02:00 [duration:86400,validity:86399.994041,patch:43199.997020] (../lib/sbi/nnrf-handler.c:710)
08/02 13:06:15.551: [sbi] INFO: (NRF-notify) NF registered [3c7bc0c2-50bf-41ef-9c54-e95c1ae1148c:1] (../lib/sbi/nnrf-handler.c:926)
08/02 13:06:15.551: [sbi] INFO: [UDM] (NRF-notify) NF Profile updated [3c7bc0c2-50bf-41ef-9c54-e95c1ae1148c:1] (../lib/sbi/nnrf-handler.c:940)
Open5GS daemon v2.7.0-96-g322719f

08/02 13:09:39.608: [app] INFO: Configuration: '/open5gs/install/etc/open5gs/ausf.yaml' (../lib/app/ogs-init.c:130)
08/02 13:09:39.608: [app] INFO: File Logging: '/open5gs/install/var/log/open5gs/ausf.log' (../lib/app/ogs-init.c:133)
08/02 13:09:39.610: [sbi] INFO: NF Service [nausf-auth] (../lib/sbi/context.c:1812)
08/02 13:09:39.610: [sbi] INFO: nghttp2_server() [http://172.22.0.11]:7777 (../lib/sbi/nghttp2-server.c:414)
08/02 13:09:39.610: [app] INFO: AUSF initialize...done (../src/ausf/app.c:31)
08/02 13:09:40.239: [sbi] INFO: [b61cf900-50bf-41ef-a5c5-07a055e96001] NF registered [Heartbeat:10s] (../lib/sbi/nf-sm.c:221)
08/02 13:09:40.240: [sbi] INFO: [b67d02be-50bf-41ef-a490-59235e8a5b1b] Subscription created until 2024-08-03T13:09:40.239640+02:00 [duration:86400,validity:86399.999418,patch:43199.999709] (../lib/sbi/nnrf-handler.c:710)
08/02 13:09:40.240: [sbi] INFO: [b67d0458-50bf-41ef-a490-59235e8a5b1b] Subscription created until 2024-08-03T13:09:40.239679+02:00 [duration:86400,validity:86399.999360,patch:43199.999680] (../lib/sbi/nnrf-handler.c:710)
Open5GS daemon v2.7.0-96-g322719f

08/02 13:46:21.001: [app] INFO: Configuration: '/open5gs/install/etc/open5gs/ausf.yaml' (../lib/app/ogs-init.c:130)
08/02 13:46:21.001: [app] INFO: File Logging: '/open5gs/install/var/log/open5gs/ausf.log' (../lib/app/ogs-init.c:133)
08/02 13:46:21.003: [sbi] INFO: NF Service [nausf-auth] (../lib/sbi/context.c:1812)
08/02 13:46:21.003: [sbi] INFO: nghttp2_server() [http://172.22.0.11]:7777 (../lib/sbi/nghttp2-server.c:414)
08/02 13:46:21.003: [app] INFO: AUSF initialize...done (../src/ausf/app.c:31)
08/02 13:46:21.005: [sbi] INFO: [d63eddde-50c4-41ef-8f79-77e1efa20f26] NF registered [Heartbeat:10s] (../lib/sbi/nf-sm.c:221)
08/02 13:46:21.006: [sbi] INFO: [d63f3716-50c4-41ef-a803-77004e2a7967] Subscription created until 2024-08-03T13:46:21.005401+02:00 [duration:86400,validity:86399.998913,patch:43199.999456] (../lib/sbi/nnrf-handler.c:710)
08/02 13:46:21.006: [sbi] INFO: [d63f3c48-50c4-41ef-a803-77004e2a7967] Subscription created until 2024-08-03T13:46:21.005529+02:00 [duration:86400,validity:86399.998985,patch:43199.999492] (../lib/sbi/nnrf-handler.c:710)
08/02 13:46:21.133: [sbi] INFO: (NRF-notify) NF registered [d65258dc-50c4-41ef-a2ae-791eb15d6725:1] (../lib/sbi/nnrf-handler.c:926)
08/02 13:46:21.133: [sbi] INFO: [UDM] (NRF-notify) NF Profile updated [d65258dc-50c4-41ef-a2ae-791eb15d6725:1] (../lib/sbi/nnrf-handler.c:940)
Open5GS daemon v2.7.0-96-g322719f

08/03 20:54:33.985: [app] INFO: Configuration: '/open5gs/install/etc/open5gs/ausf.yaml' (../lib/app/ogs-init.c:130)
08/03 20:54:33.985: [app] INFO: File Logging: '/open5gs/install/var/log/open5gs/ausf.log' (../lib/app/ogs-init.c:133)
08/03 20:54:33.987: [sbi] INFO: NF Service [nausf-auth] (../lib/sbi/context.c:1812)
08/03 20:54:33.987: [sbi] INFO: nghttp2_server() [http://172.22.0.11]:7777 (../lib/sbi/nghttp2-server.c:414)
08/03 20:54:33.988: [app] INFO: AUSF initialize...done (../src/ausf/app.c:31)
08/03 20:54:34.063: [sbi] INFO: [d2dee2b4-51c9-41ef-b565-f5d3b59ab94d] NF registered [Heartbeat:10s] (../lib/sbi/nf-sm.c:221)
08/03 20:54:34.071: [sbi] INFO: [d2eb4fb8-51c9-41ef-a013-87db51d04424] Subscription created until 2024-08-04T20:54:34.068793+02:00 [duration:86400,validity:86399.997072,patch:43199.998536] (../lib/sbi/nnrf-handler.c:710)
08/03 20:54:34.071: [sbi] INFO: [d2eb52c4-51c9-41ef-a013-87db51d04424] Subscription created until 2024-08-04T20:54:34.068861+02:00 [duration:86400,validity:86399.997104,patch:43199.998552] (../lib/sbi/nnrf-handler.c:710)
08/03 20:56:31.701: [sbi] INFO: [UDM] (SCP-discover) NF registered [d2bd9708-51c9-41ef-82cf-53af8c675574:1] (../lib/sbi/path.c:211)
Open5GS daemon v2.7.0-96-g322719f

08/06 15:33:37.405: [app] INFO: Configuration: '/open5gs/install/etc/open5gs/ausf.yaml' (../lib/app/ogs-init.c:130)
08/06 15:33:37.405: [app] INFO: File Logging: '/open5gs/install/var/log/open5gs/ausf.log' (../lib/app/ogs-init.c:133)
08/06 15:33:37.408: [sbi] INFO: NF Service [nausf-auth] (../lib/sbi/context.c:1812)
08/06 15:33:37.409: [sbi] INFO: nghttp2_server() [http://172.22.0.11]:7777 (../lib/sbi/nghttp2-server.c:414)
08/06 15:33:37.409: [app] INFO: AUSF initialize...done (../src/ausf/app.c:31)
08/06 15:33:37.410: [sbi] INFO: [7c4b4d1c-53f8-41ef-aff9-09a476431145] NF registered [Heartbeat:10s] (../lib/sbi/nf-sm.c:221)
08/06 15:33:37.411: [sbi] INFO: [7c4bc58a-53f8-41ef-a98a-8b2dbc6ee6ce] Subscription created until 2024-08-07T15:33:37.411020+02:00 [duration:86400,validity:86399.999552,patch:43199.999776] (../lib/sbi/nnrf-handler.c:710)
08/06 15:33:37.411: [sbi] INFO: [7c4bccd8-53f8-41ef-a98a-8b2dbc6ee6ce] Subscription created until 2024-08-07T15:33:37.411202+02:00 [duration:86400,validity:86399.999704,patch:43199.999852] (../lib/sbi/nnrf-handler.c:710)
Open5GS daemon v2.7.0-96-g322719f

08/06 15:38:07.674: [app] INFO: Configuration: '/open5gs/install/etc/open5gs/ausf.yaml' (../lib/app/ogs-init.c:130)
08/06 15:38:07.674: [app] INFO: File Logging: '/open5gs/install/var/log/open5gs/ausf.log' (../lib/app/ogs-init.c:133)
08/06 15:38:07.676: [sbi] INFO: NF Service [nausf-auth] (../lib/sbi/context.c:1812)
08/06 15:38:07.676: [sbi] INFO: nghttp2_server() [http://172.22.0.11]:7777 (../lib/sbi/nghttp2-server.c:414)
08/06 15:38:07.677: [app] INFO: AUSF initialize...done (../src/ausf/app.c:31)
08/06 15:38:07.679: [sbi] INFO: [1d63082a-53f9-41ef-9be5-53d16c1448ca] NF registered [Heartbeat:10s] (../lib/sbi/nf-sm.c:221)
08/06 15:38:07.681: [sbi] INFO: [1d639eb6-53f9-41ef-b1c7-a918980e7020] Subscription created until 2024-08-07T15:38:07.680489+02:00 [duration:86400,validity:86399.998535,patch:43199.999267] (../lib/sbi/nnrf-handler.c:710)
08/06 15:38:07.681: [sbi] INFO: [1d63a3c0-53f9-41ef-b1c7-a918980e7020] Subscription created until 2024-08-07T15:38:07.680614+02:00 [duration:86400,validity:86399.998624,patch:43199.999312] (../lib/sbi/nnrf-handler.c:710)
08/06 15:38:07.878: [sbi] INFO: (NRF-notify) NF registered [1d814ef2-53f9-41ef-b60a-1bd30d8d29a9:1] (../lib/sbi/nnrf-handler.c:926)
08/06 15:38:07.878: [sbi] INFO: [UDM] (NRF-notify) NF Profile updated [1d814ef2-53f9-41ef-b60a-1bd30d8d29a9:1] (../lib/sbi/nnrf-handler.c:940)
08/06 15:38:07.951: [sbi] INFO: (NRF-notify) NF registered [1d8cb0a8-53f9-41ef-bae9-b588a167a96e:1] (../lib/sbi/nnrf-handler.c:926)
08/06 15:38:07.951: [sbi] INFO: [UDM] (NRF-notify) NF Profile updated [1d8cb0a8-53f9-41ef-bae9-b588a167a96e:1] (../lib/sbi/nnrf-handler.c:940)
Open5GS daemon v2.7.0-96-g322719f

08/06 15:49:37.381: [app] INFO: Configuration: '/open5gs/install/etc/open5gs/ausf.yaml' (../lib/app/ogs-init.c:130)
08/06 15:49:37.381: [app] INFO: File Logging: '/open5gs/install/var/log/open5gs/ausf.log' (../lib/app/ogs-init.c:133)
08/06 15:49:37.383: [sbi] INFO: NF Service [nausf-auth] (../lib/sbi/context.c:1812)
08/06 15:49:37.383: [sbi] INFO: nghttp2_server() [http://172.22.0.11]:7777 (../lib/sbi/nghttp2-server.c:414)
08/06 15:49:37.383: [app] INFO: AUSF initialize...done (../src/ausf/app.c:31)
08/06 15:49:37.665: [sbi] INFO: [b87bec5e-53fa-41ef-b344-d167c938fad6] NF registered [Heartbeat:10s] (../lib/sbi/nf-sm.c:221)
08/06 15:49:37.668: [sbi] INFO: [b8a73526-53fa-41ef-a5a1-d33a905bdf40] Subscription created until 2024-08-07T15:49:37.667002+02:00 [duration:86400,validity:86399.998510,patch:43199.999255] (../lib/sbi/nnrf-handler.c:710)
08/06 15:49:37.668: [sbi] INFO: [b8a73698-53fa-41ef-a5a1-d33a905bdf40] Subscription created until 2024-08-07T15:49:37.667039+02:00 [duration:86400,validity:86399.998507,patch:43199.999253] (../lib/sbi/nnrf-handler.c:710)
