Open5GS daemon v2.7.0-96-g322719f

07/31 15:27:53.772: [app] INFO: Configuration: '/open5gs/install/etc/open5gs/pcf.yaml' (../lib/app/ogs-init.c:130)
07/31 15:27:53.772: [app] INFO: File Logging: '/open5gs/install/var/log/open5gs/pcf.log' (../lib/app/ogs-init.c:133)
07/31 15:27:53.774: [metrics] INFO: metrics_server() [http://172.22.0.27]:9091 (../lib/metrics/prometheus/context.c:299)
07/31 15:27:53.775: [dbi] INFO: MongoDB URI: 'mongodb://172.22.0.2/open5gs' (../lib/dbi/ogs-mongoc.c:130)
07/31 15:27:53.775: [sbi] INFO: NF Service [npcf-am-policy-control] (../lib/sbi/context.c:1812)
07/31 15:27:53.775: [sbi] INFO: NF Service [npcf-smpolicycontrol] (../lib/sbi/context.c:1812)
07/31 15:27:53.775: [sbi] INFO: NF Service [npcf-policyauthorization] (../lib/sbi/context.c:1812)
07/31 15:27:53.775: [sbi] INFO: nghttp2_server() [http://172.22.0.27]:7777 (../lib/sbi/nghttp2-server.c:414)
07/31 15:27:53.775: [app] INFO: PCF initialize...done (../src/pcf/app.c:31)
07/31 15:27:53.777: [sbi] INFO: [b0fe73a2-4f40-41ef-ac28-57d5627006d9] NF registered [Heartbeat:10s] (../lib/sbi/nf-sm.c:221)
07/31 15:27:53.778: [sbi] INFO: [b0fef96c-4f40-41ef-aee1-3d63cb854ba0] Subscription created until 2024-08-01T15:27:53.777608+02:00 [duration:86400,validity:86399.999604,patch:43199.999802] (../lib/sbi/nnrf-handler.c:710)
07/31 15:27:53.778: [sbi] INFO: [b0ff0010-4f40-41ef-aee1-3d63cb854ba0] Subscription created until 2024-08-01T15:27:53.777774+02:00 [duration:86400,validity:86399.999456,patch:43199.999728] (../lib/sbi/nnrf-handler.c:710)
07/31 15:27:53.778: [sbi] INFO: [b0ff0a7e-4f40-41ef-aee1-3d63cb854ba0] Subscription created until 2024-08-01T15:27:53.778042+02:00 [duration:86400,validity:86399.999645,patch:43199.999822] (../lib/sbi/nnrf-handler.c:710)
07/31 15:29:24.518: [sbi] WARNING: [b0cce472-4f40-41ef-81a9-0901994efe9d] (NRF-notify) Not found (../lib/sbi/nnrf-handler.c:981)
07/31 15:29:24.735: [sbi] WARNING: [b0eb478c-4f40-41ef-9dd1-8befbaff770d] (NRF-notify) Not found (../lib/sbi/nnrf-handler.c:981)
07/31 15:29:34.824: [sbi] ERROR: [b0fe73a2-4f40-41ef-ac28-57d5627006d9:PCF] No heartbeat (../lib/sbi/nf-sm.c:310)
07/31 15:29:34.825: [sbi] INFO: [b0fe73a2-4f40-41ef-ac28-57d5627006d9] NF de-registered (../lib/sbi/nf-sm.c:248)
07/31 15:29:44.839: [sbi] ERROR: Connection timer expired (../lib/sbi/client.c:605)
07/31 15:29:44.839: [sbi] WARNING: ogs_sbi_client_handler() failed [-3] (../lib/sbi/path.c:62)
07/31 15:29:45.826: [sbi] ERROR: Connection timer expired (../lib/sbi/client.c:605)
07/31 15:29:45.826: [sbi] WARNING: ogs_sbi_client_handler() failed [-3] (../lib/sbi/path.c:62)
07/31 15:29:45.826: [sbi] WARNING: [b0fe73a2-4f40-41ef-ac28-57d5627006d9] Retry registration with NRF (../lib/sbi/nf-sm.c:182)
07/31 15:29:56.838: [sbi] ERROR: Connection timer expired (../lib/sbi/client.c:605)
07/31 15:29:56.838: [sbi] WARNING: ogs_sbi_client_handler() failed [-3] (../lib/sbi/path.c:62)
07/31 15:29:56.838: [sbi] WARNING: [b0fe73a2-4f40-41ef-ac28-57d5627006d9] Retry registration with NRF (../lib/sbi/nf-sm.c:182)
07/31 15:30:07.850: [sbi] ERROR: Connection timer expired (../lib/sbi/client.c:605)
07/31 15:30:07.850: [sbi] WARNING: ogs_sbi_client_handler() failed [-3] (../lib/sbi/path.c:62)
07/31 15:30:07.850: [sbi] WARNING: [b0fe73a2-4f40-41ef-ac28-57d5627006d9] Retry registration with NRF (../lib/sbi/nf-sm.c:182)
Open5GS daemon v2.7.0-96-g322719f

07/31 15:30:33.854: [app] INFO: Configuration: '/open5gs/install/etc/open5gs/pcf.yaml' (../lib/app/ogs-init.c:130)
07/31 15:30:33.854: [app] INFO: File Logging: '/open5gs/install/var/log/open5gs/pcf.log' (../lib/app/ogs-init.c:133)
07/31 15:30:33.857: [metrics] INFO: metrics_server() [http://172.22.0.27]:9091 (../lib/metrics/prometheus/context.c:299)
07/31 15:30:33.857: [dbi] INFO: MongoDB URI: 'mongodb://172.22.0.2/open5gs' (../lib/dbi/ogs-mongoc.c:130)
07/31 15:30:33.857: [sbi] INFO: NF Service [npcf-am-policy-control] (../lib/sbi/context.c:1812)
07/31 15:30:33.857: [sbi] INFO: NF Service [npcf-smpolicycontrol] (../lib/sbi/context.c:1812)
07/31 15:30:33.857: [sbi] INFO: NF Service [npcf-policyauthorization] (../lib/sbi/context.c:1812)
07/31 15:30:33.858: [sbi] INFO: nghttp2_server() [http://172.22.0.27]:7777 (../lib/sbi/nghttp2-server.c:414)
07/31 15:30:33.858: [app] INFO: PCF initialize...done (../src/pcf/app.c:31)
07/31 15:30:33.859: [sbi] INFO: [106920bc-4f41-41ef-a603-e369e90e1148] NF registered [Heartbeat:10s] (../lib/sbi/nf-sm.c:221)
07/31 15:30:33.860: [sbi] INFO: [1069a3c0-4f41-41ef-aeb7-b9253d8cf3e9] Subscription created until 2024-08-01T15:30:33.860201+02:00 [duration:86400,validity:86399.999564,patch:43199.999782] (../lib/sbi/nnrf-handler.c:710)
07/31 15:30:33.860: [sbi] INFO: [1069aa64-4f41-41ef-aeb7-b9253d8cf3e9] Subscription created until 2024-08-01T15:30:33.860367+02:00 [duration:86400,validity:86399.999635,patch:43199.999817] (../lib/sbi/nnrf-handler.c:710)
07/31 15:30:33.860: [sbi] INFO: [1069adc0-4f41-41ef-aeb7-b9253d8cf3e9] Subscription created until 2024-08-01T15:30:33.860452+02:00 [duration:86400,validity:86399.999641,patch:43199.999820] (../lib/sbi/nnrf-handler.c:710)
07/31 15:30:34.004: [sbi] INFO: (NRF-notify) NF registered [107f43ce-4f41-41ef-9661-79f4bd2155d8:1] (../lib/sbi/nnrf-handler.c:926)
07/31 15:30:34.004: [sbi] INFO: [UDR] (NRF-notify) NF Profile updated [107f43ce-4f41-41ef-9661-79f4bd2155d8:1] (../lib/sbi/nnrf-handler.c:940)
07/31 15:30:34.118: [sbi] INFO: (NRF-notify) NF registered [1090ccd4-4f41-41ef-a24f-0f05c11200a0:1] (../lib/sbi/nnrf-handler.c:926)
07/31 15:30:34.118: [sbi] INFO: [BSF] (NRF-notify) NF Profile updated [1090ccd4-4f41-41ef-a24f-0f05c11200a0:1] (../lib/sbi/nnrf-handler.c:940)
Open5GS daemon v2.7.0-96-g322719f

08/01 11:52:08.451: [app] INFO: Configuration: '/open5gs/install/etc/open5gs/pcf.yaml' (../lib/app/ogs-init.c:130)
08/01 11:52:08.451: [app] INFO: File Logging: '/open5gs/install/var/log/open5gs/pcf.log' (../lib/app/ogs-init.c:133)
08/01 11:52:08.454: [metrics] INFO: metrics_server() [http://172.22.0.27]:9091 (../lib/metrics/prometheus/context.c:299)
08/01 11:52:08.455: [dbi] INFO: MongoDB URI: 'mongodb://172.22.0.2/open5gs' (../lib/dbi/ogs-mongoc.c:130)
08/01 11:52:08.455: [sbi] INFO: NF Service [npcf-am-policy-control] (../lib/sbi/context.c:1812)
08/01 11:52:08.455: [sbi] INFO: NF Service [npcf-smpolicycontrol] (../lib/sbi/context.c:1812)
08/01 11:52:08.455: [sbi] INFO: NF Service [npcf-policyauthorization] (../lib/sbi/context.c:1812)
08/01 11:52:08.455: [sbi] INFO: nghttp2_server() [http://172.22.0.27]:7777 (../lib/sbi/nghttp2-server.c:414)
08/01 11:52:08.455: [app] INFO: PCF initialize...done (../src/pcf/app.c:31)
08/01 11:52:08.457: [sbi] INFO: [b7652370-4feb-41ef-a8b1-9f0ff1a8ec34] NF registered [Heartbeat:10s] (../lib/sbi/nf-sm.c:221)
08/01 11:52:08.458: [sbi] INFO: [b765ab60-4feb-41ef-a2b0-d509102e8571] Subscription created until 2024-08-02T11:52:08.457724+02:00 [duration:86400,validity:86399.999661,patch:43199.999830] (../lib/sbi/nnrf-handler.c:710)
08/01 11:52:08.458: [sbi] INFO: [b765b0b0-4feb-41ef-a2b0-d509102e8571] Subscription created until 2024-08-02T11:52:08.457854+02:00 [duration:86400,validity:86399.999685,patch:43199.999842] (../lib/sbi/nnrf-handler.c:710)
08/01 11:52:08.458: [sbi] INFO: [b765b5ba-4feb-41ef-a2b0-d509102e8571] Subscription created until 2024-08-02T11:52:08.457982+02:00 [duration:86400,validity:86399.999687,patch:43199.999843] (../lib/sbi/nnrf-handler.c:710)
08/01 11:52:08.615: [sbi] INFO: (NRF-notify) NF registered [b77d6e94-4feb-41ef-a55e-7fa75b7a6076:1] (../lib/sbi/nnrf-handler.c:926)
08/01 11:52:08.615: [sbi] INFO: [BSF] (NRF-notify) NF Profile updated [b77d6e94-4feb-41ef-a55e-7fa75b7a6076:1] (../lib/sbi/nnrf-handler.c:940)
08/01 11:52:08.789: [sbi] INFO: (NRF-notify) NF registered [b797e3be-4feb-41ef-bd3a-b7f113a92ad5:1] (../lib/sbi/nnrf-handler.c:926)
08/01 11:52:08.789: [sbi] INFO: [UDR] (NRF-notify) NF Profile updated [b797e3be-4feb-41ef-bd3a-b7f113a92ad5:1] (../lib/sbi/nnrf-handler.c:940)
Open5GS daemon v2.7.0-96-g322719f

08/01 11:54:13.054: [app] INFO: Configuration: '/open5gs/install/etc/open5gs/pcf.yaml' (../lib/app/ogs-init.c:130)
08/01 11:54:13.054: [app] INFO: File Logging: '/open5gs/install/var/log/open5gs/pcf.log' (../lib/app/ogs-init.c:133)
08/01 11:54:13.056: [metrics] INFO: metrics_server() [http://172.22.0.27]:9091 (../lib/metrics/prometheus/context.c:299)
08/01 11:54:13.057: [dbi] INFO: MongoDB URI: 'mongodb://172.22.0.2/open5gs' (../lib/dbi/ogs-mongoc.c:130)
08/01 11:54:13.057: [sbi] INFO: NF Service [npcf-am-policy-control] (../lib/sbi/context.c:1812)
08/01 11:54:13.057: [sbi] INFO: NF Service [npcf-smpolicycontrol] (../lib/sbi/context.c:1812)
08/01 11:54:13.057: [sbi] INFO: NF Service [npcf-policyauthorization] (../lib/sbi/context.c:1812)
08/01 11:54:13.057: [sbi] INFO: nghttp2_server() [http://172.22.0.27]:7777 (../lib/sbi/nghttp2-server.c:414)
08/01 11:54:13.057: [app] INFO: PCF initialize...done (../src/pcf/app.c:31)
08/01 11:54:13.059: [sbi] INFO: [01a9ec86-4fec-41ef-8bf5-71b1f3482f04] NF registered [Heartbeat:10s] (../lib/sbi/nf-sm.c:221)
08/01 11:54:13.060: [sbi] INFO: [01aa77aa-4fec-41ef-bdaa-3db15b77f20a] Subscription created until 2024-08-02T11:54:13.059996+02:00 [duration:86400,validity:86399.999705,patch:43199.999852] (../lib/sbi/nnrf-handler.c:710)
08/01 11:54:13.060: [sbi] INFO: [01aa7f70-4fec-41ef-bdaa-3db15b77f20a] Subscription created until 2024-08-02T11:54:13.060190+02:00 [duration:86400,validity:86399.999764,patch:43199.999882] (../lib/sbi/nnrf-handler.c:710)
08/01 11:54:13.060: [sbi] INFO: [01aa813c-4fec-41ef-bdaa-3db15b77f20a] Subscription created until 2024-08-02T11:54:13.060234+02:00 [duration:86400,validity:86399.999672,patch:43199.999836] (../lib/sbi/nnrf-handler.c:710)
08/01 11:54:13.144: [sbi] INFO: (NRF-notify) NF registered [01b6fbec-4fec-41ef-acae-6f7088f790eb:1] (../lib/sbi/nnrf-handler.c:926)
08/01 11:54:13.144: [sbi] INFO: [BSF] (NRF-notify) NF Profile updated [01b6fbec-4fec-41ef-acae-6f7088f790eb:1] (../lib/sbi/nnrf-handler.c:940)
08/01 11:54:13.147: [sbi] INFO: (NRF-notify) NF registered [01b76d7a-4fec-41ef-a8dc-d3e76e8f9701:1] (../lib/sbi/nnrf-handler.c:926)
08/01 11:54:13.147: [sbi] INFO: [UDR] (NRF-notify) NF Profile updated [01b76d7a-4fec-41ef-a8dc-d3e76e8f9701:1] (../lib/sbi/nnrf-handler.c:940)
Open5GS daemon v2.7.0-96-g322719f

08/01 12:08:07.885: [app] INFO: Configuration: '/open5gs/install/etc/open5gs/pcf.yaml' (../lib/app/ogs-init.c:130)
08/01 12:08:07.885: [app] INFO: File Logging: '/open5gs/install/var/log/open5gs/pcf.log' (../lib/app/ogs-init.c:133)
08/01 12:08:07.887: [metrics] INFO: metrics_server() [http://172.22.0.27]:9091 (../lib/metrics/prometheus/context.c:299)
08/01 12:08:07.888: [dbi] INFO: MongoDB URI: 'mongodb://172.22.0.2/open5gs' (../lib/dbi/ogs-mongoc.c:130)
08/01 12:08:07.888: [sbi] INFO: NF Service [npcf-am-policy-control] (../lib/sbi/context.c:1812)
08/01 12:08:07.888: [sbi] INFO: NF Service [npcf-smpolicycontrol] (../lib/sbi/context.c:1812)
08/01 12:08:07.888: [sbi] INFO: NF Service [npcf-policyauthorization] (../lib/sbi/context.c:1812)
08/01 12:08:07.888: [sbi] INFO: nghttp2_server() [http://172.22.0.27]:7777 (../lib/sbi/nghttp2-server.c:414)
08/01 12:08:07.888: [app] INFO: PCF initialize...done (../src/pcf/app.c:31)
08/01 12:08:07.890: [sbi] INFO: [f342ff82-4fed-41ef-b15d-63e47536c294] NF registered [Heartbeat:10s] (../lib/sbi/nf-sm.c:221)
08/01 12:08:07.890: [sbi] INFO: [f3438358-4fed-41ef-9b01-2dfde5eecec1] Subscription created until 2024-08-02T12:08:07.890629+02:00 [duration:86400,validity:86399.999706,patch:43199.999853] (../lib/sbi/nnrf-handler.c:710)
08/01 12:08:07.891: [sbi] INFO: [f34387e0-4fed-41ef-9b01-2dfde5eecec1] Subscription created until 2024-08-02T12:08:07.890741+02:00 [duration:86400,validity:86399.999715,patch:43199.999857] (../lib/sbi/nnrf-handler.c:710)
08/01 12:08:07.891: [sbi] INFO: [f3438cb8-4fed-41ef-9b01-2dfde5eecec1] Subscription created until 2024-08-02T12:08:07.890864+02:00 [duration:86400,validity:86399.999720,patch:43199.999860] (../lib/sbi/nnrf-handler.c:710)
08/01 12:08:08.084: [sbi] INFO: (NRF-notify) NF registered [f360d3c2-4fed-41ef-a2b5-399b95f39a39:1] (../lib/sbi/nnrf-handler.c:926)
08/01 12:08:08.084: [sbi] INFO: [BSF] (NRF-notify) NF Profile updated [f360d3c2-4fed-41ef-a2b5-399b95f39a39:1] (../lib/sbi/nnrf-handler.c:940)
08/01 12:08:08.219: [sbi] INFO: (NRF-notify) NF registered [f37551da-4fed-41ef-b2bf-730839d55bd5:1] (../lib/sbi/nnrf-handler.c:926)
08/01 12:08:08.219: [sbi] INFO: [UDR] (NRF-notify) NF Profile updated [f37551da-4fed-41ef-b2bf-730839d55bd5:1] (../lib/sbi/nnrf-handler.c:940)
Open5GS daemon v2.7.0-96-g322719f

08/01 13:43:16.784: [app] INFO: Configuration: '/open5gs/install/etc/open5gs/pcf.yaml' (../lib/app/ogs-init.c:130)
08/01 13:43:16.784: [app] INFO: File Logging: '/open5gs/install/var/log/open5gs/pcf.log' (../lib/app/ogs-init.c:133)
08/01 13:43:16.786: [metrics] INFO: metrics_server() [http://172.22.0.27]:9091 (../lib/metrics/prometheus/context.c:299)
08/01 13:43:16.787: [dbi] INFO: MongoDB URI: 'mongodb://172.22.0.2/open5gs' (../lib/dbi/ogs-mongoc.c:130)
08/01 13:43:16.787: [sbi] INFO: NF Service [npcf-am-policy-control] (../lib/sbi/context.c:1812)
08/01 13:43:16.787: [sbi] INFO: NF Service [npcf-smpolicycontrol] (../lib/sbi/context.c:1812)
08/01 13:43:16.787: [sbi] INFO: NF Service [npcf-policyauthorization] (../lib/sbi/context.c:1812)
08/01 13:43:16.787: [sbi] INFO: nghttp2_server() [http://172.22.0.27]:7777 (../lib/sbi/nghttp2-server.c:414)
08/01 13:43:16.787: [app] INFO: PCF initialize...done (../src/pcf/app.c:31)
08/01 13:43:16.789: [sbi] INFO: [3e07ea2a-4ffb-41ef-91d8-bf275da948df] NF registered [Heartbeat:10s] (../lib/sbi/nf-sm.c:221)
08/01 13:43:16.790: [sbi] INFO: [3e086dce-4ffb-41ef-83e6-619507fd7e8a] Subscription created until 2024-08-02T13:43:16.790021+02:00 [duration:86400,validity:86399.999670,patch:43199.999835] (../lib/sbi/nnrf-handler.c:710)
08/01 13:43:16.790: [sbi] INFO: [3e087292-4ffb-41ef-83e6-619507fd7e8a] Subscription created until 2024-08-02T13:43:16.790139+02:00 [duration:86400,validity:86399.999682,patch:43199.999841] (../lib/sbi/nnrf-handler.c:710)
08/01 13:43:16.790: [sbi] INFO: [3e08777e-4ffb-41ef-83e6-619507fd7e8a] Subscription created until 2024-08-02T13:43:16.790263+02:00 [duration:86400,validity:86399.999724,patch:43199.999862] (../lib/sbi/nnrf-handler.c:710)
08/01 13:43:16.910: [sbi] INFO: (NRF-notify) NF registered [3e1a7348-4ffb-41ef-97ab-3d6817129b20:1] (../lib/sbi/nnrf-handler.c:926)
08/01 13:43:16.910: [sbi] INFO: [BSF] (NRF-notify) NF Profile updated [3e1a7348-4ffb-41ef-97ab-3d6817129b20:1] (../lib/sbi/nnrf-handler.c:940)
08/01 13:43:17.134: [sbi] INFO: (NRF-notify) NF registered [3e3c9478-4ffb-41ef-b7a9-7dd461c65cd8:1] (../lib/sbi/nnrf-handler.c:926)
08/01 13:43:17.134: [sbi] INFO: [UDR] (NRF-notify) NF Profile updated [3e3c9478-4ffb-41ef-b7a9-7dd461c65cd8:1] (../lib/sbi/nnrf-handler.c:940)
Open5GS daemon v2.7.0-96-g322719f

08/01 14:08:23.824: [app] INFO: Configuration: '/open5gs/install/etc/open5gs/pcf.yaml' (../lib/app/ogs-init.c:130)
08/01 14:08:23.824: [app] INFO: File Logging: '/open5gs/install/var/log/open5gs/pcf.log' (../lib/app/ogs-init.c:133)
08/01 14:08:23.826: [metrics] INFO: metrics_server() [http://172.22.0.27]:9091 (../lib/metrics/prometheus/context.c:299)
08/01 14:08:23.827: [dbi] INFO: MongoDB URI: 'mongodb://172.22.0.2/open5gs' (../lib/dbi/ogs-mongoc.c:130)
08/01 14:08:23.827: [sbi] INFO: NF Service [npcf-am-policy-control] (../lib/sbi/context.c:1812)
08/01 14:08:23.827: [sbi] INFO: NF Service [npcf-smpolicycontrol] (../lib/sbi/context.c:1812)
08/01 14:08:23.827: [sbi] INFO: NF Service [npcf-policyauthorization] (../lib/sbi/context.c:1812)
08/01 14:08:23.827: [sbi] INFO: nghttp2_server() [http://172.22.0.27]:7777 (../lib/sbi/nghttp2-server.c:414)
08/01 14:08:23.827: [app] INFO: PCF initialize...done (../src/pcf/app.c:31)
08/01 14:08:23.829: [sbi] INFO: [c04be6aa-4ffe-41ef-89d7-69ce536eb0b7] NF registered [Heartbeat:10s] (../lib/sbi/nf-sm.c:221)
08/01 14:08:23.830: [sbi] INFO: [c04c6d1e-4ffe-41ef-a3c5-274d77de64b9] Subscription created until 2024-08-02T14:08:23.829644+02:00 [duration:86400,validity:86399.999413,patch:43199.999706] (../lib/sbi/nnrf-handler.c:710)
08/01 14:08:23.830: [sbi] INFO: [c04c719c-4ffe-41ef-a3c5-274d77de64b9] Subscription created until 2024-08-02T14:08:23.829755+02:00 [duration:86400,validity:86399.999464,patch:43199.999732] (../lib/sbi/nnrf-handler.c:710)
08/01 14:08:23.830: [sbi] INFO: [c04c7692-4ffe-41ef-a3c5-274d77de64b9] Subscription created until 2024-08-02T14:08:23.829882+02:00 [duration:86400,validity:86399.999505,patch:43199.999752] (../lib/sbi/nnrf-handler.c:710)
Open5GS daemon v2.7.0-96-g322719f

08/01 14:12:40.390: [app] INFO: Configuration: '/open5gs/install/etc/open5gs/pcf.yaml' (../lib/app/ogs-init.c:130)
08/01 14:12:40.390: [app] INFO: File Logging: '/open5gs/install/var/log/open5gs/pcf.log' (../lib/app/ogs-init.c:133)
08/01 14:12:40.393: [metrics] INFO: metrics_server() [http://172.22.0.27]:9091 (../lib/metrics/prometheus/context.c:299)
08/01 14:12:40.393: [dbi] INFO: MongoDB URI: 'mongodb://172.22.0.2/open5gs' (../lib/dbi/ogs-mongoc.c:130)
08/01 14:12:40.393: [sbi] INFO: NF Service [npcf-am-policy-control] (../lib/sbi/context.c:1812)
08/01 14:12:40.393: [sbi] INFO: NF Service [npcf-smpolicycontrol] (../lib/sbi/context.c:1812)
08/01 14:12:40.393: [sbi] INFO: NF Service [npcf-policyauthorization] (../lib/sbi/context.c:1812)
08/01 14:12:40.394: [sbi] INFO: nghttp2_server() [http://172.22.0.27]:7777 (../lib/sbi/nghttp2-server.c:414)
08/01 14:12:40.394: [app] INFO: PCF initialize...done (../src/pcf/app.c:31)
08/01 14:12:40.395: [sbi] INFO: [5938dda0-4fff-41ef-8ea5-951132f3d7b3] NF registered [Heartbeat:10s] (../lib/sbi/nf-sm.c:221)
08/01 14:12:40.396: [sbi] INFO: [59394dc6-4fff-41ef-8db9-0ff38ea72563] Subscription created until 2024-08-02T14:12:40.395728+02:00 [duration:86400,validity:86399.999475,patch:43199.999737] (../lib/sbi/nnrf-handler.c:710)
08/01 14:12:40.396: [sbi] INFO: [59395262-4fff-41ef-8db9-0ff38ea72563] Subscription created until 2024-08-02T14:12:40.395842+02:00 [duration:86400,validity:86399.999528,patch:43199.999764] (../lib/sbi/nnrf-handler.c:710)
08/01 14:12:40.396: [sbi] INFO: [59395712-4fff-41ef-8db9-0ff38ea72563] Subscription created until 2024-08-02T14:12:40.395962+02:00 [duration:86400,validity:86399.999578,patch:43199.999789] (../lib/sbi/nnrf-handler.c:710)
08/01 14:12:40.675: [sbi] INFO: (NRF-notify) NF registered [59638226-4fff-41ef-a5c4-8b0f40b64fab:1] (../lib/sbi/nnrf-handler.c:926)
08/01 14:12:40.675: [sbi] INFO: [UDR] (NRF-notify) NF Profile updated [59638226-4fff-41ef-a5c4-8b0f40b64fab:1] (../lib/sbi/nnrf-handler.c:940)
08/01 14:12:40.795: [sbi] INFO: (NRF-notify) NF registered [5976167a-4fff-41ef-8ca6-390caf499a3f:1] (../lib/sbi/nnrf-handler.c:926)
08/01 14:12:40.795: [sbi] INFO: [BSF] (NRF-notify) NF Profile updated [5976167a-4fff-41ef-8ca6-390caf499a3f:1] (../lib/sbi/nnrf-handler.c:940)
Open5GS daemon v2.7.0-96-g322719f

08/01 14:33:41.379: [app] INFO: Configuration: '/open5gs/install/etc/open5gs/pcf.yaml' (../lib/app/ogs-init.c:130)
08/01 14:33:41.379: [app] INFO: File Logging: '/open5gs/install/var/log/open5gs/pcf.log' (../lib/app/ogs-init.c:133)
08/01 14:33:41.381: [metrics] INFO: metrics_server() [http://172.22.0.27]:9091 (../lib/metrics/prometheus/context.c:299)
08/01 14:33:41.382: [dbi] INFO: MongoDB URI: 'mongodb://172.22.0.2/open5gs' (../lib/dbi/ogs-mongoc.c:130)
08/01 14:33:41.382: [sbi] INFO: NF Service [npcf-am-policy-control] (../lib/sbi/context.c:1812)
08/01 14:33:41.382: [sbi] INFO: NF Service [npcf-smpolicycontrol] (../lib/sbi/context.c:1812)
08/01 14:33:41.382: [sbi] INFO: NF Service [npcf-policyauthorization] (../lib/sbi/context.c:1812)
08/01 14:33:41.382: [sbi] INFO: nghttp2_server() [http://172.22.0.27]:7777 (../lib/sbi/nghttp2-server.c:414)
08/01 14:33:41.382: [app] INFO: PCF initialize...done (../src/pcf/app.c:31)
08/01 14:33:41.384: [sbi] INFO: [48d4766a-5002-41ef-bc64-3560ad5b900f] NF registered [Heartbeat:10s] (../lib/sbi/nf-sm.c:221)
08/01 14:33:41.385: [sbi] INFO: [48d4f702-5002-41ef-8747-03ee6aaa7986] Subscription created until 2024-08-02T14:33:41.384790+02:00 [duration:86400,validity:86399.999530,patch:43199.999765] (../lib/sbi/nnrf-handler.c:710)
08/01 14:33:41.385: [sbi] INFO: [48d4ffea-5002-41ef-8747-03ee6aaa7986] Subscription created until 2024-08-02T14:33:41.385014+02:00 [duration:86400,validity:86399.999496,patch:43199.999748] (../lib/sbi/nnrf-handler.c:710)
08/01 14:33:41.385: [sbi] INFO: [48d50418-5002-41ef-8747-03ee6aaa7986] Subscription created until 2024-08-02T14:33:41.385120+02:00 [duration:86400,validity:86399.999379,patch:43199.999689] (../lib/sbi/nnrf-handler.c:710)
08/01 14:33:41.412: [sbi] INFO: (NRF-notify) NF registered [48d8b5fe-5002-41ef-b7ba-87ddf2af2feb:1] (../lib/sbi/nnrf-handler.c:926)
08/01 14:33:41.412: [sbi] INFO: [UDR] (NRF-notify) NF Profile updated [48d8b5fe-5002-41ef-b7ba-87ddf2af2feb:1] (../lib/sbi/nnrf-handler.c:940)
08/01 14:33:41.503: [sbi] INFO: (NRF-notify) NF registered [48e6e160-5002-41ef-ab44-1d81d57e6f7a:1] (../lib/sbi/nnrf-handler.c:926)
08/01 14:33:41.503: [sbi] INFO: [BSF] (NRF-notify) NF Profile updated [48e6e160-5002-41ef-ab44-1d81d57e6f7a:1] (../lib/sbi/nnrf-handler.c:940)
Open5GS daemon v2.7.0-96-g322719f

08/01 14:48:44.213: [app] INFO: Configuration: '/open5gs/install/etc/open5gs/pcf.yaml' (../lib/app/ogs-init.c:130)
08/01 14:48:44.213: [app] INFO: File Logging: '/open5gs/install/var/log/open5gs/pcf.log' (../lib/app/ogs-init.c:133)
08/01 14:48:44.215: [metrics] INFO: metrics_server() [http://172.22.0.27]:9091 (../lib/metrics/prometheus/context.c:299)
08/01 14:48:44.216: [dbi] INFO: MongoDB URI: 'mongodb://172.22.0.2/open5gs' (../lib/dbi/ogs-mongoc.c:130)
08/01 14:48:44.216: [sbi] INFO: NF Service [npcf-am-policy-control] (../lib/sbi/context.c:1812)
08/01 14:48:44.216: [sbi] INFO: NF Service [npcf-smpolicycontrol] (../lib/sbi/context.c:1812)
08/01 14:48:44.216: [sbi] INFO: NF Service [npcf-policyauthorization] (../lib/sbi/context.c:1812)
08/01 14:48:44.216: [sbi] INFO: nghttp2_server() [http://172.22.0.27]:7777 (../lib/sbi/nghttp2-server.c:414)
08/01 14:48:44.216: [app] INFO: PCF initialize...done (../src/pcf/app.c:31)
08/01 14:48:44.218: [sbi] INFO: [62f5f0b2-5004-41ef-ae12-5d884c362d8b] NF registered [Heartbeat:10s] (../lib/sbi/nf-sm.c:221)
08/01 14:48:44.219: [sbi] INFO: [62f67a0a-5004-41ef-9dea-7faa7e404d1c] Subscription created until 2024-08-02T14:48:44.218634+02:00 [duration:86400,validity:86399.999443,patch:43199.999721] (../lib/sbi/nnrf-handler.c:710)
08/01 14:48:44.219: [sbi] INFO: [62f681c6-5004-41ef-9dea-7faa7e404d1c] Subscription created until 2024-08-02T14:48:44.218828+02:00 [duration:86400,validity:86399.999576,patch:43199.999788] (../lib/sbi/nnrf-handler.c:710)
08/01 14:48:44.219: [sbi] INFO: [62f68590-5004-41ef-9dea-7faa7e404d1c] Subscription created until 2024-08-02T14:48:44.218924+02:00 [duration:86400,validity:86399.999572,patch:43199.999786] (../lib/sbi/nnrf-handler.c:710)
Open5GS daemon v2.7.0-96-g322719f

08/01 15:05:12.458: [app] INFO: Configuration: '/open5gs/install/etc/open5gs/pcf.yaml' (../lib/app/ogs-init.c:130)
08/01 15:05:12.458: [app] INFO: File Logging: '/open5gs/install/var/log/open5gs/pcf.log' (../lib/app/ogs-init.c:133)
08/01 15:05:12.460: [metrics] INFO: metrics_server() [http://172.22.0.27]:9091 (../lib/metrics/prometheus/context.c:299)
08/01 15:05:12.461: [dbi] INFO: MongoDB URI: 'mongodb://172.22.0.2/open5gs' (../lib/dbi/ogs-mongoc.c:130)
08/01 15:05:12.461: [sbi] INFO: NF Service [npcf-am-policy-control] (../lib/sbi/context.c:1812)
08/01 15:05:12.461: [sbi] INFO: NF Service [npcf-smpolicycontrol] (../lib/sbi/context.c:1812)
08/01 15:05:12.461: [sbi] INFO: NF Service [npcf-policyauthorization] (../lib/sbi/context.c:1812)
08/01 15:05:12.461: [sbi] INFO: nghttp2_server() [http://172.22.0.27]:7777 (../lib/sbi/nghttp2-server.c:414)
08/01 15:05:12.461: [app] INFO: PCF initialize...done (../src/pcf/app.c:31)
08/01 15:05:12.463: [sbi] INFO: [b0002f60-5006-41ef-b577-236fa95c2159] NF registered [Heartbeat:10s] (../lib/sbi/nf-sm.c:221)
08/01 15:05:12.464: [sbi] INFO: [b000b0ac-5006-41ef-bab9-f14983245229] Subscription created until 2024-08-02T15:05:12.463593+02:00 [duration:86400,validity:86399.999416,patch:43199.999708] (../lib/sbi/nnrf-handler.c:710)
08/01 15:05:12.464: [sbi] INFO: [b000b5a2-5006-41ef-bab9-f14983245229] Subscription created until 2024-08-02T15:05:12.463715+02:00 [duration:86400,validity:86399.999508,patch:43199.999754] (../lib/sbi/nnrf-handler.c:710)
08/01 15:05:12.464: [sbi] INFO: [b000ba2a-5006-41ef-bab9-f14983245229] Subscription created until 2024-08-02T15:05:12.463829+02:00 [duration:86400,validity:86399.999567,patch:43199.999783] (../lib/sbi/nnrf-handler.c:710)
Open5GS daemon v2.7.0-96-g322719f

08/01 15:06:57.871: [app] INFO: Configuration: '/open5gs/install/etc/open5gs/pcf.yaml' (../lib/app/ogs-init.c:130)
08/01 15:06:57.871: [app] INFO: File Logging: '/open5gs/install/var/log/open5gs/pcf.log' (../lib/app/ogs-init.c:133)
08/01 15:06:57.873: [metrics] INFO: metrics_server() [http://172.22.0.27]:9091 (../lib/metrics/prometheus/context.c:299)
08/01 15:06:57.874: [dbi] INFO: MongoDB URI: 'mongodb://172.22.0.2/open5gs' (../lib/dbi/ogs-mongoc.c:130)
08/01 15:06:57.874: [sbi] INFO: NF Service [npcf-am-policy-control] (../lib/sbi/context.c:1812)
08/01 15:06:57.874: [sbi] INFO: NF Service [npcf-smpolicycontrol] (../lib/sbi/context.c:1812)
08/01 15:06:57.874: [sbi] INFO: NF Service [npcf-policyauthorization] (../lib/sbi/context.c:1812)
08/01 15:06:57.874: [sbi] INFO: nghttp2_server() [http://172.22.0.27]:7777 (../lib/sbi/nghttp2-server.c:414)
08/01 15:06:57.874: [app] INFO: PCF initialize...done (../src/pcf/app.c:31)
08/01 15:06:57.876: [sbi] INFO: [eed4f2ac-5006-41ef-86c8-cf573dd86eb6] NF registered [Heartbeat:10s] (../lib/sbi/nf-sm.c:221)
08/01 15:06:57.876: [sbi] INFO: [eed57448-5006-41ef-8d1d-79b011cb8cee] Subscription created until 2024-08-02T15:06:57.876703+02:00 [duration:86400,validity:86399.999714,patch:43199.999857] (../lib/sbi/nnrf-handler.c:710)
08/01 15:06:57.877: [sbi] INFO: [eed57ace-5006-41ef-8d1d-79b011cb8cee] Subscription created until 2024-08-02T15:06:57.876864+02:00 [duration:86400,validity:86399.999640,patch:43199.999820] (../lib/sbi/nnrf-handler.c:710)
08/01 15:06:57.877: [sbi] INFO: [eed57fc4-5006-41ef-8d1d-79b011cb8cee] Subscription created until 2024-08-02T15:06:57.876992+02:00 [duration:86400,validity:86399.999651,patch:43199.999825] (../lib/sbi/nnrf-handler.c:710)
Open5GS daemon v2.7.0-96-g322719f

08/01 15:08:26.310: [app] INFO: Configuration: '/open5gs/install/etc/open5gs/pcf.yaml' (../lib/app/ogs-init.c:130)
08/01 15:08:26.310: [app] INFO: File Logging: '/open5gs/install/var/log/open5gs/pcf.log' (../lib/app/ogs-init.c:133)
08/01 15:08:26.312: [metrics] INFO: metrics_server() [http://172.22.0.27]:9091 (../lib/metrics/prometheus/context.c:299)
08/01 15:08:26.313: [dbi] INFO: MongoDB URI: 'mongodb://172.22.0.2/open5gs' (../lib/dbi/ogs-mongoc.c:130)
08/01 15:08:26.313: [sbi] INFO: NF Service [npcf-am-policy-control] (../lib/sbi/context.c:1812)
08/01 15:08:26.313: [sbi] INFO: NF Service [npcf-smpolicycontrol] (../lib/sbi/context.c:1812)
08/01 15:08:26.313: [sbi] INFO: NF Service [npcf-policyauthorization] (../lib/sbi/context.c:1812)
08/01 15:08:26.313: [sbi] INFO: nghttp2_server() [http://172.22.0.27]:7777 (../lib/sbi/nghttp2-server.c:414)
08/01 15:08:26.313: [app] INFO: PCF initialize...done (../src/pcf/app.c:31)
08/01 15:08:26.315: [sbi] INFO: [238ba644-5007-41ef-bda9-894ec89ea662] NF registered [Heartbeat:10s] (../lib/sbi/nf-sm.c:221)
08/01 15:08:26.316: [sbi] INFO: [238c2b0a-5007-41ef-8ce1-0d322c0b478a] Subscription created until 2024-08-02T15:08:26.315660+02:00 [duration:86400,validity:86399.999597,patch:43199.999798] (../lib/sbi/nnrf-handler.c:710)
08/01 15:08:26.316: [sbi] INFO: [238c31ea-5007-41ef-8ce1-0d322c0b478a] Subscription created until 2024-08-02T15:08:26.315831+02:00 [duration:86400,validity:86399.999574,patch:43199.999787] (../lib/sbi/nnrf-handler.c:710)
08/01 15:08:26.316: [sbi] INFO: [238c35d2-5007-41ef-8ce1-0d322c0b478a] Subscription created until 2024-08-02T15:08:26.315930+02:00 [duration:86400,validity:86399.999649,patch:43199.999824] (../lib/sbi/nnrf-handler.c:710)
08/01 15:08:26.617: [sbi] INFO: (NRF-notify) NF registered [23b9c740-5007-41ef-ac9f-bb000a3001de:1] (../lib/sbi/nnrf-handler.c:926)
08/01 15:08:26.617: [sbi] INFO: [UDR] (NRF-notify) NF Profile updated [23b9c740-5007-41ef-ac9f-bb000a3001de:1] (../lib/sbi/nnrf-handler.c:940)
08/01 15:08:26.718: [sbi] INFO: (NRF-notify) NF registered [23c95912-5007-41ef-bcae-1338c5604ce8:1] (../lib/sbi/nnrf-handler.c:926)
08/01 15:08:26.718: [sbi] INFO: [BSF] (NRF-notify) NF Profile updated [23c95912-5007-41ef-bcae-1338c5604ce8:1] (../lib/sbi/nnrf-handler.c:940)
Open5GS daemon v2.7.0-96-g322719f

08/01 16:23:11.092: [app] INFO: Configuration: '/open5gs/install/etc/open5gs/pcf.yaml' (../lib/app/ogs-init.c:130)
08/01 16:23:11.092: [app] INFO: File Logging: '/open5gs/install/var/log/open5gs/pcf.log' (../lib/app/ogs-init.c:133)
08/01 16:23:11.094: [metrics] INFO: metrics_server() [http://172.22.0.27]:9091 (../lib/metrics/prometheus/context.c:299)
08/01 16:23:11.095: [dbi] INFO: MongoDB URI: 'mongodb://172.22.0.2/open5gs' (../lib/dbi/ogs-mongoc.c:130)
08/01 16:23:11.095: [sbi] INFO: NF Service [npcf-am-policy-control] (../lib/sbi/context.c:1812)
08/01 16:23:11.095: [sbi] INFO: NF Service [npcf-smpolicycontrol] (../lib/sbi/context.c:1812)
08/01 16:23:11.095: [sbi] INFO: NF Service [npcf-policyauthorization] (../lib/sbi/context.c:1812)
08/01 16:23:11.095: [sbi] INFO: nghttp2_server() [http://172.22.0.27]:7777 (../lib/sbi/nghttp2-server.c:414)
08/01 16:23:11.095: [app] INFO: PCF initialize...done (../src/pcf/app.c:31)
08/01 16:23:11.097: [sbi] INFO: [94af17b6-5011-41ef-885f-7b8d8bc6d4b2] NF registered [Heartbeat:10s] (../lib/sbi/nf-sm.c:221)
08/01 16:23:11.098: [sbi] INFO: [94afa0aa-5011-41ef-a125-450c5d9aaa27] Subscription created until 2024-08-02T16:23:11.097884+02:00 [duration:86400,validity:86399.999562,patch:43199.999781] (../lib/sbi/nnrf-handler.c:710)
08/01 16:23:11.098: [sbi] INFO: [94afa5be-5011-41ef-a125-450c5d9aaa27] Subscription created until 2024-08-02T16:23:11.098009+02:00 [duration:86400,validity:86399.999560,patch:43199.999780] (../lib/sbi/nnrf-handler.c:710)
08/01 16:23:11.098: [sbi] INFO: [94afaaaa-5011-41ef-a125-450c5d9aaa27] Subscription created until 2024-08-02T16:23:11.098133+02:00 [duration:86400,validity:86399.999618,patch:43199.999809] (../lib/sbi/nnrf-handler.c:710)
08/01 16:23:11.371: [sbi] INFO: (NRF-notify) NF registered [94d90472-5011-41ef-8126-2bb7331f2f00:1] (../lib/sbi/nnrf-handler.c:926)
08/01 16:23:11.371: [sbi] INFO: [BSF] (NRF-notify) NF Profile updated [94d90472-5011-41ef-8126-2bb7331f2f00:1] (../lib/sbi/nnrf-handler.c:940)
08/01 16:23:11.465: [sbi] INFO: (NRF-notify) NF registered [94e714e0-5011-41ef-91d4-e9bb53a5a395:1] (../lib/sbi/nnrf-handler.c:926)
08/01 16:23:11.465: [sbi] INFO: [UDR] (NRF-notify) NF Profile updated [94e714e0-5011-41ef-91d4-e9bb53a5a395:1] (../lib/sbi/nnrf-handler.c:940)
Open5GS daemon v2.7.0-96-g322719f

08/01 16:42:16.504: [app] INFO: Configuration: '/open5gs/install/etc/open5gs/pcf.yaml' (../lib/app/ogs-init.c:130)
08/01 16:42:16.504: [app] INFO: File Logging: '/open5gs/install/var/log/open5gs/pcf.log' (../lib/app/ogs-init.c:133)
08/01 16:42:16.506: [metrics] INFO: metrics_server() [http://172.22.0.27]:9091 (../lib/metrics/prometheus/context.c:299)
08/01 16:42:16.507: [dbi] INFO: MongoDB URI: 'mongodb://172.22.0.2/open5gs' (../lib/dbi/ogs-mongoc.c:130)
08/01 16:42:16.507: [sbi] INFO: NF Service [npcf-am-policy-control] (../lib/sbi/context.c:1812)
08/01 16:42:16.507: [sbi] INFO: NF Service [npcf-smpolicycontrol] (../lib/sbi/context.c:1812)
08/01 16:42:16.507: [sbi] INFO: NF Service [npcf-policyauthorization] (../lib/sbi/context.c:1812)
08/01 16:42:16.507: [sbi] INFO: nghttp2_server() [http://172.22.0.27]:7777 (../lib/sbi/nghttp2-server.c:414)
08/01 16:42:16.507: [app] INFO: PCF initialize...done (../src/pcf/app.c:31)
08/01 16:42:16.509: [sbi] INFO: [3f672714-5014-41ef-bb55-4fab3a1f7503] NF registered [Heartbeat:10s] (../lib/sbi/nf-sm.c:221)
08/01 16:42:16.510: [sbi] INFO: [3f67a0fe-5014-41ef-a34c-0d0843cb02a9] Subscription created until 2024-08-02T16:42:16.509885+02:00 [duration:86400,validity:86399.999689,patch:43199.999844] (../lib/sbi/nnrf-handler.c:710)
08/01 16:42:16.510: [sbi] INFO: [3f67a5d6-5014-41ef-a34c-0d0843cb02a9] Subscription created until 2024-08-02T16:42:16.510004+02:00 [duration:86400,validity:86399.999600,patch:43199.999800] (../lib/sbi/nnrf-handler.c:710)
08/01 16:42:16.510: [sbi] INFO: [3f67aafe-5014-41ef-a34c-0d0843cb02a9] Subscription created until 2024-08-02T16:42:16.510135+02:00 [duration:86400,validity:86399.999688,patch:43199.999844] (../lib/sbi/nnrf-handler.c:710)
Open5GS daemon v2.7.0-96-g322719f

08/01 17:10:12.727: [app] INFO: Configuration: '/open5gs/install/etc/open5gs/pcf.yaml' (../lib/app/ogs-init.c:130)
08/01 17:10:12.727: [app] INFO: File Logging: '/open5gs/install/var/log/open5gs/pcf.log' (../lib/app/ogs-init.c:133)
08/01 17:10:12.730: [metrics] INFO: metrics_server() [http://172.22.0.27]:9091 (../lib/metrics/prometheus/context.c:299)
08/01 17:10:12.730: [dbi] INFO: MongoDB URI: 'mongodb://172.22.0.2/open5gs' (../lib/dbi/ogs-mongoc.c:130)
08/01 17:10:12.730: [sbi] INFO: NF Service [npcf-am-policy-control] (../lib/sbi/context.c:1812)
08/01 17:10:12.730: [sbi] INFO: NF Service [npcf-smpolicycontrol] (../lib/sbi/context.c:1812)
08/01 17:10:12.730: [sbi] INFO: NF Service [npcf-policyauthorization] (../lib/sbi/context.c:1812)
08/01 17:10:12.731: [sbi] INFO: nghttp2_server() [http://172.22.0.27]:7777 (../lib/sbi/nghttp2-server.c:414)
08/01 17:10:12.731: [app] INFO: PCF initialize...done (../src/pcf/app.c:31)
08/01 17:10:12.732: [sbi] INFO: [26827c72-5018-41ef-933a-53446873bec5] NF registered [Heartbeat:10s] (../lib/sbi/nf-sm.c:221)
08/01 17:10:12.733: [sbi] INFO: [26830304-5018-41ef-81e0-f793eb9c9c39] Subscription created until 2024-08-02T17:10:12.733220+02:00 [duration:86400,validity:86399.999457,patch:43199.999728] (../lib/sbi/nnrf-handler.c:710)
08/01 17:10:12.733: [sbi] INFO: [268307aa-5018-41ef-81e0-f793eb9c9c39] Subscription created until 2024-08-02T17:10:12.733335+02:00 [duration:86400,validity:86399.999480,patch:43199.999740] (../lib/sbi/nnrf-handler.c:710)
08/01 17:10:12.733: [sbi] INFO: [26830cdc-5018-41ef-81e0-f793eb9c9c39] Subscription created until 2024-08-02T17:10:12.733466+02:00 [duration:86400,validity:86399.999502,patch:43199.999751] (../lib/sbi/nnrf-handler.c:710)
08/01 17:10:12.931: [sbi] INFO: (NRF-notify) NF registered [26a0c9ac-5018-41ef-a06c-f36a0be3ab46:1] (../lib/sbi/nnrf-handler.c:926)
08/01 17:10:12.931: [sbi] INFO: [UDR] (NRF-notify) NF Profile updated [26a0c9ac-5018-41ef-a06c-f36a0be3ab46:1] (../lib/sbi/nnrf-handler.c:940)
Open5GS daemon v2.7.0-96-g322719f

08/01 17:55:27.237: [app] INFO: Configuration: '/open5gs/install/etc/open5gs/pcf.yaml' (../lib/app/ogs-init.c:130)
08/01 17:55:27.237: [app] INFO: File Logging: '/open5gs/install/var/log/open5gs/pcf.log' (../lib/app/ogs-init.c:133)
08/01 17:55:27.239: [metrics] INFO: metrics_server() [http://172.22.0.27]:9091 (../lib/metrics/prometheus/context.c:299)
08/01 17:55:27.240: [dbi] INFO: MongoDB URI: 'mongodb://172.22.0.2/open5gs' (../lib/dbi/ogs-mongoc.c:130)
08/01 17:55:27.240: [sbi] INFO: NF Service [npcf-am-policy-control] (../lib/sbi/context.c:1812)
08/01 17:55:27.241: [sbi] INFO: NF Service [npcf-smpolicycontrol] (../lib/sbi/context.c:1812)
08/01 17:55:27.241: [sbi] INFO: NF Service [npcf-policyauthorization] (../lib/sbi/context.c:1812)
08/01 17:55:27.241: [sbi] INFO: nghttp2_server() [http://172.22.0.27]:7777 (../lib/sbi/nghttp2-server.c:414)
08/01 17:55:27.243: [app] INFO: PCF initialize...done (../src/pcf/app.c:31)
08/01 17:55:27.245: [sbi] INFO: [787bd2fc-501e-41ef-9f29-237aa24b6d6c] NF registered [Heartbeat:10s] (../lib/sbi/nf-sm.c:221)
08/01 17:55:27.246: [sbi] INFO: [787cb848-501e-41ef-9c62-4b6bf9a17ccd] Subscription created until 2024-08-02T17:55:27.245534+02:00 [duration:86400,validity:86399.999519,patch:43199.999759] (../lib/sbi/nnrf-handler.c:710)
08/01 17:55:27.246: [sbi] INFO: [787cbf8c-501e-41ef-9c62-4b6bf9a17ccd] Subscription created until 2024-08-02T17:55:27.245716+02:00 [duration:86400,validity:86399.999649,patch:43199.999824] (../lib/sbi/nnrf-handler.c:710)
08/01 17:55:27.246: [sbi] INFO: [787cc4dc-501e-41ef-9c62-4b6bf9a17ccd] Subscription created until 2024-08-02T17:55:27.245851+02:00 [duration:86400,validity:86399.999672,patch:43199.999836] (../lib/sbi/nnrf-handler.c:710)
Open5GS daemon v2.7.0-96-g322719f

08/01 18:11:41.803: [app] INFO: Configuration: '/open5gs/install/etc/open5gs/pcf.yaml' (../lib/app/ogs-init.c:130)
08/01 18:11:41.803: [app] INFO: File Logging: '/open5gs/install/var/log/open5gs/pcf.log' (../lib/app/ogs-init.c:133)
08/01 18:11:41.806: [metrics] INFO: metrics_server() [http://172.22.0.27]:9091 (../lib/metrics/prometheus/context.c:299)
08/01 18:11:41.807: [dbi] INFO: MongoDB URI: 'mongodb://172.22.0.2/open5gs' (../lib/dbi/ogs-mongoc.c:130)
08/01 18:11:41.807: [sbi] INFO: NF Service [npcf-am-policy-control] (../lib/sbi/context.c:1812)
08/01 18:11:41.807: [sbi] INFO: NF Service [npcf-smpolicycontrol] (../lib/sbi/context.c:1812)
08/01 18:11:41.807: [sbi] INFO: NF Service [npcf-policyauthorization] (../lib/sbi/context.c:1812)
08/01 18:11:41.807: [sbi] INFO: nghttp2_server() [http://172.22.0.27]:7777 (../lib/sbi/nghttp2-server.c:414)
08/01 18:11:41.807: [app] INFO: PCF initialize...done (../src/pcf/app.c:31)
08/01 18:11:41.809: [sbi] INFO: [bd5ed6c4-5020-41ef-9a33-85358903cef0] NF registered [Heartbeat:10s] (../lib/sbi/nf-sm.c:221)
08/01 18:11:41.809: [sbi] INFO: [bd5f6094-5020-41ef-b714-c194734f11da] Subscription created until 2024-08-02T18:11:41.809484+02:00 [duration:86400,validity:86399.999703,patch:43199.999851] (../lib/sbi/nnrf-handler.c:710)
08/01 18:11:41.809: [sbi] INFO: [bd5f6558-5020-41ef-b714-c194734f11da] Subscription created until 2024-08-02T18:11:41.809601+02:00 [duration:86400,validity:86399.999688,patch:43199.999844] (../lib/sbi/nnrf-handler.c:710)
08/01 18:11:41.810: [sbi] INFO: [bd5f6a4e-5020-41ef-b714-c194734f11da] Subscription created until 2024-08-02T18:11:41.809727+02:00 [duration:86400,validity:86399.999700,patch:43199.999850] (../lib/sbi/nnrf-handler.c:710)
08/01 18:11:41.922: [sbi] INFO: (NRF-notify) NF registered [bd7054da-5020-41ef-b8e1-e919f8e3daf5:1] (../lib/sbi/nnrf-handler.c:926)
08/01 18:11:41.922: [sbi] INFO: [BSF] (NRF-notify) NF Profile updated [bd7054da-5020-41ef-b8e1-e919f8e3daf5:1] (../lib/sbi/nnrf-handler.c:940)
08/01 18:11:42.106: [sbi] INFO: (NRF-notify) NF registered [bd8c41f4-5020-41ef-bf00-136b19e9f36f:1] (../lib/sbi/nnrf-handler.c:926)
08/01 18:11:42.106: [sbi] INFO: [UDR] (NRF-notify) NF Profile updated [bd8c41f4-5020-41ef-bf00-136b19e9f36f:1] (../lib/sbi/nnrf-handler.c:940)
Open5GS daemon v2.7.0-96-g322719f

08/01 18:16:06.652: [app] INFO: Configuration: '/open5gs/install/etc/open5gs/pcf.yaml' (../lib/app/ogs-init.c:130)
08/01 18:16:06.652: [app] INFO: File Logging: '/open5gs/install/var/log/open5gs/pcf.log' (../lib/app/ogs-init.c:133)
08/01 18:16:06.654: [metrics] INFO: metrics_server() [http://172.22.0.27]:9091 (../lib/metrics/prometheus/context.c:299)
08/01 18:16:06.655: [dbi] INFO: MongoDB URI: 'mongodb://172.22.0.2/open5gs' (../lib/dbi/ogs-mongoc.c:130)
08/01 18:16:06.655: [sbi] INFO: NF Service [npcf-am-policy-control] (../lib/sbi/context.c:1812)
08/01 18:16:06.655: [sbi] INFO: NF Service [npcf-smpolicycontrol] (../lib/sbi/context.c:1812)
08/01 18:16:06.655: [sbi] INFO: NF Service [npcf-policyauthorization] (../lib/sbi/context.c:1812)
08/01 18:16:06.655: [sbi] INFO: nghttp2_server() [http://172.22.0.27]:7777 (../lib/sbi/nghttp2-server.c:414)
08/01 18:16:06.655: [app] INFO: PCF initialize...done (../src/pcf/app.c:31)
08/01 18:16:06.656: [sbi] INFO: [5b3b72bc-5021-41ef-9baf-53e93d066d3d] NF registered [Heartbeat:10s] (../lib/sbi/nf-sm.c:221)
08/01 18:16:06.657: [sbi] INFO: [5b3bf1e2-5021-41ef-afdb-a964773d35c0] Subscription created until 2024-08-02T18:16:06.657287+02:00 [duration:86400,validity:86399.999532,patch:43199.999766] (../lib/sbi/nnrf-handler.c:710)
08/01 18:16:06.657: [sbi] INFO: [5b3bf804-5021-41ef-afdb-a964773d35c0] Subscription created until 2024-08-02T18:16:06.657441+02:00 [duration:86400,validity:86399.999578,patch:43199.999789] (../lib/sbi/nnrf-handler.c:710)
08/01 18:16:06.657: [sbi] INFO: [5b3bfd2c-5021-41ef-afdb-a964773d35c0] Subscription created until 2024-08-02T18:16:06.657571+02:00 [duration:86400,validity:86399.999609,patch:43199.999804] (../lib/sbi/nnrf-handler.c:710)
08/01 18:16:06.781: [sbi] INFO: (NRF-notify) NF registered [5b4e85d2-5021-41ef-b386-f3e95cbb2014:1] (../lib/sbi/nnrf-handler.c:926)
08/01 18:16:06.781: [sbi] INFO: [UDR] (NRF-notify) NF Profile updated [5b4e85d2-5021-41ef-b386-f3e95cbb2014:1] (../lib/sbi/nnrf-handler.c:940)
08/01 18:17:02.848: [sbi] INFO: [BSF] (SCP-discover) NF registered [5b293458-5021-41ef-9d50-9930869b6870:1] (../lib/sbi/path.c:211)
Open5GS daemon v2.7.0-96-g322719f

08/01 18:21:19.119: [app] INFO: Configuration: '/open5gs/install/etc/open5gs/pcf.yaml' (../lib/app/ogs-init.c:130)
08/01 18:21:19.119: [app] INFO: File Logging: '/open5gs/install/var/log/open5gs/pcf.log' (../lib/app/ogs-init.c:133)
08/01 18:21:19.121: [metrics] INFO: metrics_server() [http://172.22.0.27]:9091 (../lib/metrics/prometheus/context.c:299)
08/01 18:21:19.122: [dbi] INFO: MongoDB URI: 'mongodb://172.22.0.2/open5gs' (../lib/dbi/ogs-mongoc.c:130)
08/01 18:21:19.122: [sbi] INFO: NF Service [npcf-am-policy-control] (../lib/sbi/context.c:1812)
08/01 18:21:19.122: [sbi] INFO: NF Service [npcf-smpolicycontrol] (../lib/sbi/context.c:1812)
08/01 18:21:19.122: [sbi] INFO: NF Service [npcf-policyauthorization] (../lib/sbi/context.c:1812)
08/01 18:21:19.122: [sbi] INFO: nghttp2_server() [http://172.22.0.27]:7777 (../lib/sbi/nghttp2-server.c:414)
08/01 18:21:19.122: [app] INFO: PCF initialize...done (../src/pcf/app.c:31)
08/01 18:21:19.124: [sbi] INFO: [157a2600-5022-41ef-a496-c3663aa0e617] NF registered [Heartbeat:10s] (../lib/sbi/nf-sm.c:221)
08/01 18:21:19.124: [sbi] INFO: [157aa922-5022-41ef-90f6-d9186af56cd6] Subscription created until 2024-08-02T18:21:19.124519+02:00 [duration:86400,validity:86399.999662,patch:43199.999831] (../lib/sbi/nnrf-handler.c:710)
08/01 18:21:19.125: [sbi] INFO: [157aae7c-5022-41ef-90f6-d9186af56cd6] Subscription created until 2024-08-02T18:21:19.124652+02:00 [duration:86400,validity:86399.999626,patch:43199.999813] (../lib/sbi/nnrf-handler.c:710)
08/01 18:21:19.125: [sbi] INFO: [157ab386-5022-41ef-90f6-d9186af56cd6] Subscription created until 2024-08-02T18:21:19.124780+02:00 [duration:86400,validity:86399.999687,patch:43199.999843] (../lib/sbi/nnrf-handler.c:710)
08/01 18:21:19.437: [sbi] INFO: (NRF-notify) NF registered [15aa0d84-5022-41ef-98bb-b18317fd2425:1] (../lib/sbi/nnrf-handler.c:926)
08/01 18:21:19.437: [sbi] INFO: [UDR] (NRF-notify) NF Profile updated [15aa0d84-5022-41ef-98bb-b18317fd2425:1] (../lib/sbi/nnrf-handler.c:940)
08/01 18:22:55.732: [sbi] INFO: [BSF] (SCP-discover) NF registered [1543bbf6-5022-41ef-beae-c5c5a210b722:1] (../lib/sbi/path.c:211)
Open5GS daemon v2.7.0-96-g322719f

08/02 13:06:26.202: [app] INFO: Configuration: '/open5gs/install/etc/open5gs/pcf.yaml' (../lib/app/ogs-init.c:130)
08/02 13:06:26.202: [app] INFO: File Logging: '/open5gs/install/var/log/open5gs/pcf.log' (../lib/app/ogs-init.c:133)
08/02 13:06:26.204: [metrics] INFO: metrics_server() [http://172.22.0.27]:9091 (../lib/metrics/prometheus/context.c:299)
08/02 13:06:26.205: [dbi] INFO: MongoDB URI: 'mongodb://172.22.0.2/open5gs' (../lib/dbi/ogs-mongoc.c:130)
08/02 13:06:26.205: [sbi] INFO: NF Service [npcf-am-policy-control] (../lib/sbi/context.c:1812)
08/02 13:06:26.205: [sbi] INFO: NF Service [npcf-smpolicycontrol] (../lib/sbi/context.c:1812)
08/02 13:06:26.205: [sbi] INFO: NF Service [npcf-policyauthorization] (../lib/sbi/context.c:1812)
08/02 13:06:26.205: [sbi] INFO: nghttp2_server() [http://172.22.0.27]:7777 (../lib/sbi/nghttp2-server.c:414)
08/02 13:06:26.205: [app] INFO: PCF initialize...done (../src/pcf/app.c:31)
08/02 13:06:26.207: [sbi] INFO: [42d596aa-50bf-41ef-b43b-5504e3e406ab] NF registered [Heartbeat:10s] (../lib/sbi/nf-sm.c:221)
08/02 13:06:26.208: [sbi] INFO: [42d622fa-50bf-41ef-8345-91f648a56e7a] Subscription created until 2024-08-03T13:06:26.208036+02:00 [duration:86400,validity:86399.999696,patch:43199.999848] (../lib/sbi/nnrf-handler.c:710)
08/02 13:06:26.208: [sbi] INFO: [42d62796-50bf-41ef-8345-91f648a56e7a] Subscription created until 2024-08-03T13:06:26.208149+02:00 [duration:86400,validity:86399.999600,patch:43199.999800] (../lib/sbi/nnrf-handler.c:710)
08/02 13:06:26.208: [sbi] INFO: [42d62c3c-50bf-41ef-8345-91f648a56e7a] Subscription created until 2024-08-03T13:06:26.208266+02:00 [duration:86400,validity:86399.999694,patch:43199.999847] (../lib/sbi/nnrf-handler.c:710)
Open5GS daemon v2.7.0-96-g322719f

08/02 13:09:49.766: [app] INFO: Configuration: '/open5gs/install/etc/open5gs/pcf.yaml' (../lib/app/ogs-init.c:130)
08/02 13:09:49.766: [app] INFO: File Logging: '/open5gs/install/var/log/open5gs/pcf.log' (../lib/app/ogs-init.c:133)
08/02 13:09:49.769: [metrics] INFO: metrics_server() [http://172.22.0.27]:9091 (../lib/metrics/prometheus/context.c:299)
08/02 13:09:49.769: [dbi] INFO: MongoDB URI: 'mongodb://172.22.0.2/open5gs' (../lib/dbi/ogs-mongoc.c:130)
08/02 13:09:49.769: [sbi] INFO: NF Service [npcf-am-policy-control] (../lib/sbi/context.c:1812)
08/02 13:09:49.769: [sbi] INFO: NF Service [npcf-smpolicycontrol] (../lib/sbi/context.c:1812)
08/02 13:09:49.769: [sbi] INFO: NF Service [npcf-policyauthorization] (../lib/sbi/context.c:1812)
08/02 13:09:49.770: [sbi] INFO: nghttp2_server() [http://172.22.0.27]:7777 (../lib/sbi/nghttp2-server.c:414)
08/02 13:09:49.770: [app] INFO: PCF initialize...done (../src/pcf/app.c:31)
08/02 13:09:49.771: [sbi] INFO: [bc2b0aee-50bf-41ef-9009-6b67c7826e19] NF registered [Heartbeat:10s] (../lib/sbi/nf-sm.c:221)
08/02 13:09:49.772: [sbi] INFO: [bc2b8a14-50bf-41ef-a490-59235e8a5b1b] Subscription created until 2024-08-03T13:09:49.772044+02:00 [duration:86400,validity:86399.999691,patch:43199.999845] (../lib/sbi/nnrf-handler.c:710)
08/02 13:09:49.772: [sbi] INFO: [bc2b8f46-50bf-41ef-a490-59235e8a5b1b] Subscription created until 2024-08-03T13:09:49.772172+02:00 [duration:86400,validity:86399.999727,patch:43199.999863] (../lib/sbi/nnrf-handler.c:710)
08/02 13:09:49.772: [sbi] INFO: [bc2b93d8-50bf-41ef-a490-59235e8a5b1b] Subscription created until 2024-08-03T13:09:49.772288+02:00 [duration:86400,validity:86399.999712,patch:43199.999856] (../lib/sbi/nnrf-handler.c:710)
08/02 13:09:50.023: [sbi] INFO: (NRF-notify) NF registered [bc51ac6c-50bf-41ef-9856-75b72e3195a5:1] (../lib/sbi/nnrf-handler.c:926)
08/02 13:09:50.023: [sbi] INFO: [BSF] (NRF-notify) NF Profile updated [bc51ac6c-50bf-41ef-9856-75b72e3195a5:1] (../lib/sbi/nnrf-handler.c:940)
08/02 13:09:50.078: [sbi] INFO: (NRF-notify) NF registered [bc59debe-50bf-41ef-a893-ab627ec744d6:1] (../lib/sbi/nnrf-handler.c:926)
08/02 13:09:50.078: [sbi] INFO: [UDR] (NRF-notify) NF Profile updated [bc59debe-50bf-41ef-a893-ab627ec744d6:1] (../lib/sbi/nnrf-handler.c:940)
Open5GS daemon v2.7.0-96-g322719f

08/02 13:46:31.187: [app] INFO: Configuration: '/open5gs/install/etc/open5gs/pcf.yaml' (../lib/app/ogs-init.c:130)
08/02 13:46:31.187: [app] INFO: File Logging: '/open5gs/install/var/log/open5gs/pcf.log' (../lib/app/ogs-init.c:133)
08/02 13:46:31.190: [metrics] INFO: metrics_server() [http://172.22.0.27]:9091 (../lib/metrics/prometheus/context.c:299)
08/02 13:46:31.190: [dbi] INFO: MongoDB URI: 'mongodb://172.22.0.2/open5gs' (../lib/dbi/ogs-mongoc.c:130)
08/02 13:46:31.190: [sbi] INFO: NF Service [npcf-am-policy-control] (../lib/sbi/context.c:1812)
08/02 13:46:31.190: [sbi] INFO: NF Service [npcf-smpolicycontrol] (../lib/sbi/context.c:1812)
08/02 13:46:31.190: [sbi] INFO: NF Service [npcf-policyauthorization] (../lib/sbi/context.c:1812)
08/02 13:46:31.191: [sbi] INFO: nghttp2_server() [http://172.22.0.27]:7777 (../lib/sbi/nghttp2-server.c:414)
08/02 13:46:31.191: [app] INFO: PCF initialize...done (../src/pcf/app.c:31)
08/02 13:46:31.192: [sbi] INFO: [dc513992-50c4-41ef-b9d7-612056db6a9b] NF registered [Heartbeat:10s] (../lib/sbi/nf-sm.c:221)
08/02 13:46:31.193: [sbi] INFO: [dc51c2b8-50c4-41ef-a803-77004e2a7967] Subscription created until 2024-08-03T13:46:31.193270+02:00 [duration:86400,validity:86399.999634,patch:43199.999817] (../lib/sbi/nnrf-handler.c:710)
08/02 13:46:31.193: [sbi] INFO: [dc51c98e-50c4-41ef-a803-77004e2a7967] Subscription created until 2024-08-03T13:46:31.193441+02:00 [duration:86400,validity:86399.999647,patch:43199.999823] (../lib/sbi/nnrf-handler.c:710)
08/02 13:46:31.193: [sbi] INFO: [dc51ccb8-50c4-41ef-a803-77004e2a7967] Subscription created until 2024-08-03T13:46:31.193520+02:00 [duration:86400,validity:86399.999660,patch:43199.999830] (../lib/sbi/nnrf-handler.c:710)
08/02 13:46:31.295: [sbi] INFO: (NRF-notify) NF registered [dc60d14a-50c4-41ef-b8fd-17d535dbd5c4:1] (../lib/sbi/nnrf-handler.c:926)
08/02 13:46:31.295: [sbi] INFO: [UDR] (NRF-notify) NF Profile updated [dc60d14a-50c4-41ef-b8fd-17d535dbd5c4:1] (../lib/sbi/nnrf-handler.c:940)
08/02 13:54:49.590: [sbi] INFO: [BSF] (SCP-discover) NF registered [dc251f42-50c4-41ef-9687-e9ef4dabe760:1] (../lib/sbi/path.c:211)
Open5GS daemon v2.7.0-96-g322719f

08/03 20:54:44.365: [app] INFO: Configuration: '/open5gs/install/etc/open5gs/pcf.yaml' (../lib/app/ogs-init.c:130)
08/03 20:54:44.365: [app] INFO: File Logging: '/open5gs/install/var/log/open5gs/pcf.log' (../lib/app/ogs-init.c:133)
08/03 20:54:44.367: [sbi] WARNING: unknown key `service_name` (../lib/sbi/context.c:479)
08/03 20:54:44.367: [metrics] INFO: metrics_server() [http://172.22.0.41]:9091 (../lib/metrics/prometheus/context.c:299)
08/03 20:54:44.368: [dbi] INFO: MongoDB URI: 'mongodb://172.22.0.2/open5gs' (../lib/dbi/ogs-mongoc.c:130)
08/03 20:54:44.368: [sbi] INFO: NF Service [npcf-am-policy-control] (../lib/sbi/context.c:1812)
08/03 20:54:44.368: [sbi] INFO: NF Service [npcf-smpolicycontrol] (../lib/sbi/context.c:1812)
08/03 20:54:44.368: [sbi] INFO: NF Service [npcf-policyauthorization] (../lib/sbi/context.c:1812)
08/03 20:54:44.368: [sbi] INFO: nghttp2_server() [http://172.22.0.41]:7777 (../lib/sbi/nghttp2-server.c:414)
08/03 20:54:44.368: [app] INFO: PCF initialize...done (../src/pcf/app.c:31)
08/03 20:54:44.370: [sbi] INFO: [d90eba88-51c9-41ef-8a23-93851bc8c55b] NF registered [Heartbeat:10s] (../lib/sbi/nf-sm.c:221)
08/03 20:54:44.371: [sbi] INFO: [d90f4da4-51c9-41ef-a013-87db51d04424] Subscription created until 2024-08-04T20:54:44.370996+02:00 [duration:86400,validity:86399.999364,patch:43199.999682] (../lib/sbi/nnrf-handler.c:710)
08/03 20:54:44.371: [sbi] INFO: [d90f5312-51c9-41ef-a013-87db51d04424] Subscription created until 2024-08-04T20:54:44.371131+02:00 [duration:86400,validity:86399.999467,patch:43199.999733] (../lib/sbi/nnrf-handler.c:710)
08/03 20:54:44.371: [sbi] INFO: [d90f57a4-51c9-41ef-a013-87db51d04424] Subscription created until 2024-08-04T20:54:44.371246+02:00 [duration:86400,validity:86399.999497,patch:43199.999748] (../lib/sbi/nnrf-handler.c:710)
08/03 20:54:44.432: [sbi] INFO: (NRF-notify) NF registered [d918305e-51c9-41ef-b05b-25dffc0de218:1] (../lib/sbi/nnrf-handler.c:926)
08/03 20:54:44.432: [sbi] INFO: [UDR] (NRF-notify) NF Profile updated [d918305e-51c9-41ef-b05b-25dffc0de218:1] (../lib/sbi/nnrf-handler.c:940)
08/03 20:54:44.527: [sbi] INFO: (NRF-notify) NF registered [d926dad2-51c9-41ef-aca2-297fe77afea4:1] (../lib/sbi/nnrf-handler.c:926)
08/03 20:54:44.527: [sbi] INFO: [BSF] (NRF-notify) NF Profile updated [d926dad2-51c9-41ef-aca2-297fe77afea4:1] (../lib/sbi/nnrf-handler.c:940)
Open5GS daemon v2.7.0-96-g322719f

08/03 20:54:44.530: [app] INFO: Configuration: '/open5gs/install/etc/open5gs/pcf.yaml' (../lib/app/ogs-init.c:130)
08/03 20:54:44.530: [app] INFO: File Logging: '/open5gs/install/var/log/open5gs/pcf.log' (../lib/app/ogs-init.c:133)
08/03 20:54:44.532: [sbi] WARNING: unknown key `service_name` (../lib/sbi/context.c:479)
08/03 20:54:44.533: [metrics] INFO: metrics_server() [http://172.22.0.27]:9091 (../lib/metrics/prometheus/context.c:299)
08/03 20:54:44.533: [dbi] INFO: MongoDB URI: 'mongodb://172.22.0.2/open5gs' (../lib/dbi/ogs-mongoc.c:130)
08/03 20:54:44.533: [sbi] INFO: NF Service [npcf-am-policy-control] (../lib/sbi/context.c:1812)
08/03 20:54:44.533: [sbi] INFO: NF Service [npcf-smpolicycontrol] (../lib/sbi/context.c:1812)
08/03 20:54:44.533: [sbi] INFO: NF Service [npcf-policyauthorization] (../lib/sbi/context.c:1812)
08/03 20:54:44.534: [sbi] INFO: nghttp2_server() [http://172.22.0.27]:7777 (../lib/sbi/nghttp2-server.c:414)
08/03 20:54:44.534: [app] INFO: PCF initialize...done (../src/pcf/app.c:31)
08/03 20:54:44.535: [sbi] INFO: [d927ffd4-51c9-41ef-aad3-bd79bcd693ec] NF registered [Heartbeat:10s] (../lib/sbi/nf-sm.c:221)
08/03 20:54:44.536: [sbi] INFO: [d928867a-51c9-41ef-a013-87db51d04424] Subscription created until 2024-08-04T20:54:44.536292+02:00 [duration:86400,validity:86399.999324,patch:43199.999662] (../lib/sbi/nnrf-handler.c:710)
08/03 20:54:44.537: [sbi] INFO: [d9288e72-51c9-41ef-a013-87db51d04424] Subscription created until 2024-08-04T20:54:44.536502+02:00 [duration:86400,validity:86399.999498,patch:43199.999749] (../lib/sbi/nnrf-handler.c:710)
08/03 20:54:44.537: [sbi] INFO: [d92893b8-51c9-41ef-a013-87db51d04424] Subscription created until 2024-08-04T20:54:44.536626+02:00 [duration:86400,validity:86399.999558,patch:43199.999779] (../lib/sbi/nnrf-handler.c:710)
Open5GS daemon v2.7.0-96-g322719f

08/06 15:33:47.358: [app] INFO: Configuration: '/open5gs/install/etc/open5gs/pcf.yaml' (../lib/app/ogs-init.c:130)
08/06 15:33:47.358: [app] INFO: File Logging: '/open5gs/install/var/log/open5gs/pcf.log' (../lib/app/ogs-init.c:133)
08/06 15:33:47.360: [sbi] WARNING: unknown key `service_name` (../lib/sbi/context.c:479)
08/06 15:33:47.360: [metrics] INFO: metrics_server() [http://172.22.0.27]:9091 (../lib/metrics/prometheus/context.c:299)
08/06 15:33:47.361: [dbi] INFO: MongoDB URI: 'mongodb://172.22.0.2/open5gs' (../lib/dbi/ogs-mongoc.c:130)
08/06 15:33:47.361: [sbi] INFO: NF Service [npcf-am-policy-control] (../lib/sbi/context.c:1812)
08/06 15:33:47.361: [sbi] INFO: NF Service [npcf-smpolicycontrol] (../lib/sbi/context.c:1812)
08/06 15:33:47.361: [sbi] INFO: NF Service [npcf-policyauthorization] (../lib/sbi/context.c:1812)
08/06 15:33:47.361: [sbi] INFO: nghttp2_server() [http://172.22.0.27]:7777 (../lib/sbi/nghttp2-server.c:414)
08/06 15:33:47.361: [app] INFO: PCF initialize...done (../src/pcf/app.c:31)
08/06 15:33:47.362: [sbi] INFO: [8239e51c-53f8-41ef-aabf-171dde64611e] NF registered [Heartbeat:10s] (../lib/sbi/nf-sm.c:221)
08/06 15:33:47.363: [sbi] INFO: [823a50d8-53f8-41ef-a98a-8b2dbc6ee6ce] Subscription created until 2024-08-07T15:33:47.362949+02:00 [duration:86400,validity:86399.999777,patch:43199.999888] (../lib/sbi/nnrf-handler.c:710)
08/06 15:33:47.363: [sbi] INFO: [823a57ea-53f8-41ef-a98a-8b2dbc6ee6ce] Subscription created until 2024-08-07T15:33:47.363126+02:00 [duration:86400,validity:86399.999703,patch:43199.999851] (../lib/sbi/nnrf-handler.c:710)
08/06 15:33:47.363: [sbi] INFO: [823a59ac-53f8-41ef-a98a-8b2dbc6ee6ce] Subscription created until 2024-08-07T15:33:47.363170+02:00 [duration:86400,validity:86399.999701,patch:43199.999850] (../lib/sbi/nnrf-handler.c:710)
Open5GS daemon v2.7.0-96-g322719f

08/06 15:33:47.457: [app] INFO: Configuration: '/open5gs/install/etc/open5gs/pcf.yaml' (../lib/app/ogs-init.c:130)
08/06 15:33:47.457: [app] INFO: File Logging: '/open5gs/install/var/log/open5gs/pcf.log' (../lib/app/ogs-init.c:133)
08/06 15:33:47.459: [sbi] WARNING: unknown key `service_name` (../lib/sbi/context.c:479)
08/06 15:33:47.459: [metrics] INFO: metrics_server() [http://172.22.0.41]:9091 (../lib/metrics/prometheus/context.c:299)
08/06 15:33:47.460: [dbi] INFO: MongoDB URI: 'mongodb://172.22.0.2/open5gs' (../lib/dbi/ogs-mongoc.c:130)
08/06 15:33:47.460: [sbi] INFO: NF Service [npcf-am-policy-control] (../lib/sbi/context.c:1812)
08/06 15:33:47.460: [sbi] INFO: NF Service [npcf-smpolicycontrol] (../lib/sbi/context.c:1812)
08/06 15:33:47.460: [sbi] INFO: NF Service [npcf-policyauthorization] (../lib/sbi/context.c:1812)
08/06 15:33:47.460: [sbi] INFO: nghttp2_server() [http://172.22.0.41]:7777 (../lib/sbi/nghttp2-server.c:414)
08/06 15:33:47.460: [app] INFO: PCF initialize...done (../src/pcf/app.c:31)
08/06 15:33:47.461: [sbi] INFO: [824906a0-53f8-41ef-b921-89e23ec13315] NF registered [Heartbeat:10s] (../lib/sbi/nf-sm.c:221)
08/06 15:33:47.462: [sbi] INFO: [82497022-53f8-41ef-a98a-8b2dbc6ee6ce] Subscription created until 2024-08-07T15:33:47.462055+02:00 [duration:86400,validity:86399.999484,patch:43199.999742] (../lib/sbi/nnrf-handler.c:710)
08/06 15:33:47.462: [sbi] INFO: [82497720-53f8-41ef-a98a-8b2dbc6ee6ce] Subscription created until 2024-08-07T15:33:47.462230+02:00 [duration:86400,validity:86399.999629,patch:43199.999814] (../lib/sbi/nnrf-handler.c:710)
08/06 15:33:47.462: [sbi] INFO: [82497a68-53f8-41ef-a98a-8b2dbc6ee6ce] Subscription created until 2024-08-07T15:33:47.462313+02:00 [duration:86400,validity:86399.999664,patch:43199.999832] (../lib/sbi/nnrf-handler.c:710)
Open5GS daemon v2.7.0-96-g322719f

08/06 15:38:18.044: [app] INFO: Configuration: '/open5gs/install/etc/open5gs/pcf.yaml' (../lib/app/ogs-init.c:130)
08/06 15:38:18.044: [app] INFO: File Logging: '/open5gs/install/var/log/open5gs/pcf.log' (../lib/app/ogs-init.c:133)
08/06 15:38:18.046: [sbi] WARNING: unknown key `service_name` (../lib/sbi/context.c:479)
08/06 15:38:18.046: [metrics] INFO: metrics_server() [http://172.22.0.41]:9091 (../lib/metrics/prometheus/context.c:299)
08/06 15:38:18.047: [dbi] INFO: MongoDB URI: 'mongodb://172.22.0.2/open5gs' (../lib/dbi/ogs-mongoc.c:130)
08/06 15:38:18.047: [sbi] INFO: NF Service [npcf-am-policy-control] (../lib/sbi/context.c:1812)
08/06 15:38:18.047: [sbi] INFO: NF Service [npcf-smpolicycontrol] (../lib/sbi/context.c:1812)
08/06 15:38:18.047: [sbi] INFO: NF Service [npcf-policyauthorization] (../lib/sbi/context.c:1812)
08/06 15:38:18.047: [sbi] INFO: nghttp2_server() [http://172.22.0.41]:7777 (../lib/sbi/nghttp2-server.c:414)
08/06 15:38:18.047: [app] INFO: PCF initialize...done (../src/pcf/app.c:31)
08/06 15:38:18.048: [sbi] INFO: [23914dce-53f9-41ef-a24b-dd157b98ad60] NF registered [Heartbeat:10s] (../lib/sbi/nf-sm.c:221)
08/06 15:38:18.049: [sbi] INFO: [2391bc14-53f9-41ef-b1c7-a918980e7020] Subscription created until 2024-08-07T15:38:18.049043+02:00 [duration:86400,validity:86399.999775,patch:43199.999887] (../lib/sbi/nnrf-handler.c:710)
08/06 15:38:18.049: [sbi] INFO: [2391c33a-53f9-41ef-b1c7-a918980e7020] Subscription created until 2024-08-07T15:38:18.049214+02:00 [duration:86400,validity:86399.999776,patch:43199.999888] (../lib/sbi/nnrf-handler.c:710)
08/06 15:38:18.049: [sbi] INFO: [2391c678-53f9-41ef-b1c7-a918980e7020] Subscription created until 2024-08-07T15:38:18.049297+02:00 [duration:86400,validity:86399.999714,patch:43199.999857] (../lib/sbi/nnrf-handler.c:710)
Open5GS daemon v2.7.0-96-g322719f

08/06 15:38:18.125: [app] INFO: Configuration: '/open5gs/install/etc/open5gs/pcf.yaml' (../lib/app/ogs-init.c:130)
08/06 15:38:18.125: [app] INFO: File Logging: '/open5gs/install/var/log/open5gs/pcf.log' (../lib/app/ogs-init.c:133)
08/06 15:38:18.127: [sbi] WARNING: unknown key `service_name` (../lib/sbi/context.c:479)
08/06 15:38:18.128: [metrics] INFO: metrics_server() [http://172.22.0.27]:9091 (../lib/metrics/prometheus/context.c:299)
08/06 15:38:18.128: [dbi] INFO: MongoDB URI: 'mongodb://172.22.0.2/open5gs' (../lib/dbi/ogs-mongoc.c:130)
08/06 15:38:18.128: [sbi] INFO: NF Service [npcf-am-policy-control] (../lib/sbi/context.c:1812)
08/06 15:38:18.128: [sbi] INFO: NF Service [npcf-smpolicycontrol] (../lib/sbi/context.c:1812)
08/06 15:38:18.128: [sbi] INFO: NF Service [npcf-policyauthorization] (../lib/sbi/context.c:1812)
08/06 15:38:18.129: [sbi] INFO: nghttp2_server() [http://172.22.0.27]:7777 (../lib/sbi/nghttp2-server.c:414)
08/06 15:38:18.129: [app] INFO: PCF initialize...done (../src/pcf/app.c:31)
08/06 15:38:18.130: [sbi] INFO: [239dc0ea-53f9-41ef-b0a6-b373547085c0] NF registered [Heartbeat:10s] (../lib/sbi/nf-sm.c:221)
08/06 15:38:18.130: [sbi] INFO: [239e2f4e-53f9-41ef-b1c7-a918980e7020] Subscription created until 2024-08-07T15:38:18.130629+02:00 [duration:86400,validity:86399.999642,patch:43199.999821] (../lib/sbi/nnrf-handler.c:710)
08/06 15:38:18.131: [sbi] INFO: [239e35fc-53f9-41ef-b1c7-a918980e7020] Subscription created until 2024-08-07T15:38:18.130796+02:00 [duration:86400,validity:86399.999642,patch:43199.999821] (../lib/sbi/nnrf-handler.c:710)
08/06 15:38:18.131: [sbi] INFO: [239e3958-53f9-41ef-b1c7-a918980e7020] Subscription created until 2024-08-07T15:38:18.130880+02:00 [duration:86400,validity:86399.999582,patch:43199.999791] (../lib/sbi/nnrf-handler.c:710)
08/06 15:38:18.259: [sbi] INFO: (NRF-notify) NF registered [23b15966-53f9-41ef-8a92-6f67d4ac1014:1] (../lib/sbi/nnrf-handler.c:926)
08/06 15:38:18.259: [sbi] INFO: [UDR] (NRF-notify) NF Profile updated [23b15966-53f9-41ef-8a92-6f67d4ac1014:1] (../lib/sbi/nnrf-handler.c:940)
08/06 15:38:18.259: [sbi] INFO: (NRF-notify) NF registered [23b15966-53f9-41ef-8a92-6f67d4ac1014:1] (../lib/sbi/nnrf-handler.c:926)
08/06 15:38:18.259: [sbi] INFO: [UDR] (NRF-notify) NF Profile updated [23b15966-53f9-41ef-8a92-6f67d4ac1014:1] (../lib/sbi/nnrf-handler.c:940)
08/06 15:38:18.308: [sbi] INFO: (NRF-notify) NF registered [23b9155c-53f9-41ef-a7a2-91633646a6bf:1] (../lib/sbi/nnrf-handler.c:926)
08/06 15:38:18.308: [sbi] INFO: [BSF] (NRF-notify) NF Profile updated [23b9155c-53f9-41ef-a7a2-91633646a6bf:1] (../lib/sbi/nnrf-handler.c:940)
08/06 15:38:18.308: [sbi] INFO: (NRF-notify) NF registered [23b9155c-53f9-41ef-a7a2-91633646a6bf:1] (../lib/sbi/nnrf-handler.c:926)
08/06 15:38:18.308: [sbi] INFO: [BSF] (NRF-notify) NF Profile updated [23b9155c-53f9-41ef-a7a2-91633646a6bf:1] (../lib/sbi/nnrf-handler.c:940)
Open5GS daemon v2.7.0-96-g322719f

08/06 15:49:47.908: [app] INFO: Configuration: '/open5gs/install/etc/open5gs/pcf.yaml' (../lib/app/ogs-init.c:130)
08/06 15:49:47.908: [app] INFO: File Logging: '/open5gs/install/var/log/open5gs/pcf.log' (../lib/app/ogs-init.c:133)
08/06 15:49:47.910: [sbi] WARNING: unknown key `service_name` (../lib/sbi/context.c:479)
08/06 15:49:47.910: [metrics] INFO: metrics_server() [http://172.22.0.27]:9091 (../lib/metrics/prometheus/context.c:299)
08/06 15:49:47.911: [dbi] INFO: MongoDB URI: 'mongodb://172.22.0.2/open5gs' (../lib/dbi/ogs-mongoc.c:130)
08/06 15:49:47.911: [sbi] INFO: NF Service [npcf-am-policy-control] (../lib/sbi/context.c:1812)
08/06 15:49:47.911: [sbi] INFO: NF Service [npcf-smpolicycontrol] (../lib/sbi/context.c:1812)
08/06 15:49:47.911: [sbi] INFO: NF Service [npcf-policyauthorization] (../lib/sbi/context.c:1812)
08/06 15:49:47.912: [sbi] INFO: nghttp2_server() [http://172.22.0.27]:7777 (../lib/sbi/nghttp2-server.c:414)
08/06 15:49:47.912: [app] INFO: PCF initialize...done (../src/pcf/app.c:31)
08/06 15:49:47.914: [sbi] INFO: [bec2457c-53fa-41ef-9ecb-1dfe76414766] NF registered [Heartbeat:10s] (../lib/sbi/nf-sm.c:221)
08/06 15:49:47.915: [sbi] INFO: [bec2dbb8-53fa-41ef-a5a1-d33a905bdf40] Subscription created until 2024-08-07T15:49:47.914553+02:00 [duration:86400,validity:86399.999553,patch:43199.999776] (../lib/sbi/nnrf-handler.c:710)
08/06 15:49:47.915: [sbi] INFO: [bec2e32e-53fa-41ef-a5a1-d33a905bdf40] Subscription created until 2024-08-07T15:49:47.914737+02:00 [duration:86400,validity:86399.999456,patch:43199.999728] (../lib/sbi/nnrf-handler.c:710)
08/06 15:49:47.915: [sbi] INFO: [bec2ea22-53fa-41ef-a5a1-d33a905bdf40] Subscription created until 2024-08-07T15:49:47.914915+02:00 [duration:86400,validity:86399.999556,patch:43199.999778] (../lib/sbi/nnrf-handler.c:710)
Open5GS daemon v2.7.0-96-g322719f

08/06 15:49:47.921: [app] INFO: Configuration: '/open5gs/install/etc/open5gs/pcf.yaml' (../lib/app/ogs-init.c:130)
08/06 15:49:47.921: [app] INFO: File Logging: '/open5gs/install/var/log/open5gs/pcf.log' (../lib/app/ogs-init.c:133)
08/06 15:49:47.923: [sbi] WARNING: unknown key `service_name` (../lib/sbi/context.c:479)
08/06 15:49:47.923: [metrics] INFO: metrics_server() [http://172.22.0.41]:9091 (../lib/metrics/prometheus/context.c:299)
08/06 15:49:47.924: [dbi] INFO: MongoDB URI: 'mongodb://172.22.0.2/open5gs' (../lib/dbi/ogs-mongoc.c:130)
08/06 15:49:47.924: [sbi] INFO: NF Service [npcf-am-policy-control] (../lib/sbi/context.c:1812)
08/06 15:49:47.924: [sbi] INFO: NF Service [npcf-smpolicycontrol] (../lib/sbi/context.c:1812)
08/06 15:49:47.924: [sbi] INFO: NF Service [npcf-policyauthorization] (../lib/sbi/context.c:1812)
08/06 15:49:47.924: [sbi] INFO: nghttp2_server() [http://172.22.0.41]:7777 (../lib/sbi/nghttp2-server.c:414)
08/06 15:49:47.925: [app] INFO: PCF initialize...done (../src/pcf/app.c:31)
08/06 15:49:47.926: [sbi] INFO: [bec43efe-53fa-41ef-be54-23d5a60465fe] NF registered [Heartbeat:10s] (../lib/sbi/nf-sm.c:221)
08/06 15:49:47.927: [sbi] INFO: [bec4bdfc-53fa-41ef-a5a1-d33a905bdf40] Subscription created until 2024-08-07T15:49:47.926896+02:00 [duration:86400,validity:86399.999710,patch:43199.999855] (../lib/sbi/nnrf-handler.c:710)
08/06 15:49:47.927: [sbi] INFO: [bec4c6da-53fa-41ef-a5a1-d33a905bdf40] Subscription created until 2024-08-07T15:49:47.927120+02:00 [duration:86400,validity:86399.999582,patch:43199.999791] (../lib/sbi/nnrf-handler.c:710)
08/06 15:49:47.927: [sbi] INFO: [bec4c928-53fa-41ef-a5a1-d33a905bdf40] Subscription created until 2024-08-07T15:49:47.927178+02:00 [duration:86400,validity:86399.999610,patch:43199.999805] (../lib/sbi/nnrf-handler.c:710)
08/06 15:49:48.037: [sbi] INFO: (NRF-notify) NF registered [bed5149a-53fa-41ef-8069-7d391a1ed6fa:1] (../lib/sbi/nnrf-handler.c:926)
08/06 15:49:48.037: [sbi] INFO: [UDR] (NRF-notify) NF Profile updated [bed5149a-53fa-41ef-8069-7d391a1ed6fa:1] (../lib/sbi/nnrf-handler.c:940)
08/06 15:49:48.037: [sbi] INFO: (NRF-notify) NF registered [bed5149a-53fa-41ef-8069-7d391a1ed6fa:1] (../lib/sbi/nnrf-handler.c:926)
08/06 15:49:48.037: [sbi] INFO: [UDR] (NRF-notify) NF Profile updated [bed5149a-53fa-41ef-8069-7d391a1ed6fa:1] (../lib/sbi/nnrf-handler.c:940)
08/06 15:49:48.201: [sbi] INFO: (NRF-notify) NF registered [beee54b4-53fa-41ef-a5a6-1ff12cf2cbc3:1] (../lib/sbi/nnrf-handler.c:926)
08/06 15:49:48.201: [sbi] INFO: [BSF] (NRF-notify) NF Profile updated [beee54b4-53fa-41ef-a5a6-1ff12cf2cbc3:1] (../lib/sbi/nnrf-handler.c:940)
08/06 15:49:48.201: [sbi] INFO: (NRF-notify) NF registered [beee54b4-53fa-41ef-a5a6-1ff12cf2cbc3:1] (../lib/sbi/nnrf-handler.c:926)
08/06 15:49:48.201: [sbi] INFO: [BSF] (NRF-notify) NF Profile updated [beee54b4-53fa-41ef-a5a6-1ff12cf2cbc3:1] (../lib/sbi/nnrf-handler.c:940)
