Open5GS daemon v2.7.0-96-g322719f

07/31 15:27:43.341: [app] INFO: Configuration: '/open5gs/install/etc/open5gs/udm.yaml' (../lib/app/ogs-init.c:130)
07/31 15:27:43.341: [app] INFO: File Logging: '/open5gs/install/var/log/open5gs/udm.log' (../lib/app/ogs-init.c:133)
07/31 15:27:43.346: [sbi] INFO: NF Service [nudm-ueau] (../lib/sbi/context.c:1812)
07/31 15:27:43.346: [sbi] INFO: NF Service [nudm-uecm] (../lib/sbi/context.c:1812)
07/31 15:27:43.346: [sbi] INFO: NF Service [nudm-sdm] (../lib/sbi/context.c:1812)
07/31 15:27:43.346: [sbi] INFO: nghttp2_server() [http://172.22.0.13]:7777 (../lib/sbi/nghttp2-server.c:414)
07/31 15:27:43.346: [app] INFO: UDM initialize...done (../src/udm/app.c:31)
07/31 15:27:43.571: [sbi] INFO: [aac74324-4f40-41ef-bf23-c55ef47bf9d9] NF registered [Heartbeat:10s] (../lib/sbi/nf-sm.c:221)
07/31 15:27:43.572: [sbi] INFO: [aae9a694-4f40-41ef-aee1-3d63cb854ba0] Subscription created until 2024-08-01T15:27:43.571528+02:00 [duration:86400,validity:86399.999303,patch:43199.999651] (../lib/sbi/nnrf-handler.c:710)
07/31 15:27:43.572: [sbi] INFO: [aae9a874-4f40-41ef-aee1-3d63cb854ba0] Subscription created until 2024-08-01T15:27:43.571573+02:00 [duration:86400,validity:86399.999283,patch:43199.999641] (../lib/sbi/nnrf-handler.c:710)
07/31 15:27:53.453: [sbi] INFO: (NRF-notify) NF registered [b0cce472-4f40-41ef-81a9-0901994efe9d:1] (../lib/sbi/nnrf-handler.c:926)
07/31 15:27:53.453: [sbi] INFO: [UDR] (NRF-notify) NF Profile updated [b0cce472-4f40-41ef-81a9-0901994efe9d:1] (../lib/sbi/nnrf-handler.c:940)
07/31 15:29:24.518: [sbi] INFO: [UDR] (NRF-notify) NF_DEREGISTERED event [b0cce472-4f40-41ef-81a9-0901994efe9d:1] (../lib/sbi/nnrf-handler.c:972)
07/31 15:29:34.656: [sbi] ERROR: [aac74324-4f40-41ef-bf23-c55ef47bf9d9:UDM] No heartbeat (../lib/sbi/nf-sm.c:310)
07/31 15:29:34.656: [sbi] INFO: [aac74324-4f40-41ef-bf23-c55ef47bf9d9] NF de-registered (../lib/sbi/nf-sm.c:248)
07/31 15:29:44.671: [sbi] ERROR: Connection timer expired (../lib/sbi/client.c:605)
07/31 15:29:44.671: [sbi] WARNING: ogs_sbi_client_handler() failed [-3] (../lib/sbi/path.c:62)
07/31 15:29:45.659: [sbi] ERROR: Connection timer expired (../lib/sbi/client.c:605)
07/31 15:29:45.659: [sbi] WARNING: ogs_sbi_client_handler() failed [-3] (../lib/sbi/path.c:62)
07/31 15:29:45.659: [sbi] WARNING: [aac74324-4f40-41ef-bf23-c55ef47bf9d9] Retry registration with NRF (../lib/sbi/nf-sm.c:182)
07/31 15:29:56.668: [sbi] ERROR: Connection timer expired (../lib/sbi/client.c:605)
07/31 15:29:56.668: [sbi] WARNING: ogs_sbi_client_handler() failed [-3] (../lib/sbi/path.c:62)
07/31 15:29:56.668: [sbi] WARNING: [aac74324-4f40-41ef-bf23-c55ef47bf9d9] Retry registration with NRF (../lib/sbi/nf-sm.c:182)
07/31 15:30:07.676: [sbi] ERROR: Connection timer expired (../lib/sbi/client.c:605)
07/31 15:30:07.676: [sbi] WARNING: ogs_sbi_client_handler() failed [-3] (../lib/sbi/path.c:62)
07/31 15:30:07.676: [sbi] WARNING: [aac74324-4f40-41ef-bf23-c55ef47bf9d9] Retry registration with NRF (../lib/sbi/nf-sm.c:182)
Open5GS daemon v2.7.0-96-g322719f

07/31 15:30:23.946: [app] INFO: Configuration: '/open5gs/install/etc/open5gs/udm.yaml' (../lib/app/ogs-init.c:130)
07/31 15:30:23.946: [app] INFO: File Logging: '/open5gs/install/var/log/open5gs/udm.log' (../lib/app/ogs-init.c:133)
07/31 15:30:23.948: [sbi] INFO: NF Service [nudm-ueau] (../lib/sbi/context.c:1812)
07/31 15:30:23.948: [sbi] INFO: NF Service [nudm-uecm] (../lib/sbi/context.c:1812)
07/31 15:30:23.948: [sbi] INFO: NF Service [nudm-sdm] (../lib/sbi/context.c:1812)
07/31 15:30:23.948: [sbi] INFO: nghttp2_server() [http://172.22.0.13]:7777 (../lib/sbi/nghttp2-server.c:414)
07/31 15:30:23.948: [app] INFO: UDM initialize...done (../src/udm/app.c:31)
07/31 15:30:24.303: [sbi] INFO: [0a8130ea-4f41-41ef-9ae1-5be6657ebd44] NF registered [Heartbeat:10s] (../lib/sbi/nf-sm.c:221)
07/31 15:30:24.304: [sbi] INFO: [0ab784ba-4f41-41ef-aeb7-b9253d8cf3e9] Subscription created until 2024-08-01T15:30:24.304253+02:00 [duration:86400,validity:86399.999317,patch:43199.999658] (../lib/sbi/nnrf-handler.c:710)
07/31 15:30:24.304: [sbi] INFO: [0ab78622-4f41-41ef-aeb7-b9253d8cf3e9] Subscription created until 2024-08-01T15:30:24.304288+02:00 [duration:86400,validity:86399.999321,patch:43199.999660] (../lib/sbi/nnrf-handler.c:710)
07/31 15:30:34.004: [sbi] INFO: (NRF-notify) NF registered [107f43ce-4f41-41ef-9661-79f4bd2155d8:1] (../lib/sbi/nnrf-handler.c:926)
07/31 15:30:34.004: [sbi] INFO: [UDR] (NRF-notify) NF Profile updated [107f43ce-4f41-41ef-9661-79f4bd2155d8:1] (../lib/sbi/nnrf-handler.c:940)
Open5GS daemon v2.7.0-96-g322719f

08/01 11:51:58.305: [app] INFO: Configuration: '/open5gs/install/etc/open5gs/udm.yaml' (../lib/app/ogs-init.c:130)
08/01 11:51:58.305: [app] INFO: File Logging: '/open5gs/install/var/log/open5gs/udm.log' (../lib/app/ogs-init.c:133)
08/01 11:51:58.307: [sbi] INFO: NF Service [nudm-ueau] (../lib/sbi/context.c:1812)
08/01 11:51:58.307: [sbi] INFO: NF Service [nudm-uecm] (../lib/sbi/context.c:1812)
08/01 11:51:58.307: [sbi] INFO: NF Service [nudm-sdm] (../lib/sbi/context.c:1812)
08/01 11:51:58.307: [sbi] INFO: nghttp2_server() [http://172.22.0.13]:7777 (../lib/sbi/nghttp2-server.c:414)
08/01 11:51:58.308: [app] INFO: UDM initialize...done (../src/udm/app.c:31)
08/01 11:51:58.309: [sbi] INFO: [b158dbac-4feb-41ef-a922-e3e27d9d1e95] NF registered [Heartbeat:10s] (../lib/sbi/nf-sm.c:221)
08/01 11:51:58.310: [sbi] INFO: [b1593f8e-4feb-41ef-a2b0-d509102e8571] Subscription created until 2024-08-02T11:51:58.309989+02:00 [duration:86400,validity:86399.999483,patch:43199.999741] (../lib/sbi/nnrf-handler.c:710)
08/01 11:51:58.310: [sbi] INFO: [b1594466-4feb-41ef-a2b0-d509102e8571] Subscription created until 2024-08-02T11:51:58.310109+02:00 [duration:86400,validity:86399.999568,patch:43199.999784] (../lib/sbi/nnrf-handler.c:710)
08/01 11:52:08.789: [sbi] INFO: (NRF-notify) NF registered [b797e3be-4feb-41ef-bd3a-b7f113a92ad5:1] (../lib/sbi/nnrf-handler.c:926)
08/01 11:52:08.789: [sbi] INFO: [UDR] (NRF-notify) NF Profile updated [b797e3be-4feb-41ef-bd3a-b7f113a92ad5:1] (../lib/sbi/nnrf-handler.c:940)
Open5GS daemon v2.7.0-96-g322719f

08/01 11:54:02.716: [app] INFO: Configuration: '/open5gs/install/etc/open5gs/udm.yaml' (../lib/app/ogs-init.c:130)
08/01 11:54:02.716: [app] INFO: File Logging: '/open5gs/install/var/log/open5gs/udm.log' (../lib/app/ogs-init.c:133)
08/01 11:54:02.718: [sbi] INFO: NF Service [nudm-ueau] (../lib/sbi/context.c:1812)
08/01 11:54:02.718: [sbi] INFO: NF Service [nudm-uecm] (../lib/sbi/context.c:1812)
08/01 11:54:02.718: [sbi] INFO: NF Service [nudm-sdm] (../lib/sbi/context.c:1812)
08/01 11:54:02.719: [sbi] INFO: nghttp2_server() [http://172.22.0.13]:7777 (../lib/sbi/nghttp2-server.c:414)
08/01 11:54:02.719: [app] INFO: UDM initialize...done (../src/udm/app.c:31)
08/01 11:54:02.721: [sbi] INFO: [fb807b40-4feb-41ef-b861-e186867ba3e9] NF registered [Heartbeat:10s] (../lib/sbi/nf-sm.c:221)
08/01 11:54:02.722: [sbi] INFO: [fb80f098-4feb-41ef-bdaa-3db15b77f20a] Subscription created until 2024-08-02T11:54:02.721513+02:00 [duration:86400,validity:86399.999079,patch:43199.999539] (../lib/sbi/nnrf-handler.c:710)
08/01 11:54:02.722: [sbi] INFO: [fb8105a6-4feb-41ef-bdaa-3db15b77f20a] Subscription created until 2024-08-02T11:54:02.722049+02:00 [duration:86400,validity:86399.999581,patch:43199.999790] (../lib/sbi/nnrf-handler.c:710)
08/01 11:54:13.147: [sbi] INFO: (NRF-notify) NF registered [01b76d7a-4fec-41ef-a8dc-d3e76e8f9701:1] (../lib/sbi/nnrf-handler.c:926)
08/01 11:54:13.147: [sbi] INFO: [UDR] (NRF-notify) NF Profile updated [01b76d7a-4fec-41ef-a8dc-d3e76e8f9701:1] (../lib/sbi/nnrf-handler.c:940)
Open5GS daemon v2.7.0-96-g322719f

08/01 12:07:57.734: [app] INFO: Configuration: '/open5gs/install/etc/open5gs/udm.yaml' (../lib/app/ogs-init.c:130)
08/01 12:07:57.734: [app] INFO: File Logging: '/open5gs/install/var/log/open5gs/udm.log' (../lib/app/ogs-init.c:133)
08/01 12:07:57.737: [sbi] INFO: NF Service [nudm-ueau] (../lib/sbi/context.c:1812)
08/01 12:07:57.737: [sbi] INFO: NF Service [nudm-uecm] (../lib/sbi/context.c:1812)
08/01 12:07:57.737: [sbi] INFO: NF Service [nudm-sdm] (../lib/sbi/context.c:1812)
08/01 12:07:57.737: [sbi] INFO: nghttp2_server() [http://172.22.0.13]:7777 (../lib/sbi/nghttp2-server.c:414)
08/01 12:07:57.737: [app] INFO: UDM initialize...done (../src/udm/app.c:31)
08/01 12:07:57.905: [sbi] INFO: [ed363c9e-4fed-41ef-8471-0f9b6cbdc40c] NF registered [Heartbeat:10s] (../lib/sbi/nf-sm.c:221)
08/01 12:07:57.909: [sbi] INFO: [ed505a02-4fed-41ef-9b01-2dfde5eecec1] Subscription created until 2024-08-02T12:07:57.908434+02:00 [duration:86400,validity:86399.998817,patch:43199.999408] (../lib/sbi/nnrf-handler.c:710)
08/01 12:07:57.909: [sbi] INFO: [ed505b88-4fed-41ef-9b01-2dfde5eecec1] Subscription created until 2024-08-02T12:07:57.908472+02:00 [duration:86400,validity:86399.998795,patch:43199.999397] (../lib/sbi/nnrf-handler.c:710)
08/01 12:08:08.219: [sbi] INFO: (NRF-notify) NF registered [f37551da-4fed-41ef-b2bf-730839d55bd5:1] (../lib/sbi/nnrf-handler.c:926)
08/01 12:08:08.219: [sbi] INFO: [UDR] (NRF-notify) NF Profile updated [f37551da-4fed-41ef-b2bf-730839d55bd5:1] (../lib/sbi/nnrf-handler.c:940)
Open5GS daemon v2.7.0-96-g322719f

08/01 13:43:07.010: [app] INFO: Configuration: '/open5gs/install/etc/open5gs/udm.yaml' (../lib/app/ogs-init.c:130)
08/01 13:43:07.010: [app] INFO: File Logging: '/open5gs/install/var/log/open5gs/udm.log' (../lib/app/ogs-init.c:133)
08/01 13:43:07.012: [sbi] INFO: NF Service [nudm-ueau] (../lib/sbi/context.c:1812)
08/01 13:43:07.012: [sbi] INFO: NF Service [nudm-uecm] (../lib/sbi/context.c:1812)
08/01 13:43:07.012: [sbi] INFO: NF Service [nudm-sdm] (../lib/sbi/context.c:1812)
08/01 13:43:07.013: [sbi] INFO: nghttp2_server() [http://172.22.0.13]:7777 (../lib/sbi/nghttp2-server.c:414)
08/01 13:43:07.013: [app] INFO: UDM initialize...done (../src/udm/app.c:31)
08/01 13:43:07.151: [sbi] INFO: [38348284-4ffb-41ef-bbea-7d9a3960cbbf] NF registered [Heartbeat:10s] (../lib/sbi/nf-sm.c:221)
08/01 13:43:07.152: [sbi] INFO: [3849d1b6-4ffb-41ef-83e6-619507fd7e8a] Subscription created until 2024-08-02T13:43:07.152233+02:00 [duration:86400,validity:86399.999423,patch:43199.999711] (../lib/sbi/nnrf-handler.c:710)
08/01 13:43:07.152: [sbi] INFO: [3849d5ee-4ffb-41ef-83e6-619507fd7e8a] Subscription created until 2024-08-02T13:43:07.152336+02:00 [duration:86400,validity:86399.999494,patch:43199.999747] (../lib/sbi/nnrf-handler.c:710)
08/01 13:43:17.134: [sbi] INFO: (NRF-notify) NF registered [3e3c9478-4ffb-41ef-b7a9-7dd461c65cd8:1] (../lib/sbi/nnrf-handler.c:926)
08/01 13:43:17.134: [sbi] INFO: [UDR] (NRF-notify) NF Profile updated [3e3c9478-4ffb-41ef-b7a9-7dd461c65cd8:1] (../lib/sbi/nnrf-handler.c:940)
Open5GS daemon v2.7.0-96-g322719f

08/01 14:08:13.303: [app] INFO: Configuration: '/open5gs/install/etc/open5gs/udm.yaml' (../lib/app/ogs-init.c:130)
08/01 14:08:13.303: [app] INFO: File Logging: '/open5gs/install/var/log/open5gs/udm.log' (../lib/app/ogs-init.c:133)
08/01 14:08:13.305: [sbi] INFO: NF Service [nudm-ueau] (../lib/sbi/context.c:1812)
08/01 14:08:13.305: [sbi] INFO: NF Service [nudm-uecm] (../lib/sbi/context.c:1812)
08/01 14:08:13.305: [sbi] INFO: NF Service [nudm-sdm] (../lib/sbi/context.c:1812)
08/01 14:08:13.305: [sbi] INFO: nghttp2_server() [http://172.22.0.13]:7777 (../lib/sbi/nghttp2-server.c:414)
08/01 14:08:13.306: [app] INFO: UDM initialize...done (../src/udm/app.c:31)
08/01 14:08:13.307: [sbi] INFO: [ba068f5c-4ffe-41ef-ade6-c1514e8e2f81] NF registered [Heartbeat:10s] (../lib/sbi/nf-sm.c:221)
08/01 14:08:13.310: [sbi] INFO: [ba06fdca-4ffe-41ef-a3c5-274d77de64b9] Subscription created until 2024-08-02T14:08:13.308267+02:00 [duration:86400,validity:86399.997456,patch:43199.998728] (../lib/sbi/nnrf-handler.c:710)
08/01 14:08:13.310: [sbi] INFO: [ba0702a2-4ffe-41ef-a3c5-274d77de64b9] Subscription created until 2024-08-02T14:08:13.308386+02:00 [duration:86400,validity:86399.997506,patch:43199.998753] (../lib/sbi/nnrf-handler.c:710)
08/01 14:08:23.645: [sbi] INFO: (NRF-notify) NF registered [c0300084-4ffe-41ef-9232-9384b09df2ec:1] (../lib/sbi/nnrf-handler.c:926)
08/01 14:08:23.645: [sbi] INFO: [UDR] (NRF-notify) NF Profile updated [c0300084-4ffe-41ef-9232-9384b09df2ec:1] (../lib/sbi/nnrf-handler.c:940)
Open5GS daemon v2.7.0-96-g322719f

08/01 14:12:30.539: [app] INFO: Configuration: '/open5gs/install/etc/open5gs/udm.yaml' (../lib/app/ogs-init.c:130)
08/01 14:12:30.539: [app] INFO: File Logging: '/open5gs/install/var/log/open5gs/udm.log' (../lib/app/ogs-init.c:133)
08/01 14:12:30.542: [sbi] INFO: NF Service [nudm-ueau] (../lib/sbi/context.c:1812)
08/01 14:12:30.542: [sbi] INFO: NF Service [nudm-uecm] (../lib/sbi/context.c:1812)
08/01 14:12:30.542: [sbi] INFO: NF Service [nudm-sdm] (../lib/sbi/context.c:1812)
08/01 14:12:30.545: [sbi] INFO: nghttp2_server() [http://172.22.0.13]:7777 (../lib/sbi/nghttp2-server.c:414)
08/01 14:12:30.546: [app] INFO: UDM initialize...done (../src/udm/app.c:31)
08/01 14:12:30.547: [sbi] INFO: [5359cdb8-4fff-41ef-9ea7-7bb356558a86] NF registered [Heartbeat:10s] (../lib/sbi/nf-sm.c:221)
08/01 14:12:30.549: [sbi] INFO: [535aaeae-4fff-41ef-8db9-0ff38ea72563] Subscription created until 2024-08-02T14:12:30.548155+02:00 [duration:86400,validity:86399.999106,patch:43199.999553] (../lib/sbi/nnrf-handler.c:710)
08/01 14:12:30.549: [sbi] INFO: [535ac3ee-4fff-41ef-8db9-0ff38ea72563] Subscription created until 2024-08-02T14:12:30.548691+02:00 [duration:86400,validity:86399.999609,patch:43199.999804] (../lib/sbi/nnrf-handler.c:710)
08/01 14:12:40.674: [sbi] INFO: (NRF-notify) NF registered [59638226-4fff-41ef-a5c4-8b0f40b64fab:1] (../lib/sbi/nnrf-handler.c:926)
08/01 14:12:40.674: [sbi] INFO: [UDR] (NRF-notify) NF Profile updated [59638226-4fff-41ef-a5c4-8b0f40b64fab:1] (../lib/sbi/nnrf-handler.c:940)
Open5GS daemon v2.7.0-96-g322719f

08/01 14:33:31.201: [app] INFO: Configuration: '/open5gs/install/etc/open5gs/udm.yaml' (../lib/app/ogs-init.c:130)
08/01 14:33:31.201: [app] INFO: File Logging: '/open5gs/install/var/log/open5gs/udm.log' (../lib/app/ogs-init.c:133)
08/01 14:33:31.204: [sbi] INFO: NF Service [nudm-ueau] (../lib/sbi/context.c:1812)
08/01 14:33:31.204: [sbi] INFO: NF Service [nudm-uecm] (../lib/sbi/context.c:1812)
08/01 14:33:31.204: [sbi] INFO: NF Service [nudm-sdm] (../lib/sbi/context.c:1812)
08/01 14:33:31.204: [sbi] INFO: nghttp2_server() [http://172.22.0.13]:7777 (../lib/sbi/nghttp2-server.c:414)
08/01 14:33:31.204: [app] INFO: UDM initialize...done (../src/udm/app.c:31)
08/01 14:33:31.376: [sbi] INFO: [42c37b68-5002-41ef-a742-8b41ab34a90c] NF registered [Heartbeat:10s] (../lib/sbi/nf-sm.c:221)
08/01 14:33:31.382: [sbi] INFO: [42dde156-5002-41ef-8747-03ee6aaa7986] Subscription created until 2024-08-02T14:33:31.376883+02:00 [duration:86400,validity:86399.994210,patch:43199.997105] (../lib/sbi/nnrf-handler.c:710)
08/01 14:33:31.382: [sbi] INFO: [42dde89a-5002-41ef-8747-03ee6aaa7986] Subscription created until 2024-08-02T14:33:31.377068+02:00 [duration:86400,validity:86399.994353,patch:43199.997176] (../lib/sbi/nnrf-handler.c:710)
08/01 14:33:41.412: [sbi] INFO: (NRF-notify) NF registered [48d8b5fe-5002-41ef-b7ba-87ddf2af2feb:1] (../lib/sbi/nnrf-handler.c:926)
08/01 14:33:41.412: [sbi] INFO: [UDR] (NRF-notify) NF Profile updated [48d8b5fe-5002-41ef-b7ba-87ddf2af2feb:1] (../lib/sbi/nnrf-handler.c:940)
Open5GS daemon v2.7.0-96-g322719f

08/01 14:48:34.210: [app] INFO: Configuration: '/open5gs/install/etc/open5gs/udm.yaml' (../lib/app/ogs-init.c:130)
08/01 14:48:34.210: [app] INFO: File Logging: '/open5gs/install/var/log/open5gs/udm.log' (../lib/app/ogs-init.c:133)
08/01 14:48:34.213: [sbi] INFO: NF Service [nudm-ueau] (../lib/sbi/context.c:1812)
08/01 14:48:34.213: [sbi] INFO: NF Service [nudm-uecm] (../lib/sbi/context.c:1812)
08/01 14:48:34.213: [sbi] INFO: NF Service [nudm-sdm] (../lib/sbi/context.c:1812)
08/01 14:48:34.213: [sbi] INFO: nghttp2_server() [http://172.22.0.13]:7777 (../lib/sbi/nghttp2-server.c:414)
08/01 14:48:34.213: [app] INFO: UDM initialize...done (../src/udm/app.c:31)
08/01 14:48:34.215: [sbi] INFO: [5cffb512-5004-41ef-9b2d-0925216e87e8] NF registered [Heartbeat:10s] (../lib/sbi/nf-sm.c:221)
08/01 14:48:34.215: [sbi] INFO: [5d001688-5004-41ef-9dea-7faa7e404d1c] Subscription created until 2024-08-02T14:48:34.215293+02:00 [duration:86400,validity:86399.999547,patch:43199.999773] (../lib/sbi/nnrf-handler.c:710)
08/01 14:48:34.215: [sbi] INFO: [5d001eb2-5004-41ef-9dea-7faa7e404d1c] Subscription created until 2024-08-02T14:48:34.215499+02:00 [duration:86400,validity:86399.999684,patch:43199.999842] (../lib/sbi/nnrf-handler.c:710)
08/01 14:48:43.882: [sbi] INFO: (NRF-notify) NF registered [62c2d4b6-5004-41ef-9207-5be6a9798e32:1] (../lib/sbi/nnrf-handler.c:926)
08/01 14:48:43.882: [sbi] INFO: [UDR] (NRF-notify) NF Profile updated [62c2d4b6-5004-41ef-9207-5be6a9798e32:1] (../lib/sbi/nnrf-handler.c:940)
Open5GS daemon v2.7.0-96-g322719f

08/01 15:05:02.391: [app] INFO: Configuration: '/open5gs/install/etc/open5gs/udm.yaml' (../lib/app/ogs-init.c:130)
08/01 15:05:02.391: [app] INFO: File Logging: '/open5gs/install/var/log/open5gs/udm.log' (../lib/app/ogs-init.c:133)
08/01 15:05:02.393: [sbi] INFO: NF Service [nudm-ueau] (../lib/sbi/context.c:1812)
08/01 15:05:02.393: [sbi] INFO: NF Service [nudm-uecm] (../lib/sbi/context.c:1812)
08/01 15:05:02.393: [sbi] INFO: NF Service [nudm-sdm] (../lib/sbi/context.c:1812)
08/01 15:05:02.393: [sbi] INFO: nghttp2_server() [http://172.22.0.13]:7777 (../lib/sbi/nghttp2-server.c:414)
08/01 15:05:02.394: [app] INFO: UDM initialize...done (../src/udm/app.c:31)
08/01 15:05:02.395: [sbi] INFO: [aa001b52-5006-41ef-8a07-1732e633d3e4] NF registered [Heartbeat:10s] (../lib/sbi/nf-sm.c:221)
08/01 15:05:02.396: [sbi] INFO: [aa008100-5006-41ef-bab9-f14983245229] Subscription created until 2024-08-02T15:05:02.396042+02:00 [duration:86400,validity:86399.999614,patch:43199.999807] (../lib/sbi/nnrf-handler.c:710)
08/01 15:05:02.396: [sbi] INFO: [aa008556-5006-41ef-bab9-f14983245229] Subscription created until 2024-08-02T15:05:02.396148+02:00 [duration:86400,validity:86399.999691,patch:43199.999845] (../lib/sbi/nnrf-handler.c:710)
08/01 15:05:12.272: [sbi] INFO: (NRF-notify) NF registered [afe33748-5006-41ef-85c4-45d832331fb1:1] (../lib/sbi/nnrf-handler.c:926)
08/01 15:05:12.272: [sbi] INFO: [UDR] (NRF-notify) NF Profile updated [afe33748-5006-41ef-85c4-45d832331fb1:1] (../lib/sbi/nnrf-handler.c:940)
Open5GS daemon v2.7.0-96-g322719f

08/01 15:06:47.713: [app] INFO: Configuration: '/open5gs/install/etc/open5gs/udm.yaml' (../lib/app/ogs-init.c:130)
08/01 15:06:47.713: [app] INFO: File Logging: '/open5gs/install/var/log/open5gs/udm.log' (../lib/app/ogs-init.c:133)
08/01 15:06:47.716: [sbi] INFO: NF Service [nudm-ueau] (../lib/sbi/context.c:1812)
08/01 15:06:47.716: [sbi] INFO: NF Service [nudm-uecm] (../lib/sbi/context.c:1812)
08/01 15:06:47.716: [sbi] INFO: NF Service [nudm-sdm] (../lib/sbi/context.c:1812)
08/01 15:06:47.716: [sbi] INFO: nghttp2_server() [http://172.22.0.13]:7777 (../lib/sbi/nghttp2-server.c:414)
08/01 15:06:47.716: [app] INFO: UDM initialize...done (../src/udm/app.c:31)
08/01 15:06:47.794: [sbi] INFO: [e8c6f806-5006-41ef-8c73-819736821675] NF registered [Heartbeat:10s] (../lib/sbi/nf-sm.c:221)
08/01 15:06:47.797: [sbi] INFO: [e8d36b22-5006-41ef-8d1d-79b011cb8cee] Subscription created until 2024-08-02T15:06:47.797031+02:00 [duration:86400,validity:86399.999338,patch:43199.999669] (../lib/sbi/nnrf-handler.c:710)
08/01 15:06:47.797: [sbi] INFO: [e8d36da2-5006-41ef-8d1d-79b011cb8cee] Subscription created until 2024-08-02T15:06:47.797089+02:00 [duration:86400,validity:86399.999342,patch:43199.999671] (../lib/sbi/nnrf-handler.c:710)
08/01 15:06:57.749: [sbi] INFO: (NRF-notify) NF registered [eec1a968-5006-41ef-80aa-d72941105317:1] (../lib/sbi/nnrf-handler.c:926)
08/01 15:06:57.749: [sbi] INFO: [UDR] (NRF-notify) NF Profile updated [eec1a968-5006-41ef-80aa-d72941105317:1] (../lib/sbi/nnrf-handler.c:940)
Open5GS daemon v2.7.0-96-g322719f

08/01 15:08:16.837: [app] INFO: Configuration: '/open5gs/install/etc/open5gs/udm.yaml' (../lib/app/ogs-init.c:130)
08/01 15:08:16.837: [app] INFO: File Logging: '/open5gs/install/var/log/open5gs/udm.log' (../lib/app/ogs-init.c:133)
08/01 15:08:16.839: [sbi] INFO: NF Service [nudm-ueau] (../lib/sbi/context.c:1812)
08/01 15:08:16.839: [sbi] INFO: NF Service [nudm-uecm] (../lib/sbi/context.c:1812)
08/01 15:08:16.840: [sbi] INFO: NF Service [nudm-sdm] (../lib/sbi/context.c:1812)
08/01 15:08:16.840: [sbi] INFO: nghttp2_server() [http://172.22.0.13]:7777 (../lib/sbi/nghttp2-server.c:414)
08/01 15:08:16.840: [app] INFO: UDM initialize...done (../src/udm/app.c:31)
08/01 15:08:16.841: [sbi] INFO: [1de640aa-5007-41ef-8a76-25f9debf99ec] NF registered [Heartbeat:10s] (../lib/sbi/nf-sm.c:221)
08/01 15:08:16.842: [sbi] INFO: [1de69cb2-5007-41ef-8ce1-0d322c0b478a] Subscription created until 2024-08-02T15:08:16.842062+02:00 [duration:86400,validity:86399.999648,patch:43199.999824] (../lib/sbi/nnrf-handler.c:710)
08/01 15:08:16.842: [sbi] INFO: [1de69f1e-5007-41ef-8ce1-0d322c0b478a] Subscription created until 2024-08-02T15:08:16.842119+02:00 [duration:86400,validity:86399.999676,patch:43199.999838] (../lib/sbi/nnrf-handler.c:710)
08/01 15:08:26.617: [sbi] INFO: (NRF-notify) NF registered [23b9c740-5007-41ef-ac9f-bb000a3001de:1] (../lib/sbi/nnrf-handler.c:926)
08/01 15:08:26.617: [sbi] INFO: [UDR] (NRF-notify) NF Profile updated [23b9c740-5007-41ef-ac9f-bb000a3001de:1] (../lib/sbi/nnrf-handler.c:940)
Open5GS daemon v2.7.0-96-g322719f

08/01 16:23:01.570: [app] INFO: Configuration: '/open5gs/install/etc/open5gs/udm.yaml' (../lib/app/ogs-init.c:130)
08/01 16:23:01.570: [app] INFO: File Logging: '/open5gs/install/var/log/open5gs/udm.log' (../lib/app/ogs-init.c:133)
08/01 16:23:01.572: [sbi] INFO: NF Service [nudm-ueau] (../lib/sbi/context.c:1812)
08/01 16:23:01.572: [sbi] INFO: NF Service [nudm-uecm] (../lib/sbi/context.c:1812)
08/01 16:23:01.572: [sbi] INFO: NF Service [nudm-sdm] (../lib/sbi/context.c:1812)
08/01 16:23:01.572: [sbi] INFO: nghttp2_server() [http://172.22.0.13]:7777 (../lib/sbi/nghttp2-server.c:414)
08/01 16:23:01.572: [app] INFO: UDM initialize...done (../src/udm/app.c:31)
08/01 16:23:01.574: [sbi] INFO: [8f0220ba-5011-41ef-9f29-295136c79608] NF registered [Heartbeat:10s] (../lib/sbi/nf-sm.c:221)
08/01 16:23:01.575: [sbi] INFO: [8f027ec0-5011-41ef-a125-450c5d9aaa27] Subscription created until 2024-08-02T16:23:01.574634+02:00 [duration:86400,validity:86399.999596,patch:43199.999798] (../lib/sbi/nnrf-handler.c:710)
08/01 16:23:01.575: [sbi] INFO: [8f028488-5011-41ef-a125-450c5d9aaa27] Subscription created until 2024-08-02T16:23:01.574778+02:00 [duration:86400,validity:86399.999676,patch:43199.999838] (../lib/sbi/nnrf-handler.c:710)
08/01 16:23:11.465: [sbi] INFO: (NRF-notify) NF registered [94e714e0-5011-41ef-91d4-e9bb53a5a395:1] (../lib/sbi/nnrf-handler.c:926)
08/01 16:23:11.465: [sbi] INFO: [UDR] (NRF-notify) NF Profile updated [94e714e0-5011-41ef-91d4-e9bb53a5a395:1] (../lib/sbi/nnrf-handler.c:940)
Open5GS daemon v2.7.0-96-g322719f

08/01 16:42:06.032: [app] INFO: Configuration: '/open5gs/install/etc/open5gs/udm.yaml' (../lib/app/ogs-init.c:130)
08/01 16:42:06.032: [app] INFO: File Logging: '/open5gs/install/var/log/open5gs/udm.log' (../lib/app/ogs-init.c:133)
08/01 16:42:06.034: [sbi] INFO: NF Service [nudm-ueau] (../lib/sbi/context.c:1812)
08/01 16:42:06.034: [sbi] INFO: NF Service [nudm-uecm] (../lib/sbi/context.c:1812)
08/01 16:42:06.034: [sbi] INFO: NF Service [nudm-sdm] (../lib/sbi/context.c:1812)
08/01 16:42:06.035: [sbi] INFO: nghttp2_server() [http://172.22.0.13]:7777 (../lib/sbi/nghttp2-server.c:414)
08/01 16:42:06.035: [app] INFO: UDM initialize...done (../src/udm/app.c:31)
08/01 16:42:06.036: [sbi] INFO: [3929373e-5014-41ef-b062-4bba1d03813a] NF registered [Heartbeat:10s] (../lib/sbi/nf-sm.c:221)
08/01 16:42:06.039: [sbi] INFO: [3929ce24-5014-41ef-a34c-0d0843cb02a9] Subscription created until 2024-08-02T16:42:06.038389+02:00 [duration:86400,validity:86399.998847,patch:43199.999423] (../lib/sbi/nnrf-handler.c:710)
08/01 16:42:06.039: [sbi] INFO: [3929d162-5014-41ef-a34c-0d0843cb02a9] Subscription created until 2024-08-02T16:42:06.038466+02:00 [duration:86400,validity:86399.998859,patch:43199.999429] (../lib/sbi/nnrf-handler.c:710)
08/01 16:42:16.463: [sbi] INFO: (NRF-notify) NF registered [3f603378-5014-41ef-b39e-4d5dc6df3bbe:1] (../lib/sbi/nnrf-handler.c:926)
08/01 16:42:16.463: [sbi] INFO: [UDR] (NRF-notify) NF Profile updated [3f603378-5014-41ef-b39e-4d5dc6df3bbe:1] (../lib/sbi/nnrf-handler.c:940)
Open5GS daemon v2.7.0-96-g322719f

08/01 17:10:03.015: [app] INFO: Configuration: '/open5gs/install/etc/open5gs/udm.yaml' (../lib/app/ogs-init.c:130)
08/01 17:10:03.015: [app] INFO: File Logging: '/open5gs/install/var/log/open5gs/udm.log' (../lib/app/ogs-init.c:133)
08/01 17:10:03.018: [sbi] INFO: NF Service [nudm-ueau] (../lib/sbi/context.c:1812)
08/01 17:10:03.018: [sbi] INFO: NF Service [nudm-uecm] (../lib/sbi/context.c:1812)
08/01 17:10:03.018: [sbi] INFO: NF Service [nudm-sdm] (../lib/sbi/context.c:1812)
08/01 17:10:03.018: [sbi] INFO: nghttp2_server() [http://172.22.0.13]:7777 (../lib/sbi/nghttp2-server.c:414)
08/01 17:10:03.018: [app] INFO: UDM initialize...done (../src/udm/app.c:31)
08/01 17:10:03.019: [sbi] INFO: [20b88d22-5018-41ef-8db8-776156f703f6] NF registered [Heartbeat:10s] (../lib/sbi/nf-sm.c:221)
08/01 17:10:03.022: [sbi] INFO: [20b8ed4e-5018-41ef-81e0-f793eb9c9c39] Subscription created until 2024-08-02T17:10:03.020229+02:00 [duration:86400,validity:86399.997800,patch:43199.998900] (../lib/sbi/nnrf-handler.c:710)
08/01 17:10:03.022: [sbi] INFO: [20b8efe2-5018-41ef-81e0-f793eb9c9c39] Subscription created until 2024-08-02T17:10:03.020289+02:00 [duration:86400,validity:86399.997782,patch:43199.998891] (../lib/sbi/nnrf-handler.c:710)
08/01 17:10:12.930: [sbi] INFO: (NRF-notify) NF registered [26a0c9ac-5018-41ef-a06c-f36a0be3ab46:1] (../lib/sbi/nnrf-handler.c:926)
08/01 17:10:12.931: [sbi] INFO: [UDR] (NRF-notify) NF Profile updated [26a0c9ac-5018-41ef-a06c-f36a0be3ab46:1] (../lib/sbi/nnrf-handler.c:940)
Open5GS daemon v2.7.0-96-g322719f

08/01 17:55:16.726: [app] INFO: Configuration: '/open5gs/install/etc/open5gs/udm.yaml' (../lib/app/ogs-init.c:130)
08/01 17:55:16.726: [app] INFO: File Logging: '/open5gs/install/var/log/open5gs/udm.log' (../lib/app/ogs-init.c:133)
08/01 17:55:16.729: [sbi] INFO: NF Service [nudm-ueau] (../lib/sbi/context.c:1812)
08/01 17:55:16.729: [sbi] INFO: NF Service [nudm-uecm] (../lib/sbi/context.c:1812)
08/01 17:55:16.729: [sbi] INFO: NF Service [nudm-sdm] (../lib/sbi/context.c:1812)
08/01 17:55:16.729: [sbi] INFO: nghttp2_server() [http://172.22.0.13]:7777 (../lib/sbi/nghttp2-server.c:414)
08/01 17:55:16.730: [app] INFO: UDM initialize...done (../src/udm/app.c:31)
08/01 17:55:16.731: [sbi] INFO: [72380c12-501e-41ef-a9c1-6fd983c302dd] NF registered [Heartbeat:10s] (../lib/sbi/nf-sm.c:221)
08/01 17:55:16.732: [sbi] INFO: [72387aee-501e-41ef-9c62-4b6bf9a17ccd] Subscription created until 2024-08-02T17:55:16.731990+02:00 [duration:86400,validity:86399.999696,patch:43199.999848] (../lib/sbi/nnrf-handler.c:710)
08/01 17:55:16.732: [sbi] INFO: [72387fc6-501e-41ef-9c62-4b6bf9a17ccd] Subscription created until 2024-08-02T17:55:16.732109+02:00 [duration:86400,validity:86399.999709,patch:43199.999854] (../lib/sbi/nnrf-handler.c:710)
08/01 17:55:27.091: [sbi] INFO: (NRF-notify) NF registered [7864c8f0-501e-41ef-986a-f30e8c54a03c:1] (../lib/sbi/nnrf-handler.c:926)
08/01 17:55:27.091: [sbi] INFO: [UDR] (NRF-notify) NF Profile updated [7864c8f0-501e-41ef-986a-f30e8c54a03c:1] (../lib/sbi/nnrf-handler.c:940)
Open5GS daemon v2.7.0-96-g322719f

08/01 18:11:31.778: [app] INFO: Configuration: '/open5gs/install/etc/open5gs/udm.yaml' (../lib/app/ogs-init.c:130)
08/01 18:11:31.778: [app] INFO: File Logging: '/open5gs/install/var/log/open5gs/udm.log' (../lib/app/ogs-init.c:133)
08/01 18:11:31.780: [sbi] INFO: NF Service [nudm-ueau] (../lib/sbi/context.c:1812)
08/01 18:11:31.780: [sbi] INFO: NF Service [nudm-uecm] (../lib/sbi/context.c:1812)
08/01 18:11:31.780: [sbi] INFO: NF Service [nudm-sdm] (../lib/sbi/context.c:1812)
08/01 18:11:31.781: [sbi] INFO: nghttp2_server() [http://172.22.0.13]:7777 (../lib/sbi/nghttp2-server.c:414)
08/01 18:11:31.781: [app] INFO: UDM initialize...done (../src/udm/app.c:31)
08/01 18:11:31.783: [sbi] INFO: [b76511f2-5020-41ef-86b5-41ca2cd25158] NF registered [Heartbeat:10s] (../lib/sbi/nf-sm.c:221)
08/01 18:11:31.784: [sbi] INFO: [b765a3ba-5020-41ef-b714-c194734f11da] Subscription created until 2024-08-02T18:11:31.784194+02:00 [duration:86400,validity:86399.999361,patch:43199.999680] (../lib/sbi/nnrf-handler.c:710)
08/01 18:11:31.784: [sbi] INFO: [b765a63a-5020-41ef-b714-c194734f11da] Subscription created until 2024-08-02T18:11:31.784253+02:00 [duration:86400,validity:86399.999362,patch:43199.999681] (../lib/sbi/nnrf-handler.c:710)
08/01 18:11:42.106: [sbi] INFO: (NRF-notify) NF registered [bd8c41f4-5020-41ef-bf00-136b19e9f36f:1] (../lib/sbi/nnrf-handler.c:926)
08/01 18:11:42.106: [sbi] INFO: [UDR] (NRF-notify) NF Profile updated [bd8c41f4-5020-41ef-bf00-136b19e9f36f:1] (../lib/sbi/nnrf-handler.c:940)
Open5GS daemon v2.7.0-96-g322719f

08/01 18:15:56.227: [app] INFO: Configuration: '/open5gs/install/etc/open5gs/udm.yaml' (../lib/app/ogs-init.c:130)
08/01 18:15:56.227: [app] INFO: File Logging: '/open5gs/install/var/log/open5gs/udm.log' (../lib/app/ogs-init.c:133)
08/01 18:15:56.230: [sbi] INFO: NF Service [nudm-ueau] (../lib/sbi/context.c:1812)
08/01 18:15:56.230: [sbi] INFO: NF Service [nudm-uecm] (../lib/sbi/context.c:1812)
08/01 18:15:56.230: [sbi] INFO: NF Service [nudm-sdm] (../lib/sbi/context.c:1812)
08/01 18:15:56.230: [sbi] INFO: nghttp2_server() [http://172.22.0.13]:7777 (../lib/sbi/nghttp2-server.c:414)
08/01 18:15:56.230: [app] INFO: UDM initialize...done (../src/udm/app.c:31)
08/01 18:15:56.687: [sbi] INFO: [5504d370-5021-41ef-8107-b3d64a82ee36] NF registered [Heartbeat:10s] (../lib/sbi/nf-sm.c:221)
08/01 18:15:56.689: [sbi] INFO: [554acaa6-5021-41ef-afdb-a964773d35c0] Subscription created until 2024-08-02T18:15:56.688250+02:00 [duration:86400,validity:86399.999001,patch:43199.999500] (../lib/sbi/nnrf-handler.c:710)
08/01 18:15:56.689: [sbi] INFO: [554acefc-5021-41ef-afdb-a964773d35c0] Subscription created until 2024-08-02T18:15:56.688362+02:00 [duration:86400,validity:86399.999082,patch:43199.999541] (../lib/sbi/nnrf-handler.c:710)
08/01 18:16:06.781: [sbi] INFO: (NRF-notify) NF registered [5b4e85d2-5021-41ef-b386-f3e95cbb2014:1] (../lib/sbi/nnrf-handler.c:926)
08/01 18:16:06.781: [sbi] INFO: [UDR] (NRF-notify) NF Profile updated [5b4e85d2-5021-41ef-b386-f3e95cbb2014:1] (../lib/sbi/nnrf-handler.c:940)
Open5GS daemon v2.7.0-96-g322719f

08/01 18:21:09.363: [app] INFO: Configuration: '/open5gs/install/etc/open5gs/udm.yaml' (../lib/app/ogs-init.c:130)
08/01 18:21:09.363: [app] INFO: File Logging: '/open5gs/install/var/log/open5gs/udm.log' (../lib/app/ogs-init.c:133)
08/01 18:21:09.366: [sbi] INFO: NF Service [nudm-ueau] (../lib/sbi/context.c:1812)
08/01 18:21:09.366: [sbi] INFO: NF Service [nudm-uecm] (../lib/sbi/context.c:1812)
08/01 18:21:09.366: [sbi] INFO: NF Service [nudm-sdm] (../lib/sbi/context.c:1812)
08/01 18:21:09.366: [sbi] INFO: nghttp2_server() [http://172.22.0.13]:7777 (../lib/sbi/nghttp2-server.c:414)
08/01 18:21:09.366: [app] INFO: UDM initialize...done (../src/udm/app.c:31)
08/01 18:21:09.368: [sbi] INFO: [0fa99800-5022-41ef-b4b0-ed3cb38dc435] NF registered [Heartbeat:10s] (../lib/sbi/nf-sm.c:221)
08/01 18:21:09.368: [sbi] INFO: [0faa0150-5022-41ef-90f6-d9186af56cd6] Subscription created until 2024-08-02T18:21:09.368466+02:00 [duration:86400,validity:86399.999523,patch:43199.999761] (../lib/sbi/nnrf-handler.c:710)
08/01 18:21:09.368: [sbi] INFO: [0faa0718-5022-41ef-90f6-d9186af56cd6] Subscription created until 2024-08-02T18:21:09.368609+02:00 [duration:86400,validity:86399.999629,patch:43199.999814] (../lib/sbi/nnrf-handler.c:710)
08/01 18:21:19.437: [sbi] INFO: (NRF-notify) NF registered [15aa0d84-5022-41ef-98bb-b18317fd2425:1] (../lib/sbi/nnrf-handler.c:926)
08/01 18:21:19.437: [sbi] INFO: [UDR] (NRF-notify) NF Profile updated [15aa0d84-5022-41ef-98bb-b18317fd2425:1] (../lib/sbi/nnrf-handler.c:940)
Open5GS daemon v2.7.0-96-g322719f

08/02 13:06:15.547: [app] INFO: Configuration: '/open5gs/install/etc/open5gs/udm.yaml' (../lib/app/ogs-init.c:130)
08/02 13:06:15.547: [app] INFO: File Logging: '/open5gs/install/var/log/open5gs/udm.log' (../lib/app/ogs-init.c:133)
08/02 13:06:15.549: [sbi] INFO: NF Service [nudm-ueau] (../lib/sbi/context.c:1812)
08/02 13:06:15.549: [sbi] INFO: NF Service [nudm-uecm] (../lib/sbi/context.c:1812)
08/02 13:06:15.549: [sbi] INFO: NF Service [nudm-sdm] (../lib/sbi/context.c:1812)
08/02 13:06:15.549: [sbi] INFO: nghttp2_server() [http://172.22.0.13]:7777 (../lib/sbi/nghttp2-server.c:414)
08/02 13:06:15.549: [app] INFO: UDM initialize...done (../src/udm/app.c:31)
08/02 13:06:15.551: [sbi] INFO: [3c7bc0c2-50bf-41ef-9c54-e95c1ae1148c] NF registered [Heartbeat:10s] (../lib/sbi/nf-sm.c:221)
08/02 13:06:15.551: [sbi] INFO: [3c7c1342-50bf-41ef-8345-91f648a56e7a] Subscription created until 2024-08-03T13:06:15.551478+02:00 [duration:86400,validity:86399.999656,patch:43199.999828] (../lib/sbi/nnrf-handler.c:710)
08/02 13:06:15.551: [sbi] INFO: [3c7c182e-50bf-41ef-8345-91f648a56e7a] Subscription created until 2024-08-03T13:06:15.551600+02:00 [duration:86400,validity:86399.999704,patch:43199.999852] (../lib/sbi/nnrf-handler.c:710)
08/02 13:06:25.891: [sbi] INFO: (NRF-notify) NF registered [42a594b4-50bf-41ef-b5fd-21eb8a2b1863:1] (../lib/sbi/nnrf-handler.c:926)
08/02 13:06:25.891: [sbi] INFO: [UDR] (NRF-notify) NF Profile updated [42a594b4-50bf-41ef-b5fd-21eb8a2b1863:1] (../lib/sbi/nnrf-handler.c:940)
Open5GS daemon v2.7.0-96-g322719f

08/02 13:09:39.899: [app] INFO: Configuration: '/open5gs/install/etc/open5gs/udm.yaml' (../lib/app/ogs-init.c:130)
08/02 13:09:39.899: [app] INFO: File Logging: '/open5gs/install/var/log/open5gs/udm.log' (../lib/app/ogs-init.c:133)
08/02 13:09:39.901: [sbi] INFO: NF Service [nudm-ueau] (../lib/sbi/context.c:1812)
08/02 13:09:39.901: [sbi] INFO: NF Service [nudm-uecm] (../lib/sbi/context.c:1812)
08/02 13:09:39.901: [sbi] INFO: NF Service [nudm-sdm] (../lib/sbi/context.c:1812)
08/02 13:09:39.902: [sbi] INFO: nghttp2_server() [http://172.22.0.13]:7777 (../lib/sbi/nghttp2-server.c:414)
08/02 13:09:39.904: [app] INFO: UDM initialize...done (../src/udm/app.c:31)
08/02 13:09:40.239: [sbi] INFO: [b6496d50-50bf-41ef-9ff9-93b22dbfd2a4] NF registered [Heartbeat:10s] (../lib/sbi/nf-sm.c:221)
08/02 13:09:40.240: [sbi] INFO: [b67d0e4e-50bf-41ef-a490-59235e8a5b1b] Subscription created until 2024-08-03T13:09:40.239936+02:00 [duration:86400,validity:86399.999377,patch:43199.999688] (../lib/sbi/nnrf-handler.c:710)
08/02 13:09:40.240: [sbi] INFO: [b67d0fca-50bf-41ef-a490-59235e8a5b1b] Subscription created until 2024-08-03T13:09:40.239972+02:00 [duration:86400,validity:86399.999307,patch:43199.999653] (../lib/sbi/nnrf-handler.c:710)
08/02 13:09:50.078: [sbi] INFO: (NRF-notify) NF registered [bc59debe-50bf-41ef-a893-ab627ec744d6:1] (../lib/sbi/nnrf-handler.c:926)
08/02 13:09:50.078: [sbi] INFO: [UDR] (NRF-notify) NF Profile updated [bc59debe-50bf-41ef-a893-ab627ec744d6:1] (../lib/sbi/nnrf-handler.c:940)
Open5GS daemon v2.7.0-96-g322719f

08/02 13:46:21.128: [app] INFO: Configuration: '/open5gs/install/etc/open5gs/udm.yaml' (../lib/app/ogs-init.c:130)
08/02 13:46:21.128: [app] INFO: File Logging: '/open5gs/install/var/log/open5gs/udm.log' (../lib/app/ogs-init.c:133)
08/02 13:46:21.131: [sbi] INFO: NF Service [nudm-ueau] (../lib/sbi/context.c:1812)
08/02 13:46:21.131: [sbi] INFO: NF Service [nudm-uecm] (../lib/sbi/context.c:1812)
08/02 13:46:21.131: [sbi] INFO: NF Service [nudm-sdm] (../lib/sbi/context.c:1812)
08/02 13:46:21.131: [sbi] INFO: nghttp2_server() [http://172.22.0.13]:7777 (../lib/sbi/nghttp2-server.c:414)
08/02 13:46:21.131: [app] INFO: UDM initialize...done (../src/udm/app.c:31)
08/02 13:46:21.133: [sbi] INFO: [d65258dc-50c4-41ef-a2ae-791eb15d6725] NF registered [Heartbeat:10s] (../lib/sbi/nf-sm.c:221)
08/02 13:46:21.134: [sbi] INFO: [d652d280-50c4-41ef-a803-77004e2a7967] Subscription created until 2024-08-03T13:46:21.133900+02:00 [duration:86400,validity:86399.999657,patch:43199.999828] (../lib/sbi/nnrf-handler.c:710)
08/02 13:46:21.134: [sbi] INFO: [d652d906-50c4-41ef-a803-77004e2a7967] Subscription created until 2024-08-03T13:46:21.134062+02:00 [duration:86400,validity:86399.999718,patch:43199.999859] (../lib/sbi/nnrf-handler.c:710)
08/02 13:46:31.294: [sbi] INFO: (NRF-notify) NF registered [dc60d14a-50c4-41ef-b8fd-17d535dbd5c4:1] (../lib/sbi/nnrf-handler.c:926)
08/02 13:46:31.294: [sbi] INFO: [UDR] (NRF-notify) NF Profile updated [dc60d14a-50c4-41ef-b8fd-17d535dbd5c4:1] (../lib/sbi/nnrf-handler.c:940)
Open5GS daemon v2.7.0-96-g322719f

08/03 20:54:33.767: [app] INFO: Configuration: '/open5gs/install/etc/open5gs/udm.yaml' (../lib/app/ogs-init.c:130)
08/03 20:54:33.767: [app] INFO: File Logging: '/open5gs/install/var/log/open5gs/udm.log' (../lib/app/ogs-init.c:133)
08/03 20:54:33.769: [sbi] WARNING: unknown key `service_name` (../lib/sbi/context.c:479)
08/03 20:54:33.769: [sbi] INFO: NF Service [nudm-ueau] (../lib/sbi/context.c:1812)
08/03 20:54:33.769: [sbi] INFO: NF Service [nudm-uecm] (../lib/sbi/context.c:1812)
08/03 20:54:33.769: [sbi] INFO: NF Service [nudm-sdm] (../lib/sbi/context.c:1812)
08/03 20:54:33.769: [sbi] INFO: nghttp2_server() [http://172.22.0.13]:7777 (../lib/sbi/nghttp2-server.c:414)
08/03 20:54:33.769: [app] INFO: UDM initialize...done (../src/udm/app.c:31)
Open5GS daemon v2.7.0-96-g322719f

08/03 20:54:33.903: [app] INFO: Configuration: '/open5gs/install/etc/open5gs/udm.yaml' (../lib/app/ogs-init.c:130)
08/03 20:54:33.903: [app] INFO: File Logging: '/open5gs/install/var/log/open5gs/udm.log' (../lib/app/ogs-init.c:133)
08/03 20:54:33.906: [sbi] WARNING: unknown key `service_name` (../lib/sbi/context.c:479)
08/03 20:54:33.906: [sbi] INFO: NF Service [nudm-ueau] (../lib/sbi/context.c:1812)
08/03 20:54:33.906: [sbi] INFO: NF Service [nudm-uecm] (../lib/sbi/context.c:1812)
08/03 20:54:33.906: [sbi] INFO: NF Service [nudm-sdm] (../lib/sbi/context.c:1812)
08/03 20:54:33.906: [sbi] INFO: nghttp2_server() [http://172.22.0.40]:7777 (../lib/sbi/nghttp2-server.c:414)
08/03 20:54:33.908: [app] INFO: UDM initialize...done (../src/udm/app.c:31)
08/03 20:54:34.063: [sbi] INFO: [d2d27a1a-51c9-41ef-979c-d7d5d4f35a1e] NF registered [Heartbeat:10s] (../lib/sbi/nf-sm.c:221)
08/03 20:54:34.063: [sbi] INFO: [d2bd9708-51c9-41ef-82cf-53af8c675574] NF registered [Heartbeat:10s] (../lib/sbi/nf-sm.c:221)
08/03 20:54:34.071: [sbi] INFO: [d2eaa6a8-51c9-41ef-a013-87db51d04424] Subscription created until 2024-08-04T20:54:34.064456+02:00 [duration:86400,validity:86399.992962,patch:43199.996481] (../lib/sbi/nnrf-handler.c:710)
08/03 20:54:34.071: [sbi] INFO: [d2eaa8c4-51c9-41ef-a013-87db51d04424] Subscription created until 2024-08-04T20:54:34.064510+02:00 [duration:86400,validity:86399.992950,patch:43199.996475] (../lib/sbi/nnrf-handler.c:710)
08/03 20:54:34.071: [sbi] INFO: [d2eb5490-51c9-41ef-a013-87db51d04424] Subscription created until 2024-08-04T20:54:34.068908+02:00 [duration:86400,validity:86399.997011,patch:43199.998505] (../lib/sbi/nnrf-handler.c:710)
08/03 20:54:34.071: [sbi] INFO: [d2eb5ddc-51c9-41ef-a013-87db51d04424] Subscription created until 2024-08-04T20:54:34.069187+02:00 [duration:86400,validity:86399.997230,patch:43199.998615] (../lib/sbi/nnrf-handler.c:710)
08/03 20:54:44.431: [sbi] INFO: (NRF-notify) NF registered [d918305e-51c9-41ef-b05b-25dffc0de218:1] (../lib/sbi/nnrf-handler.c:926)
08/03 20:54:44.432: [sbi] INFO: [UDR] (NRF-notify) NF Profile updated [d918305e-51c9-41ef-b05b-25dffc0de218:1] (../lib/sbi/nnrf-handler.c:940)
08/03 20:54:44.432: [sbi] INFO: (NRF-notify) NF registered [d918305e-51c9-41ef-b05b-25dffc0de218:1] (../lib/sbi/nnrf-handler.c:926)
08/03 20:54:44.432: [sbi] INFO: [UDR] (NRF-notify) NF Profile updated [d918305e-51c9-41ef-b05b-25dffc0de218:1] (../lib/sbi/nnrf-handler.c:940)
Open5GS daemon v2.7.0-96-g322719f

08/06 15:33:36.825: [app] INFO: Configuration: '/open5gs/install/etc/open5gs/udm.yaml' (../lib/app/ogs-init.c:130)
08/06 15:33:36.825: [app] INFO: File Logging: '/open5gs/install/var/log/open5gs/udm.log' (../lib/app/ogs-init.c:133)
08/06 15:33:36.827: [sbi] WARNING: unknown key `service_name` (../lib/sbi/context.c:479)
08/06 15:33:36.827: [sbi] INFO: NF Service [nudm-ueau] (../lib/sbi/context.c:1812)
08/06 15:33:36.827: [sbi] INFO: NF Service [nudm-uecm] (../lib/sbi/context.c:1812)
08/06 15:33:36.827: [sbi] INFO: NF Service [nudm-sdm] (../lib/sbi/context.c:1812)
08/06 15:33:36.829: [sbi] INFO: nghttp2_server() [http://172.22.0.40]:7777 (../lib/sbi/nghttp2-server.c:414)
08/06 15:33:36.829: [app] INFO: UDM initialize...done (../src/udm/app.c:31)
08/06 15:33:37.000: [sbi] INFO: [7bf2aa40-53f8-41ef-8beb-8f317382f8e3] NF registered [Heartbeat:10s] (../lib/sbi/nf-sm.c:221)
08/06 15:33:37.002: [sbi] INFO: [7c0d323e-53f8-41ef-a98a-8b2dbc6ee6ce] Subscription created until 2024-08-07T15:33:37.000920+02:00 [duration:86400,validity:86399.998890,patch:43199.999445] (../lib/sbi/nnrf-handler.c:710)
08/06 15:33:37.002: [sbi] INFO: [7c0d389c-53f8-41ef-a98a-8b2dbc6ee6ce] Subscription created until 2024-08-07T15:33:37.001083+02:00 [duration:86400,validity:86399.999001,patch:43199.999500] (../lib/sbi/nnrf-handler.c:710)
Open5GS daemon v2.7.0-96-g322719f

08/06 15:33:37.104: [app] INFO: Configuration: '/open5gs/install/etc/open5gs/udm.yaml' (../lib/app/ogs-init.c:130)
08/06 15:33:37.104: [app] INFO: File Logging: '/open5gs/install/var/log/open5gs/udm.log' (../lib/app/ogs-init.c:133)
08/06 15:33:37.107: [sbi] WARNING: unknown key `service_name` (../lib/sbi/context.c:479)
08/06 15:33:37.109: [sbi] INFO: NF Service [nudm-ueau] (../lib/sbi/context.c:1812)
08/06 15:33:37.109: [sbi] INFO: NF Service [nudm-uecm] (../lib/sbi/context.c:1812)
08/06 15:33:37.109: [sbi] INFO: NF Service [nudm-sdm] (../lib/sbi/context.c:1812)
08/06 15:33:37.109: [sbi] INFO: nghttp2_server() [http://172.22.0.13]:7777 (../lib/sbi/nghttp2-server.c:414)
08/06 15:33:37.111: [app] INFO: UDM initialize...done (../src/udm/app.c:31)
08/06 15:33:37.113: [sbi] INFO: [7c1d65fa-53f8-41ef-9168-5922a7f8b665] NF registered [Heartbeat:10s] (../lib/sbi/nf-sm.c:221)
08/06 15:33:37.115: [sbi] INFO: [7c1e86f6-53f8-41ef-a98a-8b2dbc6ee6ce] Subscription created until 2024-08-07T15:33:37.114507+02:00 [duration:86400,validity:86399.999377,patch:43199.999688] (../lib/sbi/nnrf-handler.c:710)
08/06 15:33:37.115: [sbi] INFO: [7c1e89ee-53f8-41ef-a98a-8b2dbc6ee6ce] Subscription created until 2024-08-07T15:33:37.114575+02:00 [duration:86400,validity:86399.999386,patch:43199.999693] (../lib/sbi/nnrf-handler.c:710)
08/06 15:33:46.728: [sbi] INFO: (NRF-notify) NF registered [81d90cd8-53f8-41ef-92e5-51904b5ba32a:1] (../lib/sbi/nnrf-handler.c:926)
08/06 15:33:46.728: [sbi] INFO: [UDR] (NRF-notify) NF Profile updated [81d90cd8-53f8-41ef-92e5-51904b5ba32a:1] (../lib/sbi/nnrf-handler.c:940)
08/06 15:33:46.729: [sbi] INFO: (NRF-notify) NF registered [81d90cd8-53f8-41ef-92e5-51904b5ba32a:1] (../lib/sbi/nnrf-handler.c:926)
08/06 15:33:46.729: [sbi] INFO: [UDR] (NRF-notify) NF Profile updated [81d90cd8-53f8-41ef-92e5-51904b5ba32a:1] (../lib/sbi/nnrf-handler.c:940)
Open5GS daemon v2.7.0-96-g322719f

08/06 15:38:07.873: [app] INFO: Configuration: '/open5gs/install/etc/open5gs/udm.yaml' (../lib/app/ogs-init.c:130)
08/06 15:38:07.873: [app] INFO: File Logging: '/open5gs/install/var/log/open5gs/udm.log' (../lib/app/ogs-init.c:133)
08/06 15:38:07.875: [sbi] WARNING: unknown key `service_name` (../lib/sbi/context.c:479)
08/06 15:38:07.875: [sbi] INFO: NF Service [nudm-ueau] (../lib/sbi/context.c:1812)
08/06 15:38:07.875: [sbi] INFO: NF Service [nudm-uecm] (../lib/sbi/context.c:1812)
08/06 15:38:07.875: [sbi] INFO: NF Service [nudm-sdm] (../lib/sbi/context.c:1812)
08/06 15:38:07.875: [sbi] INFO: nghttp2_server() [http://172.22.0.13]:7777 (../lib/sbi/nghttp2-server.c:414)
08/06 15:38:07.875: [app] INFO: UDM initialize...done (../src/udm/app.c:31)
08/06 15:38:07.878: [sbi] INFO: [1d814ef2-53f9-41ef-b60a-1bd30d8d29a9] NF registered [Heartbeat:10s] (../lib/sbi/nf-sm.c:221)
08/06 15:38:07.880: [sbi] INFO: [1d8203ce-53f9-41ef-b1c7-a918980e7020] Subscription created until 2024-08-07T15:38:07.879688+02:00 [duration:86400,validity:86399.999303,patch:43199.999651] (../lib/sbi/nnrf-handler.c:710)
08/06 15:38:07.880: [sbi] INFO: [1d8206a8-53f9-41ef-b1c7-a918980e7020] Subscription created until 2024-08-07T15:38:07.879752+02:00 [duration:86400,validity:86399.999029,patch:43199.999514] (../lib/sbi/nnrf-handler.c:710)
Open5GS daemon v2.7.0-96-g322719f

08/06 15:38:07.947: [app] INFO: Configuration: '/open5gs/install/etc/open5gs/udm.yaml' (../lib/app/ogs-init.c:130)
08/06 15:38:07.947: [app] INFO: File Logging: '/open5gs/install/var/log/open5gs/udm.log' (../lib/app/ogs-init.c:133)
08/06 15:38:07.949: [sbi] WARNING: unknown key `service_name` (../lib/sbi/context.c:479)
08/06 15:38:07.949: [sbi] INFO: NF Service [nudm-ueau] (../lib/sbi/context.c:1812)
08/06 15:38:07.949: [sbi] INFO: NF Service [nudm-uecm] (../lib/sbi/context.c:1812)
08/06 15:38:07.949: [sbi] INFO: NF Service [nudm-sdm] (../lib/sbi/context.c:1812)
08/06 15:38:07.950: [sbi] INFO: nghttp2_server() [http://172.22.0.40]:7777 (../lib/sbi/nghttp2-server.c:414)
08/06 15:38:07.950: [app] INFO: UDM initialize...done (../src/udm/app.c:31)
08/06 15:38:07.951: [sbi] INFO: [1d8cb0a8-53f9-41ef-bae9-b588a167a96e] NF registered [Heartbeat:10s] (../lib/sbi/nf-sm.c:221)
08/06 15:38:07.952: [sbi] INFO: [1d8d0972-53f9-41ef-b1c7-a918980e7020] Subscription created until 2024-08-07T15:38:07.951918+02:00 [duration:86400,validity:86399.999520,patch:43199.999760] (../lib/sbi/nnrf-handler.c:710)
08/06 15:38:07.952: [sbi] INFO: [1d8d0f80-53f9-41ef-b1c7-a918980e7020] Subscription created until 2024-08-07T15:38:07.952070+02:00 [duration:86400,validity:86399.999642,patch:43199.999821] (../lib/sbi/nnrf-handler.c:710)
08/06 15:38:18.258: [sbi] INFO: (NRF-notify) NF registered [23b15966-53f9-41ef-8a92-6f67d4ac1014:1] (../lib/sbi/nnrf-handler.c:926)
08/06 15:38:18.258: [sbi] INFO: [UDR] (NRF-notify) NF Profile updated [23b15966-53f9-41ef-8a92-6f67d4ac1014:1] (../lib/sbi/nnrf-handler.c:940)
08/06 15:38:18.259: [sbi] INFO: (NRF-notify) NF registered [23b15966-53f9-41ef-8a92-6f67d4ac1014:1] (../lib/sbi/nnrf-handler.c:926)
08/06 15:38:18.259: [sbi] INFO: [UDR] (NRF-notify) NF Profile updated [23b15966-53f9-41ef-8a92-6f67d4ac1014:1] (../lib/sbi/nnrf-handler.c:940)
Open5GS daemon v2.7.0-96-g322719f

08/06 15:49:37.324: [app] INFO: Configuration: '/open5gs/install/etc/open5gs/udm.yaml' (../lib/app/ogs-init.c:130)
08/06 15:49:37.324: [app] INFO: File Logging: '/open5gs/install/var/log/open5gs/udm.log' (../lib/app/ogs-init.c:133)
08/06 15:49:37.327: [sbi] WARNING: unknown key `service_name` (../lib/sbi/context.c:479)
08/06 15:49:37.327: [sbi] INFO: NF Service [nudm-ueau] (../lib/sbi/context.c:1812)
08/06 15:49:37.327: [sbi] INFO: NF Service [nudm-uecm] (../lib/sbi/context.c:1812)
08/06 15:49:37.327: [sbi] INFO: NF Service [nudm-sdm] (../lib/sbi/context.c:1812)
08/06 15:49:37.327: [sbi] INFO: nghttp2_server() [http://172.22.0.13]:7777 (../lib/sbi/nghttp2-server.c:414)
08/06 15:49:37.333: [app] INFO: UDM initialize...done (../src/udm/app.c:31)
Open5GS daemon v2.7.0-96-g322719f

08/06 15:49:37.539: [app] INFO: Configuration: '/open5gs/install/etc/open5gs/udm.yaml' (../lib/app/ogs-init.c:130)
08/06 15:49:37.539: [app] INFO: File Logging: '/open5gs/install/var/log/open5gs/udm.log' (../lib/app/ogs-init.c:133)
08/06 15:49:37.541: [sbi] WARNING: unknown key `service_name` (../lib/sbi/context.c:479)
08/06 15:49:37.541: [sbi] INFO: NF Service [nudm-ueau] (../lib/sbi/context.c:1812)
08/06 15:49:37.541: [sbi] INFO: NF Service [nudm-uecm] (../lib/sbi/context.c:1812)
08/06 15:49:37.541: [sbi] INFO: NF Service [nudm-sdm] (../lib/sbi/context.c:1812)
08/06 15:49:37.541: [sbi] INFO: nghttp2_server() [http://172.22.0.40]:7777 (../lib/sbi/nghttp2-server.c:414)
08/06 15:49:37.541: [app] INFO: UDM initialize...done (../src/udm/app.c:31)
08/06 15:49:37.665: [sbi] INFO: [b873621e-53fa-41ef-b626-eb6977717410] NF registered [Heartbeat:10s] (../lib/sbi/nf-sm.c:221)
08/06 15:49:37.665: [sbi] INFO: [b893f948-53fa-41ef-9039-79a3e685b4ca] NF registered [Heartbeat:10s] (../lib/sbi/nf-sm.c:221)
08/06 15:49:37.667: [sbi] INFO: [b8a73116-53fa-41ef-a5a1-d33a905bdf40] Subscription created until 2024-08-07T15:49:37.666904+02:00 [duration:86400,validity:86399.999007,patch:43199.999503] (../lib/sbi/nnrf-handler.c:710)
08/06 15:49:37.668: [sbi] INFO: [b8a7338c-53fa-41ef-a5a1-d33a905bdf40] Subscription created until 2024-08-07T15:49:37.666962+02:00 [duration:86400,validity:86399.998896,patch:43199.999448] (../lib/sbi/nnrf-handler.c:710)
08/06 15:49:37.668: [sbi] INFO: [b8a7383c-53fa-41ef-a5a1-d33a905bdf40] Subscription created until 2024-08-07T15:49:37.667081+02:00 [duration:86400,validity:86399.998688,patch:43199.999344] (../lib/sbi/nnrf-handler.c:710)
08/06 15:49:37.668: [sbi] INFO: [b8a739a4-53fa-41ef-a5a1-d33a905bdf40] Subscription created until 2024-08-07T15:49:37.667117+02:00 [duration:86400,validity:86399.998684,patch:43199.999342] (../lib/sbi/nnrf-handler.c:710)
08/06 15:49:48.036: [sbi] INFO: (NRF-notify) NF registered [bed5149a-53fa-41ef-8069-7d391a1ed6fa:1] (../lib/sbi/nnrf-handler.c:926)
08/06 15:49:48.036: [sbi] INFO: [UDR] (NRF-notify) NF Profile updated [bed5149a-53fa-41ef-8069-7d391a1ed6fa:1] (../lib/sbi/nnrf-handler.c:940)
08/06 15:49:48.036: [sbi] INFO: (NRF-notify) NF registered [bed5149a-53fa-41ef-8069-7d391a1ed6fa:1] (../lib/sbi/nnrf-handler.c:926)
08/06 15:49:48.036: [sbi] INFO: [UDR] (NRF-notify) NF Profile updated [bed5149a-53fa-41ef-8069-7d391a1ed6fa:1] (../lib/sbi/nnrf-handler.c:940)
